This file contains any messages produced by compilers while
running configure, to aid debugging if configure makes a mistake.

It was created by Bitoreum Core configure 1.3.17, which was
generated by GNU Autoconf 2.71.  Invocation command line was

  $ ./configure --prefix=/Users/marius/src/btm/depends/x86_64-apple-darwin20.5.0 --disable-shared --with-pic --with-bignum=no --enable-module-recovery --disable-jni --no-create --no-recursion

## --------- ##
## Platform. ##
## --------- ##

hostname = Mariuss-iMac-Pro.local
uname -m = x86_64
uname -r = 20.5.0
uname -s = Darwin
uname -v = Darwin Kernel Version 20.5.0: Sat May  8 05:10:33 PDT 2021; root:xnu-7195.121.3~9/RELEASE_X86_64

/usr/bin/uname -p = i386
/bin/uname -X     = unknown

/bin/arch              = unknown
/usr/bin/arch -k       = unknown
/usr/convex/getsysinfo = unknown
/usr/bin/hostinfo      = Mach kernel version:
	 Darwin Kernel Version 20.5.0: Sat May  8 05:10:33 PDT 2021; root:xnu-7195.121.3~9/RELEASE_X86_64
Kernel configured for up to 12 processors.
6 processors are physically available.
12 processors are logically available.
Processor type: x86_64h (Intel x86-64h Haswell)
Processors active: 0 1 2 3 4 5 6 7 8 9 10 11
Primary memory available: 32.00 gigabytes
Default processor set: 662 tasks, 3269 threads, 12 processors
Load average: 2.14, Mach factor: 9.85
/bin/machine           = unknown
/usr/bin/oslevel       = unknown
/bin/universe          = unknown

PATH: /usr/local/opt/python@3.7/bin/
PATH: /usr/local/bin/
PATH: /usr/bin/
PATH: /bin/
PATH: /usr/sbin/
PATH: /sbin/


## ----------- ##
## Core tests. ##
## ----------- ##

configure:3435: looking for aux files: compile ltmain.sh missing install-sh config.guess config.sub
configure:3448:  trying ./build-aux/
configure:3477:   ./build-aux/compile found
configure:3477:   ./build-aux/ltmain.sh found
configure:3477:   ./build-aux/missing found
configure:3459:   ./build-aux/install-sh found
configure:3477:   ./build-aux/config.guess found
configure:3477:   ./build-aux/config.sub found
configure:3611: checking build system type
configure:3626: result: x86_64-apple-darwin20.5.0
configure:3646: checking host system type
configure:3660: result: x86_64-apple-darwin20.5.0
configure:3704: checking for a BSD-compatible install
configure:3777: result: /usr/bin/install -c
configure:3788: checking whether build environment is sane
configure:3843: result: yes
configure:4002: checking for a race-free mkdir -p
configure:4046: result: ./build-aux/install-sh -c -d
configure:4053: checking for gawk
configure:4088: result: no
configure:4053: checking for mawk
configure:4088: result: no
configure:4053: checking for nawk
configure:4088: result: no
configure:4053: checking for awk
configure:4074: found /usr/bin/awk
configure:4085: result: awk
configure:4096: checking whether make sets $(MAKE)
configure:4119: result: yes
configure:4149: checking whether make supports nested variables
configure:4167: result: yes
configure:4300: checking whether to enable maintainer-specific portions of Makefiles
configure:4310: result: yes
configure:4336: checking whether make supports nested variables
configure:4354: result: yes
configure:4440: checking for g++
configure:4461: found /usr/bin/g++
configure:4472: result: g++
configure:4499: checking for C++ compiler version
configure:4508: g++ --version >&5
Apple clang version 12.0.5 (clang-1205.0.22.11)
Target: x86_64-apple-darwin20.5.0
Thread model: posix
InstalledDir: /Library/Developer/CommandLineTools/usr/bin
Configured with: --prefix=/Library/Developer/CommandLineTools/usr --with-gxx-include-dir=/Library/Developer/CommandLineTools/SDKs/MacOSX.sdk/usr/include/c++/4.2.1
configure:4519: $? = 0
configure:4508: g++ -v >&5
Configured with: --prefix=/Library/Developer/CommandLineTools/usr --with-gxx-include-dir=/Library/Developer/CommandLineTools/SDKs/MacOSX.sdk/usr/include/c++/4.2.1
Apple clang version 12.0.5 (clang-1205.0.22.11)
Target: x86_64-apple-darwin20.5.0
Thread model: posix
InstalledDir: /Library/Developer/CommandLineTools/usr/bin
configure:4519: $? = 0
configure:4508: g++ -V >&5
clang: error: argument to '-V' is missing (expected 1 value)
clang: error: no input files
configure:4519: $? = 1
configure:4508: g++ -qversion >&5
clang: error: unknown argument '-qversion'; did you mean '--version'?
clang: error: no input files
configure:4519: $? = 1
configure:4539: checking whether the C++ compiler works
configure:4561: g++    conftest.cpp  >&5
configure:4565: $? = 0
configure:4615: result: yes
configure:4618: checking for C++ compiler default output file name
configure:4620: result: a.out
configure:4626: checking for suffix of executables
configure:4633: g++ -o conftest    conftest.cpp  >&5
configure:4637: $? = 0
configure:4660: result: 
configure:4682: checking whether we are cross compiling
configure:4690: g++ -o conftest    conftest.cpp  >&5
configure:4694: $? = 0
configure:4701: ./conftest
configure:4705: $? = 0
configure:4720: result: no
configure:4725: checking for suffix of object files
configure:4748: g++ -c   conftest.cpp >&5
configure:4752: $? = 0
configure:4774: result: o
configure:4778: checking whether the compiler supports GNU C++
configure:4798: g++ -c   conftest.cpp >&5
configure:4798: $? = 0
configure:4808: result: yes
configure:4819: checking whether g++ accepts -g
configure:4840: g++ -c -g  conftest.cpp >&5
configure:4840: $? = 0
configure:4884: result: yes
configure:4904: checking for g++ option to enable C++11 features
configure:4919: g++  -c -g -O2  conftest.cpp >&5
conftest.cpp:55:3: error: "Compiler does not advertise C++11 conformance"
# error "Compiler does not advertise C++11 conformance"
  ^
conftest.cpp:60:3: error: unknown type name 'constexpr'
  constexpr int get_val() { return 20; }
  ^
conftest.cpp:72:17: error: delegating constructors are permitted only in C++11
    delegate(): delegate(2354) {}
                ^~~~~~~~
conftest.cpp:83:26: warning: 'override' keyword is a C++11 extension [-Wc++11-extensions]
    virtual int getval() override final { return this->n * 2; }
                         ^
conftest.cpp:83:35: warning: 'final' keyword is a C++11 extension [-Wc++11-extensions]
    virtual int getval() override final { return this->n * 2; }
                                  ^
conftest.cpp:90:16: warning: defaulted function definitions are a C++11 extension [-Wc++11-extensions]
    nocopy() = default;
               ^
conftest.cpp:91:29: warning: deleted function definitions are a C++11 extension [-Wc++11-extensions]
    nocopy(const nocopy&) = delete;
                            ^
conftest.cpp:92:41: warning: deleted function definitions are a C++11 extension [-Wc++11-extensions]
    nocopy & operator=(const nocopy&) = delete;
                                        ^
conftest.cpp:104:25: warning: 'auto' type specifier is a C++11 extension [-Wc++11-extensions]
  template <typename V> auto sum(V first) -> V
                        ^
conftest.cpp:104:25: error: 'auto' not allowed in function return type
  template <typename V> auto sum(V first) -> V
                        ^~~~
conftest.cpp:104:42: error: expected ';' at end of declaration
  template <typename V> auto sum(V first) -> V
                                         ^
                                         ;
conftest.cpp:104:43: error: cannot use arrow operator on a type
  template <typename V> auto sum(V first) -> V
                                          ^
conftest.cpp:108:33: warning: variadic templates are a C++11 extension [-Wc++11-extensions]
  template <typename V, typename... Args> auto sum(V first, Args... rest) -> V
                                ^
conftest.cpp:108:43: warning: 'auto' type specifier is a C++11 extension [-Wc++11-extensions]
  template <typename V, typename... Args> auto sum(V first, Args... rest) -> V
                                          ^
conftest.cpp:108:43: error: 'auto' not allowed in function return type
  template <typename V, typename... Args> auto sum(V first, Args... rest) -> V
                                          ^~~~
conftest.cpp:108:74: error: expected ';' at end of declaration
  template <typename V, typename... Args> auto sum(V first, Args... rest) -> V
                                                                         ^
                                                                         ;
conftest.cpp:108:75: error: cannot use arrow operator on a type
  template <typename V, typename... Args> auto sum(V first, Args... rest) -> V
                                                                          ^
conftest.cpp:132:3: warning: 'auto' type specifier is a C++11 extension [-Wc++11-extensions]
  auto a1 = 6538;
  ^
conftest.cpp:133:3: warning: 'auto' type specifier is a C++11 extension [-Wc++11-extensions]
  auto a2 = 48573953.4;
  ^
conftest.cpp:134:3: warning: 'auto' type specifier is a C++11 extension [-Wc++11-extensions]
  auto a3 = "String literal";
  ^
conftest.cpp:137:8: warning: 'auto' type specifier is a C++11 extension [-Wc++11-extensions]
  for (auto i = a3; *i; ++i) { total += *i; }
       ^
conftest.cpp:153:8: warning: 'auto' type specifier is a C++11 extension [-Wc++11-extensions]
  for (auto &x : array) { x += 23; }
       ^
conftest.cpp:153:16: warning: range-based for loop is a C++11 extension [-Wc++11-extensions]
  for (auto &x : array) { x += 23; }
               ^
conftest.cpp:158:17: error: expected expression
  assert (eval ([](int x) { return x*2; }, 21) == 42);
                ^
conftest.cpp:160:17: error: expected expression
  assert (eval ([&](double x) { return d += x; }, 3.0) == 5.0);
                ^
conftest.cpp:162:17: error: expected expression
  assert (eval ([=](double x) mutable { return d += x; }, 4.0) == 9.0);
                ^
conftest.cpp:168:3: warning: 'auto' type specifier is a C++11 extension [-Wc++11-extensions]
  auto a = sum(1);
  ^
conftest.cpp:168:12: error: no matching function for call to 'sum'
  auto a = sum(1);
           ^~~
conftest.cpp:169:3: warning: 'auto' type specifier is a C++11 extension [-Wc++11-extensions]
  auto b = sum(1, 2);
  ^
conftest.cpp:169:12: error: no matching function for call to 'sum'
  auto b = sum(1, 2);
           ^~~
conftest.cpp:170:3: warning: 'auto' type specifier is a C++11 extension [-Wc++11-extensions]
  auto c = sum(1.0, 2.0, 3.0);
  ^
conftest.cpp:170:12: error: no matching function for call to 'sum'
  auto c = sum(1.0, 2.0, 3.0);
           ^~~
conftest.cpp:175:25: warning: empty parentheses interpreted as a function declaration [-Wvexing-parse]
  cxx11test::delegate d2();
                        ^~
conftest.cpp:175:25: note: remove parentheses to declare a variable
  cxx11test::delegate d2();
                        ^~
conftest.cpp:188:16: error: found '<::' after a template name which forms the digraph '<:' (aka '[') and a ':', did you mean '< ::'?
  test_template<::test_template<int>> v(test_template<int>(12));
               ^~~
               < ::
conftest.cpp:188:36: error: a space is required between consecutive right angle brackets (use '> >')
  test_template<::test_template<int>> v(test_template<int>(12));
                                   ^~
                                   > >
conftest.cpp:192:22: error: use of undeclared identifier 'u8'
  char const *utf8 = u8"UTF-8 string \u2500";
                     ^
conftest.cpp:192:24: error: expected ';' at end of declaration
  char const *utf8 = u8"UTF-8 string \u2500";
                       ^
                       ;
fatal error: too many errors emitted, stopping now [-ferror-limit=]
18 warnings and 20 errors generated.
configure:4919: $? = 1
configure: failed program was:
| /* confdefs.h */
| #define PACKAGE_NAME "Bitoreum Core"
| #define PACKAGE_TARNAME "bitoreumcore"
| #define PACKAGE_VERSION "1.3.17"
| #define PACKAGE_STRING "Bitoreum Core 1.3.17"
| #define PACKAGE_BUGREPORT "https://github.com/bugahost/bitoreum/issues"
| #define PACKAGE_URL "https://bitoreum.org/"
| /* end confdefs.h.  */
| 
| // Does the compiler advertise C++98 conformance?
| #if !defined __cplusplus || __cplusplus < 199711L
| # error "Compiler does not advertise C++98 conformance"
| #endif
| 
| // These inclusions are to reject old compilers that
| // lack the unsuffixed header files.
| #include <cstdlib>
| #include <exception>
| 
| // <cassert> and <cstring> are *not* freestanding headers in C++98.
| extern void assert (int);
| namespace std {
|   extern int strcmp (const char *, const char *);
| }
| 
| // Namespaces, exceptions, and templates were all added after "C++ 2.0".
| using std::exception;
| using std::strcmp;
| 
| namespace {
| 
| void test_exception_syntax()
| {
|   try {
|     throw "test";
|   } catch (const char *s) {
|     // Extra parentheses suppress a warning when building autoconf itself,
|     // due to lint rules shared with more typical C programs.
|     assert (!(strcmp) (s, "test"));
|   }
| }
| 
| template <typename T> struct test_template
| {
|   T const val;
|   explicit test_template(T t) : val(t) {}
|   template <typename U> T add(U u) { return static_cast<T>(u) + val; }
| };
| 
| } // anonymous namespace
| 
| 
| // Does the compiler advertise C++ 2011 conformance?
| #if !defined __cplusplus || __cplusplus < 201103L
| # error "Compiler does not advertise C++11 conformance"
| #endif
| 
| namespace cxx11test
| {
|   constexpr int get_val() { return 20; }
| 
|   struct testinit
|   {
|     int i;
|     double d;
|   };
| 
|   class delegate
|   {
|   public:
|     delegate(int n) : n(n) {}
|     delegate(): delegate(2354) {}
| 
|     virtual int getval() { return this->n; };
|   protected:
|     int n;
|   };
| 
|   class overridden : public delegate
|   {
|   public:
|     overridden(int n): delegate(n) {}
|     virtual int getval() override final { return this->n * 2; }
|   };
| 
|   class nocopy
|   {
|   public:
|     nocopy(int i): i(i) {}
|     nocopy() = default;
|     nocopy(const nocopy&) = delete;
|     nocopy & operator=(const nocopy&) = delete;
|   private:
|     int i;
|   };
| 
|   // for testing lambda expressions
|   template <typename Ret, typename Fn> Ret eval(Fn f, Ret v)
|   {
|     return f(v);
|   }
| 
|   // for testing variadic templates and trailing return types
|   template <typename V> auto sum(V first) -> V
|   {
|     return first;
|   }
|   template <typename V, typename... Args> auto sum(V first, Args... rest) -> V
|   {
|     return first + sum(rest...);
|   }
| }
| 
| 
| int
| main (int argc, char **argv)
| {
|   int ok = 0;
|   
|   assert (argc);
|   assert (! argv[0]);
| {
|   test_exception_syntax ();
|   test_template<double> tt (2.0);
|   assert (tt.add (4) == 6.0);
|   assert (true && !false);
| }
| 
|   
| {
|   // Test auto and decltype
|   auto a1 = 6538;
|   auto a2 = 48573953.4;
|   auto a3 = "String literal";
| 
|   int total = 0;
|   for (auto i = a3; *i; ++i) { total += *i; }
| 
|   decltype(a2) a4 = 34895.034;
| }
| {
|   // Test constexpr
|   short sa[cxx11test::get_val()] = { 0 };
| }
| {
|   // Test initializer lists
|   cxx11test::testinit il = { 4323, 435234.23544 };
| }
| {
|   // Test range-based for
|   int array[] = {9, 7, 13, 15, 4, 18, 12, 10, 5, 3,
|                  14, 19, 17, 8, 6, 20, 16, 2, 11, 1};
|   for (auto &x : array) { x += 23; }
| }
| {
|   // Test lambda expressions
|   using cxx11test::eval;
|   assert (eval ([](int x) { return x*2; }, 21) == 42);
|   double d = 2.0;
|   assert (eval ([&](double x) { return d += x; }, 3.0) == 5.0);
|   assert (d == 5.0);
|   assert (eval ([=](double x) mutable { return d += x; }, 4.0) == 9.0);
|   assert (d == 5.0);
| }
| {
|   // Test use of variadic templates
|   using cxx11test::sum;
|   auto a = sum(1);
|   auto b = sum(1, 2);
|   auto c = sum(1.0, 2.0, 3.0);
| }
| {
|   // Test constructor delegation
|   cxx11test::delegate d1;
|   cxx11test::delegate d2();
|   cxx11test::delegate d3(45);
| }
| {
|   // Test override and final
|   cxx11test::overridden o1(55464);
| }
| {
|   // Test nullptr
|   char *c = nullptr;
| }
| {
|   // Test template brackets
|   test_template<::test_template<int>> v(test_template<int>(12));
| }
| {
|   // Unicode literals
|   char const *utf8 = u8"UTF-8 string \u2500";
|   char16_t const *utf16 = u"UTF-8 string \u2500";
|   char32_t const *utf32 = U"UTF-32 string \u2500";
| }
| 
|   return ok;
| }
| 
configure:4937: result: none needed
configure:5004: checking whether make supports the include directive
configure:5019: make -f confmf.GNU && cat confinc.out
this is the am__doit target
configure:5022: $? = 0
configure:5041: result: yes (GNU style)
configure:5067: checking dependency style of g++
configure:5179: result: gcc3
configure:5217: checking whether g++ supports C++14 features with -std=c++14
configure:5634: g++ -std=c++14 -c -g -O2  conftest.cpp >&5
configure:5634: $? = 0
configure:5644: result: yes
configure:5688: checking whether std::atomic can be used without link library
configure:5706: g++ -std=c++14 -o conftest -g -O2   conftest.cpp  >&5
configure:5706: $? = 0
configure:5709: result: yes
configure:5885: checking for Objective C++ compiler version
configure:5894: g++ -std=c++14 --version >&5
Apple clang version 12.0.5 (clang-1205.0.22.11)
Target: x86_64-apple-darwin20.5.0
Thread model: posix
InstalledDir: /Library/Developer/CommandLineTools/usr/bin
configure:5905: $? = 0
configure:5894: g++ -std=c++14 -v >&5
Apple clang version 12.0.5 (clang-1205.0.22.11)
Target: x86_64-apple-darwin20.5.0
Thread model: posix
InstalledDir: /Library/Developer/CommandLineTools/usr/bin
clang: warning: argument unused during compilation: '-std=c++14' [-Wunused-command-line-argument]
configure:5905: $? = 0
configure:5894: g++ -std=c++14 -V >&5
clang: error: argument to '-V' is missing (expected 1 value)
clang: error: no input files
configure:5905: $? = 1
configure:5894: g++ -std=c++14 -qversion >&5
clang: error: unknown argument '-qversion'; did you mean '--version'?
clang: error: no input files
configure:5905: $? = 1
configure:5909: checking whether the compiler supports GNU Objective C++
configure:5929: g++ -std=c++14 -c   conftest.mm >&5
configure:5929: $? = 0
configure:5939: result: yes
configure:5950: checking whether g++ -std=c++14 accepts -g
configure:5971: g++ -std=c++14 -c -g  conftest.mm >&5
configure:5971: $? = 0
configure:6015: result: yes
configure:6040: checking dependency style of g++ -std=c++14
configure:6150: result: gcc3
configure:6214: checking how to print strings
configure:6241: result: printf
configure:6324: checking for gcc
configure:6345: found /usr/bin/gcc
configure:6356: result: gcc
configure:6709: checking for C compiler version
configure:6718: gcc --version >&5
Apple clang version 12.0.5 (clang-1205.0.22.11)
Target: x86_64-apple-darwin20.5.0
Thread model: posix
InstalledDir: /Library/Developer/CommandLineTools/usr/bin
Configured with: --prefix=/Library/Developer/CommandLineTools/usr --with-gxx-include-dir=/Library/Developer/CommandLineTools/SDKs/MacOSX.sdk/usr/include/c++/4.2.1
configure:6729: $? = 0
configure:6718: gcc -v >&5
Configured with: --prefix=/Library/Developer/CommandLineTools/usr --with-gxx-include-dir=/Library/Developer/CommandLineTools/SDKs/MacOSX.sdk/usr/include/c++/4.2.1
Apple clang version 12.0.5 (clang-1205.0.22.11)
Target: x86_64-apple-darwin20.5.0
Thread model: posix
InstalledDir: /Library/Developer/CommandLineTools/usr/bin
configure:6729: $? = 0
configure:6718: gcc -V >&5
clang: error: argument to '-V' is missing (expected 1 value)
clang: error: no input files
configure:6729: $? = 1
configure:6718: gcc -qversion >&5
clang: error: unknown argument '-qversion'; did you mean '--version'?
clang: error: no input files
configure:6729: $? = 1
configure:6718: gcc -version >&5
clang: error: unknown argument '-version'; did you mean '--version'?
clang: error: no input files
configure:6729: $? = 1
configure:6733: checking whether the compiler supports GNU C
configure:6753: gcc -c   conftest.c >&5
configure:6753: $? = 0
configure:6763: result: yes
configure:6774: checking whether gcc accepts -g
configure:6795: gcc -c -g  conftest.c >&5
configure:6795: $? = 0
configure:6839: result: yes
configure:6859: checking for gcc option to enable C11 features
configure:6874: gcc  -c -g -O2  conftest.c >&5
configure:6874: $? = 0
configure:6892: result: none needed
configure:7008: checking whether gcc understands -c and -o together
configure:7031: gcc -c conftest.c -o conftest2.o
configure:7034: $? = 0
configure:7031: gcc -c conftest.c -o conftest2.o
configure:7034: $? = 0
configure:7046: result: yes
configure:7065: checking dependency style of gcc
configure:7177: result: gcc3
configure:7192: checking for a sed that does not truncate output
configure:7262: result: /usr/bin/sed
configure:7280: checking for grep that handles long lines and -e
configure:7344: result: /usr/bin/grep
configure:7349: checking for egrep
configure:7417: result: /usr/bin/grep -E
configure:7422: checking for fgrep
configure:7490: result: /usr/bin/grep -F
configure:7526: checking for ld used by gcc
configure:7594: result: /Library/Developer/CommandLineTools/usr/bin/ld
configure:7601: checking if the linker (/Library/Developer/CommandLineTools/usr/bin/ld) is GNU ld
configure:7617: result: no
configure:7629: checking for BSD- or MS-compatible name lister (nm)
configure:7684: result: /usr/bin/nm -B
configure:7824: checking the name lister (/usr/bin/nm -B) interface
configure:7832: gcc -c -g -O2  conftest.c >&5
configure:7835: /usr/bin/nm -B "conftest.o"
configure:7838: output
0000000000000218 S _some_variable
configure:7845: result: BSD nm
configure:7848: checking whether ln -s works
configure:7852: result: yes
configure:7860: checking the maximum length of command line arguments
configure:7992: result: 786432
configure:8040: checking how to convert x86_64-apple-darwin20.5.0 file names to x86_64-apple-darwin20.5.0 format
configure:8081: result: func_convert_file_noop
configure:8088: checking how to convert x86_64-apple-darwin20.5.0 file names to toolchain format
configure:8109: result: func_convert_file_noop
configure:8116: checking for /Library/Developer/CommandLineTools/usr/bin/ld option to reload object files
configure:8124: result: -r
configure:8203: checking for objdump
configure:8224: found /usr/bin/objdump
configure:8235: result: objdump
configure:8267: checking how to recognize dependent libraries
configure:8468: result: pass_all
configure:8558: checking for dlltool
configure:8593: result: no
configure:8623: checking how to associate runtime and link libraries
configure:8651: result: printf %s\n
configure:8717: checking for ar
configure:8738: found /usr/bin/ar
configure:8749: result: ar
configure:8786: checking for archiver @FILE support
configure:8804: gcc -c -g -O2  conftest.c >&5
configure:8804: $? = 0
configure:8808: ar cru libconftest.a @conftest.lst >&5
ar: @conftest.lst: No such file or directory
configure:8811: $? = 1
configure:8831: result: no
configure:8894: checking for strip
configure:8915: found /usr/bin/strip
configure:8926: result: strip
configure:9003: checking for ranlib
configure:9024: found /usr/bin/ranlib
configure:9035: result: ranlib
configure:9137: checking command to parse /usr/bin/nm -B output from gcc object
configure:9291: gcc -c -g -O2  conftest.c >&5
configure:9294: $? = 0
configure:9298: /usr/bin/nm -B conftest.o \| sed -n -e 's/^.*[ ]\([BCDEGRST][BCDEGRST]*\)[ ][ ]*\([_A-Za-z][_A-Za-z0-9]*\)$/\1 \2 \2/p' | sed '/ __gnu_lto/d' \> conftest.nm
configure:9301: $? = 0
cannot find nm_test_var in conftest.nm
configure:9291: gcc -c -g -O2  conftest.c >&5
configure:9294: $? = 0
configure:9298: /usr/bin/nm -B conftest.o \| sed -n -e 's/^.*[ ]\([BCDEGRST][BCDEGRST]*\)[ ][ ]*_\([_A-Za-z][_A-Za-z0-9]*\)$/\1 _\2 \2/p' | sed '/ __gnu_lto/d' \> conftest.nm
configure:9301: $? = 0
configure:9367: gcc -o conftest -g -O2   conftest.c conftstm.o >&5
warning: (x86_64)  could not find object file symbol for symbol _main
configure:9370: $? = 0
configure:9408: result: ok
configure:9455: checking for sysroot
configure:9486: result: no
configure:9493: checking for a working dd
configure:9537: result: /bin/dd
configure:9541: checking how to truncate binary pipes
configure:9557: result: /bin/dd bs=4096 count=1
configure:9894: checking for mt
configure:9929: result: no
configure:9949: checking if : is a manifest tool
configure:9956: : '-?'
configure:9964: result: no
configure:10025: checking for dsymutil
configure:10046: found /usr/bin/dsymutil
configure:10057: result: dsymutil
configure:10127: checking for nmedit
configure:10148: found /usr/bin/nmedit
configure:10159: result: nmedit
configure:10229: checking for lipo
configure:10250: found /usr/bin/lipo
configure:10261: result: lipo
configure:10331: checking for otool
configure:10352: found /usr/bin/otool
configure:10363: result: otool
configure:10433: checking for otool64
configure:10468: result: no
configure:10513: checking for -single_module linker flag
gcc -g -O2  -o libconftest.dylib -dynamiclib -Wl,-single_module conftest.c
configure:10547: result: yes
configure:10550: checking for -exported_symbols_list linker flag
configure:10571: gcc -o conftest -g -O2   -Wl,-exported_symbols_list,conftest.sym conftest.c  >&5
configure:10571: $? = 0
configure:10582: result: yes
configure:10585: checking for -force_load linker flag
gcc -g -O2 -c -o conftest.o conftest.c
ar cru libconftest.a conftest.o
ranlib libconftest.a
gcc -g -O2  -o conftest conftest.c -Wl,-force_load,./libconftest.a
configure:10618: result: yes
configure:10689: checking for stdio.h
configure:10689: gcc -c -g -O2  conftest.c >&5
configure:10689: $? = 0
configure:10689: result: yes
configure:10689: checking for stdlib.h
configure:10689: gcc -c -g -O2  conftest.c >&5
configure:10689: $? = 0
configure:10689: result: yes
configure:10689: checking for string.h
configure:10689: gcc -c -g -O2  conftest.c >&5
configure:10689: $? = 0
configure:10689: result: yes
configure:10689: checking for inttypes.h
configure:10689: gcc -c -g -O2  conftest.c >&5
configure:10689: $? = 0
configure:10689: result: yes
configure:10689: checking for stdint.h
configure:10689: gcc -c -g -O2  conftest.c >&5
configure:10689: $? = 0
configure:10689: result: yes
configure:10689: checking for strings.h
configure:10689: gcc -c -g -O2  conftest.c >&5
configure:10689: $? = 0
configure:10689: result: yes
configure:10689: checking for sys/stat.h
configure:10689: gcc -c -g -O2  conftest.c >&5
configure:10689: $? = 0
configure:10689: result: yes
configure:10689: checking for sys/types.h
configure:10689: gcc -c -g -O2  conftest.c >&5
configure:10689: $? = 0
configure:10689: result: yes
configure:10689: checking for unistd.h
configure:10689: gcc -c -g -O2  conftest.c >&5
configure:10689: $? = 0
configure:10689: result: yes
configure:10714: checking for dlfcn.h
configure:10714: gcc -c -g -O2  conftest.c >&5
configure:10714: $? = 0
configure:10714: result: yes
configure:10982: checking for objdir
configure:10998: result: .libs
configure:11262: checking if gcc supports -fno-rtti -fno-exceptions
configure:11281: gcc -c -g -O2  -fno-rtti -fno-exceptions conftest.c >&5
configure:11285: $? = 0
configure:11298: result: yes
configure:11656: checking for gcc option to produce PIC
configure:11664: result: -fno-common -DPIC
configure:11672: checking if gcc PIC flag -fno-common -DPIC works
configure:11691: gcc -c -g -O2  -fno-common -DPIC -DPIC conftest.c >&5
configure:11695: $? = 0
configure:11708: result: yes
configure:11737: checking if gcc static flag -static works
configure:11766: result: no
configure:11781: checking if gcc supports -c -o file.o
configure:11803: gcc -c -g -O2  -o out/conftest2.o conftest.c >&5
configure:11807: $? = 0
configure:11829: result: yes
configure:11837: checking if gcc supports -c -o file.o
configure:11885: result: yes
configure:11918: checking whether the gcc linker (/Library/Developer/CommandLineTools/usr/bin/ld) supports shared libraries
configure:13184: result: yes
configure:13425: checking dynamic linker characteristics
configure:14246: result: darwin20.5.0 dyld
configure:14368: checking how to hardcode library paths into programs
configure:14393: result: immediate
configure:14945: checking whether stripping libraries is possible
configure:14959: result: yes
configure:14985: checking if libtool supports shared libraries
configure:14987: result: yes
configure:14990: checking whether to build shared libraries
configure:15015: result: no
configure:15018: checking whether to build static libraries
configure:15022: result: yes
configure:15045: checking how to run the C++ preprocessor
configure:15067: g++ -std=c++14 -E  conftest.cpp
configure:15067: $? = 0
configure:15082: g++ -std=c++14 -E  conftest.cpp
conftest.cpp:22:10: fatal error: 'ac_nonexistent.h' file not found
#include <ac_nonexistent.h>
         ^~~~~~~~~~~~~~~~~~
1 error generated.
configure:15082: $? = 1
configure: failed program was:
| /* confdefs.h */
| #define PACKAGE_NAME "Bitoreum Core"
| #define PACKAGE_TARNAME "bitoreumcore"
| #define PACKAGE_VERSION "1.3.17"
| #define PACKAGE_STRING "Bitoreum Core 1.3.17"
| #define PACKAGE_BUGREPORT "https://github.com/bugahost/bitoreum/issues"
| #define PACKAGE_URL "https://bitoreum.org/"
| #define HAVE_CXX14 1
| #define HAVE_STDIO_H 1
| #define HAVE_STDLIB_H 1
| #define HAVE_STRING_H 1
| #define HAVE_INTTYPES_H 1
| #define HAVE_STDINT_H 1
| #define HAVE_STRINGS_H 1
| #define HAVE_SYS_STAT_H 1
| #define HAVE_SYS_TYPES_H 1
| #define HAVE_UNISTD_H 1
| #define STDC_HEADERS 1
| #define HAVE_DLFCN_H 1
| #define LT_OBJDIR ".libs/"
| /* end confdefs.h.  */
| #include <ac_nonexistent.h>
configure:15109: result: g++ -std=c++14 -E
configure:15123: g++ -std=c++14 -E  conftest.cpp
configure:15123: $? = 0
configure:15138: g++ -std=c++14 -E  conftest.cpp
conftest.cpp:22:10: fatal error: 'ac_nonexistent.h' file not found
#include <ac_nonexistent.h>
         ^~~~~~~~~~~~~~~~~~
1 error generated.
configure:15138: $? = 1
configure: failed program was:
| /* confdefs.h */
| #define PACKAGE_NAME "Bitoreum Core"
| #define PACKAGE_TARNAME "bitoreumcore"
| #define PACKAGE_VERSION "1.3.17"
| #define PACKAGE_STRING "Bitoreum Core 1.3.17"
| #define PACKAGE_BUGREPORT "https://github.com/bugahost/bitoreum/issues"
| #define PACKAGE_URL "https://bitoreum.org/"
| #define HAVE_CXX14 1
| #define HAVE_STDIO_H 1
| #define HAVE_STDLIB_H 1
| #define HAVE_STRING_H 1
| #define HAVE_INTTYPES_H 1
| #define HAVE_STDINT_H 1
| #define HAVE_STRINGS_H 1
| #define HAVE_SYS_STAT_H 1
| #define HAVE_SYS_TYPES_H 1
| #define HAVE_UNISTD_H 1
| #define STDC_HEADERS 1
| #define HAVE_DLFCN_H 1
| #define LT_OBJDIR ".libs/"
| /* end confdefs.h.  */
| #include <ac_nonexistent.h>
configure:15303: checking for ld used by g++ -std=c++14
configure:15371: result: /Library/Developer/CommandLineTools/usr/bin/ld
configure:15378: checking if the linker (/Library/Developer/CommandLineTools/usr/bin/ld) is GNU ld
configure:15394: result: no
configure:15449: checking whether the g++ -std=c++14 linker (/Library/Developer/CommandLineTools/usr/bin/ld) supports shared libraries
configure:16526: result: yes
configure:16562: g++ -std=c++14 -c -g -O2  conftest.cpp >&5
configure:16565: $? = 0
configure:17046: checking for g++ -std=c++14 option to produce PIC
configure:17054: result: -fno-common -DPIC
configure:17062: checking if g++ -std=c++14 PIC flag -fno-common -DPIC works
configure:17081: g++ -std=c++14 -c -g -O2  -fno-common -DPIC -DPIC conftest.cpp >&5
configure:17085: $? = 0
configure:17098: result: yes
configure:17121: checking if g++ -std=c++14 static flag -static works
configure:17150: result: no
configure:17162: checking if g++ -std=c++14 supports -c -o file.o
configure:17184: g++ -std=c++14 -c -g -O2  -o out/conftest2.o conftest.cpp >&5
configure:17188: $? = 0
configure:17210: result: yes
configure:17215: checking if g++ -std=c++14 supports -c -o file.o
configure:17263: result: yes
configure:17293: checking whether the g++ -std=c++14 linker (/Library/Developer/CommandLineTools/usr/bin/ld) supports shared libraries
configure:17333: result: yes
configure:17475: checking dynamic linker characteristics
configure:18223: result: darwin20.5.0 dyld
configure:18288: checking how to hardcode library paths into programs
configure:18313: result: immediate
configure:18426: checking for ar
configure:18449: found /usr/bin/ar
configure:18461: result: /usr/bin/ar
configure:18534: checking for ranlib
configure:18557: found /usr/bin/ranlib
configure:18569: result: /usr/bin/ranlib
configure:18642: checking for strip
configure:18665: found /usr/bin/strip
configure:18677: result: /usr/bin/strip
configure:18750: checking for gcov
configure:18773: found /usr/bin/gcov
configure:18785: result: /usr/bin/gcov
configure:18809: checking for lcov
configure:18847: result: no
configure:18856: checking for python3.7
configure:18879: found /usr/local/opt/python@3.7/bin/python3.7
configure:18891: result: /usr/local/opt/python@3.7/bin/python3.7
configure:18904: checking for genhtml
configure:18942: result: no
configure:18949: checking for git
configure:18972: found /usr/local/bin/git
configure:18984: result: /usr/local/bin/git
configure:18994: checking for ccache
configure:19032: result: no
configure:19039: checking for xgettext
configure:19062: found /usr/local/bin/xgettext
configure:19074: result: /usr/local/bin/xgettext
configure:19084: checking for hexdump
configure:19107: found /usr/bin/hexdump
configure:19119: result: /usr/bin/hexdump
configure:19178: checking for readelf
configure:19216: result: no
configure:19286: checking for c++filt
configure:19309: found /usr/bin/c++filt
configure:19321: result: /usr/bin/c++filt
configure:19394: checking for objcopy
configure:19432: result: no
configure:19502: checking for dsymutil
configure:19525: found /usr/bin/dsymutil
configure:19537: result: /usr/bin/dsymutil
configure:19561: checking for doxygen
configure:19599: result: no
configure:19605: WARNING: Doxygen not found
configure:19895: checking whether C++ compiler accepts -Werror
configure:19915: g++ -std=c++14 -c -g -O2  -Werror  conftest.cpp >&5
configure:19915: $? = 0
configure:19924: result: yes
configure:19959: checking for execinfo.h
configure:19959: g++ -std=c++14 -c -g -O2 -g1 -fno-omit-frame-pointer  conftest.cpp >&5
configure:19959: $? = 0
configure:19959: result: yes
configure:20001: checking whether the linker accepts -Wl,-wrap=__cxa_allocate_exception
configure:20021: g++ -std=c++14 -o conftest -g -O2 -g1 -fno-omit-frame-pointer    -Wl,-wrap=__cxa_allocate_exception conftest.cpp  >&5
ld: unknown option: -wrap=__cxa_allocate_exception
clang: error: linker command failed with exit code 1 (use -v to see invocation)
configure:20021: $? = 1
configure: failed program was:
| /* confdefs.h */
| #define PACKAGE_NAME "Bitoreum Core"
| #define PACKAGE_TARNAME "bitoreumcore"
| #define PACKAGE_VERSION "1.3.17"
| #define PACKAGE_STRING "Bitoreum Core 1.3.17"
| #define PACKAGE_BUGREPORT "https://github.com/bugahost/bitoreum/issues"
| #define PACKAGE_URL "https://bitoreum.org/"
| #define HAVE_CXX14 1
| #define HAVE_STDIO_H 1
| #define HAVE_STDLIB_H 1
| #define HAVE_STRING_H 1
| #define HAVE_INTTYPES_H 1
| #define HAVE_STDINT_H 1
| #define HAVE_STRINGS_H 1
| #define HAVE_SYS_STAT_H 1
| #define HAVE_SYS_TYPES_H 1
| #define HAVE_UNISTD_H 1
| #define STDC_HEADERS 1
| #define HAVE_DLFCN_H 1
| #define LT_OBJDIR ".libs/"
| #define USE_ASM 1
| #define ENABLE_MINER 1
| #define HAVE_EXECINFO_H 1
| #define ENABLE_STACKTRACES 1
| /* end confdefs.h.  */
| 
| int
| main (void)
| {
| 
|   ;
|   return 0;
| }
configure:20031: result: no
configure:20056: checking whether C++ compiler accepts -Wa,-mbig-obj
configure:20076: g++ -std=c++14 -c -g -O2 -g1 -fno-omit-frame-pointer  -Wa,-mbig-obj  conftest.cpp >&5
clang: error: unsupported argument '-mbig-obj' to option 'Wa,'
configure:20076: $? = 1
configure: failed program was:
| /* confdefs.h */
| #define PACKAGE_NAME "Bitoreum Core"
| #define PACKAGE_TARNAME "bitoreumcore"
| #define PACKAGE_VERSION "1.3.17"
| #define PACKAGE_STRING "Bitoreum Core 1.3.17"
| #define PACKAGE_BUGREPORT "https://github.com/bugahost/bitoreum/issues"
| #define PACKAGE_URL "https://bitoreum.org/"
| #define HAVE_CXX14 1
| #define HAVE_STDIO_H 1
| #define HAVE_STDLIB_H 1
| #define HAVE_STRING_H 1
| #define HAVE_INTTYPES_H 1
| #define HAVE_STDINT_H 1
| #define HAVE_STRINGS_H 1
| #define HAVE_SYS_STAT_H 1
| #define HAVE_SYS_TYPES_H 1
| #define HAVE_UNISTD_H 1
| #define STDC_HEADERS 1
| #define HAVE_DLFCN_H 1
| #define LT_OBJDIR ".libs/"
| #define USE_ASM 1
| #define ENABLE_MINER 1
| #define HAVE_EXECINFO_H 1
| #define ENABLE_STACKTRACES 1
| /* end confdefs.h.  */
| 
| int
| main (void)
| {
| 
|   ;
|   return 0;
| }
configure:20085: result: no
configure:20277: checking whether C++ compiler accepts -Wall
configure:20297: g++ -std=c++14 -c -g -O2 -g1 -fno-omit-frame-pointer -Werror -Wall  conftest.cpp >&5
configure:20297: $? = 0
configure:20307: result: yes
configure:20317: checking whether C++ compiler accepts -Wextra
configure:20337: g++ -std=c++14 -c -g -O2 -g1 -fno-omit-frame-pointer -Wall -Werror -Wextra  conftest.cpp >&5
configure:20337: $? = 0
configure:20347: result: yes
configure:20357: checking whether C++ compiler accepts -Wformat
configure:20377: g++ -std=c++14 -c -g -O2 -g1 -fno-omit-frame-pointer -Wall -Wextra -Werror -Wformat  conftest.cpp >&5
configure:20377: $? = 0
configure:20387: result: yes
configure:20397: checking whether C++ compiler accepts -Wvla
configure:20417: g++ -std=c++14 -c -g -O2 -g1 -fno-omit-frame-pointer -Wall -Wextra -Wformat -Werror -Wvla  conftest.cpp >&5
configure:20417: $? = 0
configure:20427: result: yes
configure:20437: checking whether C++ compiler accepts -Wformat-security
configure:20457: g++ -std=c++14 -c -g -O2 -g1 -fno-omit-frame-pointer -Wall -Wextra -Wformat -Wvla -Werror -Wformat-security  conftest.cpp >&5
configure:20457: $? = 0
configure:20467: result: yes
configure:20477: checking whether C++ compiler accepts -Wthread-safety-analysis
configure:20497: g++ -std=c++14 -c -g -O2 -g1 -fno-omit-frame-pointer -Wall -Wextra -Wformat -Wvla -Wformat-security -Werror -Wthread-safety-analysis  conftest.cpp >&5
configure:20497: $? = 0
configure:20507: result: yes
configure:20517: checking whether C++ compiler accepts -Wrange-loop-analysis
configure:20537: g++ -std=c++14 -c -g -O2 -g1 -fno-omit-frame-pointer -Wall -Wextra -Wformat -Wvla -Wformat-security -Wthread-safety-analysis -Werror -Wrange-loop-analysis  conftest.cpp >&5
configure:20537: $? = 0
configure:20547: result: yes
configure:20561: checking whether C++ compiler accepts -Wunused-parameter
configure:20581: g++ -std=c++14 -c -g -O2 -g1 -fno-omit-frame-pointer -Wall -Wextra -Wformat -Wvla -Wformat-security -Wthread-safety-analysis -Werror -Wunused-parameter  conftest.cpp >&5
configure:20581: $? = 0
configure:20591: result: yes
configure:20601: checking whether C++ compiler accepts -Wself-assign
configure:20621: g++ -std=c++14 -c -g -O2 -g1 -fno-omit-frame-pointer -Wall -Wextra -Wformat -Wvla -Wformat-security -Wthread-safety-analysis -Wno-unused-parameter -Werror -Wself-assign  conftest.cpp >&5
configure:20621: $? = 0
configure:20631: result: yes
configure:20641: checking whether C++ compiler accepts -Wunused-local-typedef
configure:20661: g++ -std=c++14 -c -g -O2 -g1 -fno-omit-frame-pointer -Wall -Wextra -Wformat -Wvla -Wformat-security -Wthread-safety-analysis -Wno-unused-parameter -Wno-self-assign -Werror -Wunused-local-typedef  conftest.cpp >&5
configure:20661: $? = 0
configure:20671: result: yes
configure:20681: checking whether C++ compiler accepts -Wdeprecated-register
configure:20701: g++ -std=c++14 -c -g -O2 -g1 -fno-omit-frame-pointer -Wall -Wextra -Wformat -Wvla -Wformat-security -Wthread-safety-analysis -Wno-unused-parameter -Wno-self-assign -Wno-unused-local-typedef -Werror -Wdeprecated-register  conftest.cpp >&5
configure:20701: $? = 0
configure:20711: result: yes
configure:20721: checking whether C++ compiler accepts -Wimplicit-fallthrough
configure:20741: g++ -std=c++14 -c -g -O2 -g1 -fno-omit-frame-pointer -Wall -Wextra -Wformat -Wvla -Wformat-security -Wthread-safety-analysis -Wno-unused-parameter -Wno-self-assign -Wno-unused-local-typedef -Wno-deprecated-register -Werror -Wimplicit-fallthrough  conftest.cpp >&5
configure:20741: $? = 0
configure:20751: result: yes
configure:20773: checking whether C++ compiler accepts -msse4.2
configure:20793: g++ -std=c++14 -c -g -O2 -g1 -fno-omit-frame-pointer -Wall -Wextra -Wformat -Wvla -Wformat-security -Wthread-safety-analysis -Wno-unused-parameter -Wno-self-assign -Wno-unused-local-typedef -Wno-deprecated-register -Wno-implicit-fallthrough -Werror -msse4.2  conftest.cpp >&5
configure:20793: $? = 0
configure:20803: result: yes
configure:20813: checking whether C++ compiler accepts -msse4.1
configure:20833: g++ -std=c++14 -c -g -O2 -g1 -fno-omit-frame-pointer -Wall -Wextra -Wformat -Wvla -Wformat-security -Wthread-safety-analysis -Wno-unused-parameter -Wno-self-assign -Wno-unused-local-typedef -Wno-deprecated-register -Wno-implicit-fallthrough -Werror -msse4.1  conftest.cpp >&5
configure:20833: $? = 0
configure:20843: result: yes
configure:20853: checking whether C++ compiler accepts -mavx -mavx2
configure:20873: g++ -std=c++14 -c -g -O2 -g1 -fno-omit-frame-pointer -Wall -Wextra -Wformat -Wvla -Wformat-security -Wthread-safety-analysis -Wno-unused-parameter -Wno-self-assign -Wno-unused-local-typedef -Wno-deprecated-register -Wno-implicit-fallthrough -Werror -mavx -mavx2  conftest.cpp >&5
configure:20873: $? = 0
configure:20883: result: yes
configure:20893: checking whether C++ compiler accepts -msse4 -msha
configure:20913: g++ -std=c++14 -c -g -O2 -g1 -fno-omit-frame-pointer -Wall -Wextra -Wformat -Wvla -Wformat-security -Wthread-safety-analysis -Wno-unused-parameter -Wno-self-assign -Wno-unused-local-typedef -Wno-deprecated-register -Wno-implicit-fallthrough -Werror -msse4 -msha  conftest.cpp >&5
configure:20913: $? = 0
configure:20923: result: yes
configure:20935: checking for assembler crc32 support
configure:20961: g++ -std=c++14 -c -g -O2 -g1 -fno-omit-frame-pointer -Wall -Wextra -Wformat -Wvla -Wformat-security -Wthread-safety-analysis -Wno-unused-parameter -Wno-self-assign -Wno-unused-local-typedef -Wno-deprecated-register -Wno-implicit-fallthrough -msse4.2  conftest.cpp >&5
configure:20961: $? = 0
configure:20963: result: yes
configure:20975: checking for SSE4.1 intrinsics
configure:20994: g++ -std=c++14 -c -g -O2 -g1 -fno-omit-frame-pointer -Wall -Wextra -Wformat -Wvla -Wformat-security -Wthread-safety-analysis -Wno-unused-parameter -Wno-self-assign -Wno-unused-local-typedef -Wno-deprecated-register -Wno-implicit-fallthrough -msse4.1  conftest.cpp >&5
configure:20994: $? = 0
configure:20996: result: yes
configure:21010: checking for AVX2 intrinsics
configure:21029: g++ -std=c++14 -c -g -O2 -g1 -fno-omit-frame-pointer -Wall -Wextra -Wformat -Wvla -Wformat-security -Wthread-safety-analysis -Wno-unused-parameter -Wno-self-assign -Wno-unused-local-typedef -Wno-deprecated-register -Wno-implicit-fallthrough -mavx -mavx2  conftest.cpp >&5
configure:21029: $? = 0
configure:21031: result: yes
configure:21045: checking for SHA-NI intrinsics
configure:21066: g++ -std=c++14 -c -g -O2 -g1 -fno-omit-frame-pointer -Wall -Wextra -Wformat -Wvla -Wformat-security -Wthread-safety-analysis -Wno-unused-parameter -Wno-self-assign -Wno-unused-local-typedef -Wno-deprecated-register -Wno-implicit-fallthrough -msse4 -msha  conftest.cpp >&5
conftest.cpp:37:13: warning: unused variable 'j' [-Wunused-variable]
    __m128i j = _mm_set1_epi32(1);
            ^
1 warning generated.
configure:21066: $? = 0
configure:21068: result: yes
configure:22187: checking for port
configure:22222: result: no
configure:22240: checking for rsvg-convert
configure:22263: found /usr/local/bin/rsvg-convert
configure:22275: result: /usr/local/bin/rsvg-convert
configure:22289: checking for brew
configure:22310: found /usr/local/bin/brew
configure:22321: result: brew
configure:22779: checking whether the linker accepts -Wl,-headerpad_max_install_names
configure:22799: g++ -std=c++14 -o conftest -g -O2 -g1 -fno-omit-frame-pointer -Wall -Wextra -Wformat -Wvla -Wformat-security -Wthread-safety-analysis -Wno-unused-parameter -Wno-self-assign -Wno-unused-local-typedef -Wno-deprecated-register -Wno-implicit-fallthrough  -DHAVE_BUILD_INFO -D__STDC_FORMAT_MACROS -I/usr/local/opt/berkeley-db@4/include   -Wl,-headerpad_max_install_names conftest.cpp  -L/usr/local/opt/berkeley-db@4/lib >&5
ld: warning: directory not found for option '-L/usr/local/opt/berkeley-db@4/lib'
configure:22799: $? = 0
configure:22809: result: yes
configure:22913: checking for pkg-config
configure:22936: found /usr/local/bin/pkg-config
configure:22948: result: /usr/local/bin/pkg-config
configure:22973: checking pkg-config is at least version 0.9.0
configure:22976: result: yes
configure:23097: checking whether byte ordering is bigendian
configure:23113: g++ -std=c++14 -c -g -O2 -g1 -fno-omit-frame-pointer -Wall -Wextra -Wformat -Wvla -Wformat-security -Wthread-safety-analysis -Wno-unused-parameter -Wno-self-assign -Wno-unused-local-typedef -Wno-deprecated-register -Wno-implicit-fallthrough  -DHAVE_BUILD_INFO -D__STDC_FORMAT_MACROS -I/usr/local/opt/berkeley-db@4/include -DMAC_OSX -DOBJC_OLD_DISPATCH_PROTOTYPES=0 conftest.cpp >&5
configure:23113: $? = 0
configure:23159: g++ -std=c++14 -c -g -O2 -g1 -fno-omit-frame-pointer -Wall -Wextra -Wformat -Wvla -Wformat-security -Wthread-safety-analysis -Wno-unused-parameter -Wno-self-assign -Wno-unused-local-typedef -Wno-deprecated-register -Wno-implicit-fallthrough  -DHAVE_BUILD_INFO -D__STDC_FORMAT_MACROS -I/usr/local/opt/berkeley-db@4/include -DMAC_OSX -DOBJC_OLD_DISPATCH_PROTOTYPES=0 conftest.cpp >&5
configure:23159: $? = 0
configure:23178: g++ -std=c++14 -c -g -O2 -g1 -fno-omit-frame-pointer -Wall -Wextra -Wformat -Wvla -Wformat-security -Wthread-safety-analysis -Wno-unused-parameter -Wno-self-assign -Wno-unused-local-typedef -Wno-deprecated-register -Wno-implicit-fallthrough  -DHAVE_BUILD_INFO -D__STDC_FORMAT_MACROS -I/usr/local/opt/berkeley-db@4/include -DMAC_OSX -DOBJC_OLD_DISPATCH_PROTOTYPES=0 conftest.cpp >&5
conftest.cpp:36:11: error: expected ';' after expression
                 not big endian
                        ^
                        ;
conftest.cpp:36:8: error: use of undeclared identifier 'big'
                 not big endian
                     ^
conftest.cpp:36:12: error: use of undeclared identifier 'endian'
                 not big endian
                         ^
3 errors generated.
configure:23178: $? = 1
configure: failed program was:
| /* confdefs.h */
| #define PACKAGE_NAME "Bitoreum Core"
| #define PACKAGE_TARNAME "bitoreumcore"
| #define PACKAGE_VERSION "1.3.17"
| #define PACKAGE_STRING "Bitoreum Core 1.3.17"
| #define PACKAGE_BUGREPORT "https://github.com/bugahost/bitoreum/issues"
| #define PACKAGE_URL "https://bitoreum.org/"
| #define HAVE_CXX14 1
| #define HAVE_STDIO_H 1
| #define HAVE_STDLIB_H 1
| #define HAVE_STRING_H 1
| #define HAVE_INTTYPES_H 1
| #define HAVE_STDINT_H 1
| #define HAVE_STRINGS_H 1
| #define HAVE_SYS_STAT_H 1
| #define HAVE_SYS_TYPES_H 1
| #define HAVE_UNISTD_H 1
| #define STDC_HEADERS 1
| #define HAVE_DLFCN_H 1
| #define LT_OBJDIR ".libs/"
| #define USE_ASM 1
| #define ENABLE_MINER 1
| #define HAVE_EXECINFO_H 1
| #define ENABLE_STACKTRACES 1
| #define ENABLE_SSE41 1
| #define ENABLE_AVX2 1
| #define ENABLE_SHANI 1
| /* end confdefs.h.  */
| #include <sys/types.h>
| 		#include <sys/param.h>
| 
| int
| main (void)
| {
| #if BYTE_ORDER != BIG_ENDIAN
| 		 not big endian
| 		#endif
| 
|   ;
|   return 0;
| }
configure:23312: result: no
configure:23336: checking how to run the C preprocessor
configure:23362: gcc -E  -DHAVE_BUILD_INFO -D__STDC_FORMAT_MACROS -I/usr/local/opt/berkeley-db@4/include -DMAC_OSX -DOBJC_OLD_DISPATCH_PROTOTYPES=0 conftest.c
configure:23362: $? = 0
configure:23377: gcc -E  -DHAVE_BUILD_INFO -D__STDC_FORMAT_MACROS -I/usr/local/opt/berkeley-db@4/include -DMAC_OSX -DOBJC_OLD_DISPATCH_PROTOTYPES=0 conftest.c
conftest.c:29:10: fatal error: 'ac_nonexistent.h' file not found
#include <ac_nonexistent.h>
         ^~~~~~~~~~~~~~~~~~
1 error generated.
configure:23377: $? = 1
configure: failed program was:
| /* confdefs.h */
| #define PACKAGE_NAME "Bitoreum Core"
| #define PACKAGE_TARNAME "bitoreumcore"
| #define PACKAGE_VERSION "1.3.17"
| #define PACKAGE_STRING "Bitoreum Core 1.3.17"
| #define PACKAGE_BUGREPORT "https://github.com/bugahost/bitoreum/issues"
| #define PACKAGE_URL "https://bitoreum.org/"
| #define HAVE_CXX14 1
| #define HAVE_STDIO_H 1
| #define HAVE_STDLIB_H 1
| #define HAVE_STRING_H 1
| #define HAVE_INTTYPES_H 1
| #define HAVE_STDINT_H 1
| #define HAVE_STRINGS_H 1
| #define HAVE_SYS_STAT_H 1
| #define HAVE_SYS_TYPES_H 1
| #define HAVE_UNISTD_H 1
| #define STDC_HEADERS 1
| #define HAVE_DLFCN_H 1
| #define LT_OBJDIR ".libs/"
| #define USE_ASM 1
| #define ENABLE_MINER 1
| #define HAVE_EXECINFO_H 1
| #define ENABLE_STACKTRACES 1
| #define ENABLE_SSE41 1
| #define ENABLE_AVX2 1
| #define ENABLE_SHANI 1
| /* end confdefs.h.  */
| #include <ac_nonexistent.h>
configure:23404: result: gcc -E
configure:23418: gcc -E  -DHAVE_BUILD_INFO -D__STDC_FORMAT_MACROS -I/usr/local/opt/berkeley-db@4/include -DMAC_OSX -DOBJC_OLD_DISPATCH_PROTOTYPES=0 conftest.c
configure:23418: $? = 0
configure:23433: gcc -E  -DHAVE_BUILD_INFO -D__STDC_FORMAT_MACROS -I/usr/local/opt/berkeley-db@4/include -DMAC_OSX -DOBJC_OLD_DISPATCH_PROTOTYPES=0 conftest.c
conftest.c:29:10: fatal error: 'ac_nonexistent.h' file not found
#include <ac_nonexistent.h>
         ^~~~~~~~~~~~~~~~~~
1 error generated.
configure:23433: $? = 1
configure: failed program was:
| /* confdefs.h */
| #define PACKAGE_NAME "Bitoreum Core"
| #define PACKAGE_TARNAME "bitoreumcore"
| #define PACKAGE_VERSION "1.3.17"
| #define PACKAGE_STRING "Bitoreum Core 1.3.17"
| #define PACKAGE_BUGREPORT "https://github.com/bugahost/bitoreum/issues"
| #define PACKAGE_URL "https://bitoreum.org/"
| #define HAVE_CXX14 1
| #define HAVE_STDIO_H 1
| #define HAVE_STDLIB_H 1
| #define HAVE_STRING_H 1
| #define HAVE_INTTYPES_H 1
| #define HAVE_STDINT_H 1
| #define HAVE_STRINGS_H 1
| #define HAVE_SYS_STAT_H 1
| #define HAVE_SYS_TYPES_H 1
| #define HAVE_UNISTD_H 1
| #define STDC_HEADERS 1
| #define HAVE_DLFCN_H 1
| #define LT_OBJDIR ".libs/"
| #define USE_ASM 1
| #define ENABLE_MINER 1
| #define HAVE_EXECINFO_H 1
| #define ENABLE_STACKTRACES 1
| #define ENABLE_SSE41 1
| #define ENABLE_AVX2 1
| #define ENABLE_SHANI 1
| /* end confdefs.h.  */
| #include <ac_nonexistent.h>
configure:23620: checking whether gcc is Clang
configure:23647: result: yes
configure:23712: checking whether pthreads work with "-pthread" and "-lpthread"
configure:23823: gcc -o conftest -g -O2 -g1 -fno-omit-frame-pointer -pthread  -DHAVE_BUILD_INFO -D__STDC_FORMAT_MACROS -I/usr/local/opt/berkeley-db@4/include -DMAC_OSX -DOBJC_OLD_DISPATCH_PROTOTYPES=0  -Wl,-headerpad_max_install_names conftest.c -lpthread  -L/usr/local/opt/berkeley-db@4/lib >&5
ld: warning: directory not found for option '-L/usr/local/opt/berkeley-db@4/lib'
configure:23823: $? = 0
configure:23833: result: yes
configure:23882: checking whether Clang needs flag to prevent "argument unused" warning when linking with -pthread
configure:23909: gcc -o conftest -Werror -Wunknown-warning-option  -pthread -g -O2 -g1 -fno-omit-frame-pointer  -DHAVE_BUILD_INFO -D__STDC_FORMAT_MACROS -I/usr/local/opt/berkeley-db@4/include -DMAC_OSX -DOBJC_OLD_DISPATCH_PROTOTYPES=0  -Wl,-headerpad_max_install_names conftest.c  -L/usr/local/opt/berkeley-db@4/lib >&5
ld: warning: directory not found for option '-L/usr/local/opt/berkeley-db@4/lib'
configure:23909: $? = 0
configure:23916: (gcc -c -Werror -Wunknown-warning-option  -pthread -g -O2 -g1 -fno-omit-frame-pointer  -DHAVE_BUILD_INFO -D__STDC_FORMAT_MACROS -I/usr/local/opt/berkeley-db@4/include -DMAC_OSX -DOBJC_OLD_DISPATCH_PROTOTYPES=0 conftest.c >&5) && (echo ==== >&5) && (gcc -o conftest -Werror -Wunknown-warning-option  -pthread -g -O2 -g1 -fno-omit-frame-pointer  -DHAVE_BUILD_INFO -D__STDC_FORMAT_MACROS -I/usr/local/opt/berkeley-db@4/include -DMAC_OSX -DOBJC_OLD_DISPATCH_PROTOTYPES=0  -Wl,-headerpad_max_install_names conftest.o  -L/usr/local/opt/berkeley-db@4/lib >&5)
====
ld: warning: directory not found for option '-L/usr/local/opt/berkeley-db@4/lib'
configure:23916: $? = 0
configure:23936: result: no
configure:23956: checking for joinable pthread attribute
configure:23975: gcc -o conftest -g -O2 -g1 -fno-omit-frame-pointer -pthread  -DHAVE_BUILD_INFO -D__STDC_FORMAT_MACROS -I/usr/local/opt/berkeley-db@4/include -DMAC_OSX -DOBJC_OLD_DISPATCH_PROTOTYPES=0  -Wl,-headerpad_max_install_names conftest.c -lpthread  -L/usr/local/opt/berkeley-db@4/lib >&5
ld: warning: directory not found for option '-L/usr/local/opt/berkeley-db@4/lib'
configure:23975: $? = 0
configure:23984: result: PTHREAD_CREATE_JOINABLE
configure:23997: checking whether more special flags are required for pthreads
configure:24011: result: no
configure:24020: checking for PTHREAD_PRIO_INHERIT
configure:24038: gcc -o conftest -g -O2 -g1 -fno-omit-frame-pointer -pthread  -DHAVE_BUILD_INFO -D__STDC_FORMAT_MACROS -I/usr/local/opt/berkeley-db@4/include -DMAC_OSX -DOBJC_OLD_DISPATCH_PROTOTYPES=0  -Wl,-headerpad_max_install_names conftest.c -lpthread  -L/usr/local/opt/berkeley-db@4/lib >&5
ld: warning: directory not found for option '-L/usr/local/opt/berkeley-db@4/lib'
configure:24038: $? = 0
configure:24048: result: yes
configure:24169: checking for special C compiler options needed for large files
configure:24217: result: no
configure:24223: checking for _FILE_OFFSET_BITS value needed for large files
configure:24249: g++ -std=c++14 -c -g -O2 -g1 -fno-omit-frame-pointer -Wall -Wextra -Wformat -Wvla -Wformat-security -Wthread-safety-analysis -Wno-unused-parameter -Wno-self-assign -Wno-unused-local-typedef -Wno-deprecated-register -Wno-implicit-fallthrough  -DHAVE_BUILD_INFO -D__STDC_FORMAT_MACROS -I/usr/local/opt/berkeley-db@4/include -DMAC_OSX -DOBJC_OLD_DISPATCH_PROTOTYPES=0 conftest.cpp >&5
configure:24249: $? = 0
configure:24283: result: no
configure:24366: checking for g++ -std=c++14 options needed to detect all undeclared functions
configure:24388: g++ -std=c++14 -c -g -O2 -g1 -fno-omit-frame-pointer -Wall -Wextra -Wformat -Wvla -Wformat-security -Wthread-safety-analysis -Wno-unused-parameter -Wno-self-assign -Wno-unused-local-typedef -Wno-deprecated-register -Wno-implicit-fallthrough  -DHAVE_BUILD_INFO -D__STDC_FORMAT_MACROS -I/usr/local/opt/berkeley-db@4/include -DMAC_OSX -DOBJC_OLD_DISPATCH_PROTOTYPES=0 conftest.cpp >&5
conftest.cpp:35:8: error: use of undeclared identifier 'strchr'
(void) strchr;
       ^
1 error generated.
configure:24388: $? = 1
configure: failed program was:
| /* confdefs.h */
| #define PACKAGE_NAME "Bitoreum Core"
| #define PACKAGE_TARNAME "bitoreumcore"
| #define PACKAGE_VERSION "1.3.17"
| #define PACKAGE_STRING "Bitoreum Core 1.3.17"
| #define PACKAGE_BUGREPORT "https://github.com/bugahost/bitoreum/issues"
| #define PACKAGE_URL "https://bitoreum.org/"
| #define HAVE_CXX14 1
| #define HAVE_STDIO_H 1
| #define HAVE_STDLIB_H 1
| #define HAVE_STRING_H 1
| #define HAVE_INTTYPES_H 1
| #define HAVE_STDINT_H 1
| #define HAVE_STRINGS_H 1
| #define HAVE_SYS_STAT_H 1
| #define HAVE_SYS_TYPES_H 1
| #define HAVE_UNISTD_H 1
| #define STDC_HEADERS 1
| #define HAVE_DLFCN_H 1
| #define LT_OBJDIR ".libs/"
| #define USE_ASM 1
| #define ENABLE_MINER 1
| #define HAVE_EXECINFO_H 1
| #define ENABLE_STACKTRACES 1
| #define ENABLE_SSE41 1
| #define ENABLE_AVX2 1
| #define ENABLE_SHANI 1
| #define HAVE_PTHREAD_PRIO_INHERIT 1
| #define HAVE_PTHREAD 1
| /* end confdefs.h.  */
| 
| int
| main (void)
| {
| (void) strchr;
|   ;
|   return 0;
| }
configure:24415: g++ -std=c++14 -c -g -O2 -g1 -fno-omit-frame-pointer -Wall -Wextra -Wformat -Wvla -Wformat-security -Wthread-safety-analysis -Wno-unused-parameter -Wno-self-assign -Wno-unused-local-typedef -Wno-deprecated-register -Wno-implicit-fallthrough  -DHAVE_BUILD_INFO -D__STDC_FORMAT_MACROS -I/usr/local/opt/berkeley-db@4/include -DMAC_OSX -DOBJC_OLD_DISPATCH_PROTOTYPES=0 conftest.cpp >&5
configure:24415: $? = 0
configure:24432: result: none needed
configure:24446: checking whether strerror_r is declared
configure:24446: g++ -std=c++14 -c -g -O2 -g1 -fno-omit-frame-pointer -Wall -Wextra -Wformat -Wvla -Wformat-security -Wthread-safety-analysis -Wno-unused-parameter -Wno-self-assign -Wno-unused-local-typedef -Wno-deprecated-register -Wno-implicit-fallthrough   -DHAVE_BUILD_INFO -D__STDC_FORMAT_MACROS -I/usr/local/opt/berkeley-db@4/include -DMAC_OSX -DOBJC_OLD_DISPATCH_PROTOTYPES=0 conftest.cpp >&5
configure:24446: $? = 0
configure:24446: result: yes
configure:24465: checking whether strerror_r returns char *
configure:24490: g++ -std=c++14 -c -g -O2 -g1 -fno-omit-frame-pointer -Wall -Wextra -Wformat -Wvla -Wformat-security -Wthread-safety-analysis -Wno-unused-parameter -Wno-self-assign -Wno-unused-local-typedef -Wno-deprecated-register -Wno-implicit-fallthrough  -DHAVE_BUILD_INFO -D__STDC_FORMAT_MACROS -I/usr/local/opt/berkeley-db@4/include -DMAC_OSX -DOBJC_OLD_DISPATCH_PROTOTYPES=0 conftest.cpp >&5
conftest.cpp:39:13: error: indirection requires pointer operand ('int' invalid)
          char x = *strerror_r (0, buf, sizeof buf);
                   ^~~~~~~~~~~~~~~~~~~~~~~~~~~~~~~~
conftest.cpp:40:10: error: cannot initialize a variable of type 'char *' with an rvalue of type 'int'
          char *p = strerror_r (0, buf, sizeof buf);
                ^   ~~~~~~~~~~~~~~~~~~~~~~~~~~~~~~~
2 errors generated.
configure:24490: $? = 1
configure: failed program was:
| /* confdefs.h */
| #define PACKAGE_NAME "Bitoreum Core"
| #define PACKAGE_TARNAME "bitoreumcore"
| #define PACKAGE_VERSION "1.3.17"
| #define PACKAGE_STRING "Bitoreum Core 1.3.17"
| #define PACKAGE_BUGREPORT "https://github.com/bugahost/bitoreum/issues"
| #define PACKAGE_URL "https://bitoreum.org/"
| #define HAVE_CXX14 1
| #define HAVE_STDIO_H 1
| #define HAVE_STDLIB_H 1
| #define HAVE_STRING_H 1
| #define HAVE_INTTYPES_H 1
| #define HAVE_STDINT_H 1
| #define HAVE_STRINGS_H 1
| #define HAVE_SYS_STAT_H 1
| #define HAVE_SYS_TYPES_H 1
| #define HAVE_UNISTD_H 1
| #define STDC_HEADERS 1
| #define HAVE_DLFCN_H 1
| #define LT_OBJDIR ".libs/"
| #define USE_ASM 1
| #define ENABLE_MINER 1
| #define HAVE_EXECINFO_H 1
| #define ENABLE_STACKTRACES 1
| #define ENABLE_SSE41 1
| #define ENABLE_AVX2 1
| #define ENABLE_SHANI 1
| #define HAVE_PTHREAD_PRIO_INHERIT 1
| #define HAVE_PTHREAD 1
| #define HAVE_DECL_STRERROR_R 1
| #define HAVE_STRERROR_R 1
| /* end confdefs.h.  */
| #include <string.h>
| int
| main (void)
| {
| 
| 	  char buf[100];
| 	  char x = *strerror_r (0, buf, sizeof buf);
| 	  char *p = strerror_r (0, buf, sizeof buf);
| 	  return !p || x;
| 
|   ;
|   return 0;
| }
configure:24499: result: no
configure:24520: checking whether the linker accepts -Wl,--large-address-aware
configure:24540: g++ -std=c++14 -o conftest -g -O2 -g1 -fno-omit-frame-pointer -Wall -Wextra -Wformat -Wvla -Wformat-security -Wthread-safety-analysis -Wno-unused-parameter -Wno-self-assign -Wno-unused-local-typedef -Wno-deprecated-register -Wno-implicit-fallthrough  -DHAVE_BUILD_INFO -D__STDC_FORMAT_MACROS -I/usr/local/opt/berkeley-db@4/include -DMAC_OSX -DOBJC_OLD_DISPATCH_PROTOTYPES=0  -Wl,-headerpad_max_install_names  -Wl,--large-address-aware conftest.cpp  -L/usr/local/opt/berkeley-db@4/lib >&5
ld: warning: directory not found for option '-L/usr/local/opt/berkeley-db@4/lib'
ld: unknown option: --large-address-aware
clang: error: linker command failed with exit code 1 (use -v to see invocation)
configure:24540: $? = 1
configure: failed program was:
| /* confdefs.h */
| #define PACKAGE_NAME "Bitoreum Core"
| #define PACKAGE_TARNAME "bitoreumcore"
| #define PACKAGE_VERSION "1.3.17"
| #define PACKAGE_STRING "Bitoreum Core 1.3.17"
| #define PACKAGE_BUGREPORT "https://github.com/bugahost/bitoreum/issues"
| #define PACKAGE_URL "https://bitoreum.org/"
| #define HAVE_CXX14 1
| #define HAVE_STDIO_H 1
| #define HAVE_STDLIB_H 1
| #define HAVE_STRING_H 1
| #define HAVE_INTTYPES_H 1
| #define HAVE_STDINT_H 1
| #define HAVE_STRINGS_H 1
| #define HAVE_SYS_STAT_H 1
| #define HAVE_SYS_TYPES_H 1
| #define HAVE_UNISTD_H 1
| #define STDC_HEADERS 1
| #define HAVE_DLFCN_H 1
| #define LT_OBJDIR ".libs/"
| #define USE_ASM 1
| #define ENABLE_MINER 1
| #define HAVE_EXECINFO_H 1
| #define ENABLE_STACKTRACES 1
| #define ENABLE_SSE41 1
| #define ENABLE_AVX2 1
| #define ENABLE_SHANI 1
| #define HAVE_PTHREAD_PRIO_INHERIT 1
| #define HAVE_PTHREAD 1
| #define HAVE_DECL_STRERROR_R 1
| #define HAVE_STRERROR_R 1
| /* end confdefs.h.  */
| 
| int
| main (void)
| {
| 
|   ;
|   return 0;
| }
configure:24550: result: no
configure:24563: checking for __attribute__((visibility))
configure:24588: g++ -std=c++14 -o conftest -g -O2 -g1 -fno-omit-frame-pointer -Wall -Wextra -Wformat -Wvla -Wformat-security -Wthread-safety-analysis -Wno-unused-parameter -Wno-self-assign -Wno-unused-local-typedef -Wno-deprecated-register -Wno-implicit-fallthrough  -DHAVE_BUILD_INFO -D__STDC_FORMAT_MACROS -I/usr/local/opt/berkeley-db@4/include -DMAC_OSX -DOBJC_OLD_DISPATCH_PROTOTYPES=0  -Wl,-headerpad_max_install_names conftest.cpp  -L/usr/local/opt/berkeley-db@4/lib >&5
conftest.cpp:38:56: warning: target does not support 'protected' visibility; using 'default' [-Wunsupported-visibility]
                    int foo_pro( void ) __attribute__((visibility("protected")));
                                                       ^
1 warning generated.
ld: warning: directory not found for option '-L/usr/local/opt/berkeley-db@4/lib'
configure:24588: $? = 0
configure:24603: result: no
configure:24618: checking for __attribute__((dllexport))
configure:24640: g++ -std=c++14 -o conftest -g -O2 -g1 -fno-omit-frame-pointer -Wall -Wextra -Wformat -Wvla -Wformat-security -Wthread-safety-analysis -Wno-unused-parameter -Wno-self-assign -Wno-unused-local-typedef -Wno-deprecated-register -Wno-implicit-fallthrough  -DHAVE_BUILD_INFO -D__STDC_FORMAT_MACROS -I/usr/local/opt/berkeley-db@4/include -DMAC_OSX -DOBJC_OLD_DISPATCH_PROTOTYPES=0  -Wl,-headerpad_max_install_names conftest.cpp  -L/usr/local/opt/berkeley-db@4/lib >&5
conftest.cpp:35:36: warning: unknown attribute 'dllexport' ignored [-Wunknown-attributes]
                    __attribute__((dllexport)) int foo( void ) { return 0; }
                                   ^
1 warning generated.
ld: warning: directory not found for option '-L/usr/local/opt/berkeley-db@4/lib'
configure:24640: $? = 0
configure:24655: result: no
configure:24670: checking for __attribute__((dllimport))
configure:24692: g++ -std=c++14 -o conftest -g -O2 -g1 -fno-omit-frame-pointer -Wall -Wextra -Wformat -Wvla -Wformat-security -Wthread-safety-analysis -Wno-unused-parameter -Wno-self-assign -Wno-unused-local-typedef -Wno-deprecated-register -Wno-implicit-fallthrough  -DHAVE_BUILD_INFO -D__STDC_FORMAT_MACROS -I/usr/local/opt/berkeley-db@4/include -DMAC_OSX -DOBJC_OLD_DISPATCH_PROTOTYPES=0  -Wl,-headerpad_max_install_names conftest.cpp  -L/usr/local/opt/berkeley-db@4/lib >&5
conftest.cpp:35:52: warning: unknown attribute 'dllimport' ignored [-Wunknown-attributes]
                    int foo( void ) __attribute__((dllimport));
                                                   ^
1 warning generated.
ld: warning: directory not found for option '-L/usr/local/opt/berkeley-db@4/lib'
configure:24692: $? = 0
configure:24707: result: no
configure:24802: checking for library containing clock_gettime
configure:24831: g++ -std=c++14 -o conftest -g -O2 -g1 -fno-omit-frame-pointer -Wall -Wextra -Wformat -Wvla -Wformat-security -Wthread-safety-analysis -Wno-unused-parameter -Wno-self-assign -Wno-unused-local-typedef -Wno-deprecated-register -Wno-implicit-fallthrough  -DHAVE_BUILD_INFO -D__STDC_FORMAT_MACROS -I/usr/local/opt/berkeley-db@4/include -DMAC_OSX -DOBJC_OLD_DISPATCH_PROTOTYPES=0  -Wl,-headerpad_max_install_names conftest.cpp  -L/usr/local/opt/berkeley-db@4/lib >&5
ld: warning: directory not found for option '-L/usr/local/opt/berkeley-db@4/lib'
configure:24831: $? = 0
configure:24851: result: none required
configure:24993: checking whether C++ compiler accepts -fPIC
configure:25013: g++ -std=c++14 -c -g -O2 -g1 -fno-omit-frame-pointer -Wall -Wextra -Wformat -Wvla -Wformat-security -Wthread-safety-analysis -Wno-unused-parameter -Wno-self-assign -Wno-unused-local-typedef -Wno-deprecated-register -Wno-implicit-fallthrough  -fPIC  -DHAVE_BUILD_INFO -D__STDC_FORMAT_MACROS -I/usr/local/opt/berkeley-db@4/include -DMAC_OSX -DOBJC_OLD_DISPATCH_PROTOTYPES=0 conftest.cpp >&5
configure:25013: $? = 0
configure:25022: result: yes
configure:25035: checking whether C++ compiler accepts -Wstack-protector
configure:25055: g++ -std=c++14 -c -g -O2 -g1 -fno-omit-frame-pointer -Wall -Wextra -Wformat -Wvla -Wformat-security -Wthread-safety-analysis -Wno-unused-parameter -Wno-self-assign -Wno-unused-local-typedef -Wno-deprecated-register -Wno-implicit-fallthrough  -Wstack-protector  -DHAVE_BUILD_INFO -D__STDC_FORMAT_MACROS -I/usr/local/opt/berkeley-db@4/include -DMAC_OSX -DOBJC_OLD_DISPATCH_PROTOTYPES=0 conftest.cpp >&5
configure:25055: $? = 0
configure:25064: result: yes
configure:25073: checking whether C++ compiler accepts -fstack-protector-all
configure:25093: g++ -std=c++14 -c -g -O2 -g1 -fno-omit-frame-pointer -Wall -Wextra -Wformat -Wvla -Wformat-security -Wthread-safety-analysis -Wno-unused-parameter -Wno-self-assign -Wno-unused-local-typedef -Wno-deprecated-register -Wno-implicit-fallthrough  -fstack-protector-all  -DHAVE_BUILD_INFO -D__STDC_FORMAT_MACROS -I/usr/local/opt/berkeley-db@4/include -DMAC_OSX -DOBJC_OLD_DISPATCH_PROTOTYPES=0 conftest.cpp >&5
configure:25093: $? = 0
configure:25102: result: yes
configure:25113: checking whether C++ preprocessor accepts -D_FORTIFY_SOURCE=2
configure:25133: g++ -std=c++14 -E  -DHAVE_BUILD_INFO -D__STDC_FORMAT_MACROS -I/usr/local/opt/berkeley-db@4/include -DMAC_OSX -DOBJC_OLD_DISPATCH_PROTOTYPES=0  -D_FORTIFY_SOURCE=2 conftest.cpp
configure:25133: $? = 0
configure:25142: result: yes
configure:25147: checking whether C++ preprocessor accepts -U_FORTIFY_SOURCE
configure:25167: g++ -std=c++14 -E  -DHAVE_BUILD_INFO -D__STDC_FORMAT_MACROS -I/usr/local/opt/berkeley-db@4/include -DMAC_OSX -DOBJC_OLD_DISPATCH_PROTOTYPES=0  -U_FORTIFY_SOURCE conftest.cpp
configure:25167: $? = 0
configure:25176: result: yes
configure:25194: checking whether the linker accepts -Wl,--dynamicbase
configure:25214: g++ -std=c++14 -o conftest -g -O2 -g1 -fno-omit-frame-pointer -Wall -Wextra -Wformat -Wvla -Wformat-security -Wthread-safety-analysis -Wno-unused-parameter -Wno-self-assign -Wno-unused-local-typedef -Wno-deprecated-register -Wno-implicit-fallthrough  -DHAVE_BUILD_INFO -D__STDC_FORMAT_MACROS -I/usr/local/opt/berkeley-db@4/include -DMAC_OSX -DOBJC_OLD_DISPATCH_PROTOTYPES=0  -Wl,-headerpad_max_install_names  -Wl,--dynamicbase conftest.cpp  -L/usr/local/opt/berkeley-db@4/lib >&5
ld: warning: directory not found for option '-L/usr/local/opt/berkeley-db@4/lib'
ld: unknown option: --dynamicbase
clang: error: linker command failed with exit code 1 (use -v to see invocation)
configure:25214: $? = 1
configure: failed program was:
| /* confdefs.h */
| #define PACKAGE_NAME "Bitoreum Core"
| #define PACKAGE_TARNAME "bitoreumcore"
| #define PACKAGE_VERSION "1.3.17"
| #define PACKAGE_STRING "Bitoreum Core 1.3.17"
| #define PACKAGE_BUGREPORT "https://github.com/bugahost/bitoreum/issues"
| #define PACKAGE_URL "https://bitoreum.org/"
| #define HAVE_CXX14 1
| #define HAVE_STDIO_H 1
| #define HAVE_STDLIB_H 1
| #define HAVE_STRING_H 1
| #define HAVE_INTTYPES_H 1
| #define HAVE_STDINT_H 1
| #define HAVE_STRINGS_H 1
| #define HAVE_SYS_STAT_H 1
| #define HAVE_SYS_TYPES_H 1
| #define HAVE_UNISTD_H 1
| #define STDC_HEADERS 1
| #define HAVE_DLFCN_H 1
| #define LT_OBJDIR ".libs/"
| #define USE_ASM 1
| #define ENABLE_MINER 1
| #define HAVE_EXECINFO_H 1
| #define ENABLE_STACKTRACES 1
| #define ENABLE_SSE41 1
| #define ENABLE_AVX2 1
| #define ENABLE_SHANI 1
| #define HAVE_PTHREAD_PRIO_INHERIT 1
| #define HAVE_PTHREAD 1
| #define HAVE_DECL_STRERROR_R 1
| #define HAVE_STRERROR_R 1
| /* end confdefs.h.  */
| 
| int
| main (void)
| {
| 
|   ;
|   return 0;
| }
configure:25224: result: no
configure:25233: checking whether the linker accepts -Wl,--nxcompat
configure:25253: g++ -std=c++14 -o conftest -g -O2 -g1 -fno-omit-frame-pointer -Wall -Wextra -Wformat -Wvla -Wformat-security -Wthread-safety-analysis -Wno-unused-parameter -Wno-self-assign -Wno-unused-local-typedef -Wno-deprecated-register -Wno-implicit-fallthrough  -DHAVE_BUILD_INFO -D__STDC_FORMAT_MACROS -I/usr/local/opt/berkeley-db@4/include -DMAC_OSX -DOBJC_OLD_DISPATCH_PROTOTYPES=0  -Wl,-headerpad_max_install_names  -Wl,--nxcompat conftest.cpp  -L/usr/local/opt/berkeley-db@4/lib >&5
ld: warning: directory not found for option '-L/usr/local/opt/berkeley-db@4/lib'
ld: unknown option: --nxcompat
clang: error: linker command failed with exit code 1 (use -v to see invocation)
configure:25253: $? = 1
configure: failed program was:
| /* confdefs.h */
| #define PACKAGE_NAME "Bitoreum Core"
| #define PACKAGE_TARNAME "bitoreumcore"
| #define PACKAGE_VERSION "1.3.17"
| #define PACKAGE_STRING "Bitoreum Core 1.3.17"
| #define PACKAGE_BUGREPORT "https://github.com/bugahost/bitoreum/issues"
| #define PACKAGE_URL "https://bitoreum.org/"
| #define HAVE_CXX14 1
| #define HAVE_STDIO_H 1
| #define HAVE_STDLIB_H 1
| #define HAVE_STRING_H 1
| #define HAVE_INTTYPES_H 1
| #define HAVE_STDINT_H 1
| #define HAVE_STRINGS_H 1
| #define HAVE_SYS_STAT_H 1
| #define HAVE_SYS_TYPES_H 1
| #define HAVE_UNISTD_H 1
| #define STDC_HEADERS 1
| #define HAVE_DLFCN_H 1
| #define LT_OBJDIR ".libs/"
| #define USE_ASM 1
| #define ENABLE_MINER 1
| #define HAVE_EXECINFO_H 1
| #define ENABLE_STACKTRACES 1
| #define ENABLE_SSE41 1
| #define ENABLE_AVX2 1
| #define ENABLE_SHANI 1
| #define HAVE_PTHREAD_PRIO_INHERIT 1
| #define HAVE_PTHREAD 1
| #define HAVE_DECL_STRERROR_R 1
| #define HAVE_STRERROR_R 1
| /* end confdefs.h.  */
| 
| int
| main (void)
| {
| 
|   ;
|   return 0;
| }
configure:25263: result: no
configure:25272: checking whether the linker accepts -Wl,--high-entropy-va
configure:25292: g++ -std=c++14 -o conftest -g -O2 -g1 -fno-omit-frame-pointer -Wall -Wextra -Wformat -Wvla -Wformat-security -Wthread-safety-analysis -Wno-unused-parameter -Wno-self-assign -Wno-unused-local-typedef -Wno-deprecated-register -Wno-implicit-fallthrough  -DHAVE_BUILD_INFO -D__STDC_FORMAT_MACROS -I/usr/local/opt/berkeley-db@4/include -DMAC_OSX -DOBJC_OLD_DISPATCH_PROTOTYPES=0  -Wl,-headerpad_max_install_names  -Wl,--high-entropy-va conftest.cpp  -L/usr/local/opt/berkeley-db@4/lib >&5
ld: warning: directory not found for option '-L/usr/local/opt/berkeley-db@4/lib'
ld: unknown option: --high-entropy-va
clang: error: linker command failed with exit code 1 (use -v to see invocation)
configure:25292: $? = 1
configure: failed program was:
| /* confdefs.h */
| #define PACKAGE_NAME "Bitoreum Core"
| #define PACKAGE_TARNAME "bitoreumcore"
| #define PACKAGE_VERSION "1.3.17"
| #define PACKAGE_STRING "Bitoreum Core 1.3.17"
| #define PACKAGE_BUGREPORT "https://github.com/bugahost/bitoreum/issues"
| #define PACKAGE_URL "https://bitoreum.org/"
| #define HAVE_CXX14 1
| #define HAVE_STDIO_H 1
| #define HAVE_STDLIB_H 1
| #define HAVE_STRING_H 1
| #define HAVE_INTTYPES_H 1
| #define HAVE_STDINT_H 1
| #define HAVE_STRINGS_H 1
| #define HAVE_SYS_STAT_H 1
| #define HAVE_SYS_TYPES_H 1
| #define HAVE_UNISTD_H 1
| #define STDC_HEADERS 1
| #define HAVE_DLFCN_H 1
| #define LT_OBJDIR ".libs/"
| #define USE_ASM 1
| #define ENABLE_MINER 1
| #define HAVE_EXECINFO_H 1
| #define ENABLE_STACKTRACES 1
| #define ENABLE_SSE41 1
| #define ENABLE_AVX2 1
| #define ENABLE_SHANI 1
| #define HAVE_PTHREAD_PRIO_INHERIT 1
| #define HAVE_PTHREAD 1
| #define HAVE_DECL_STRERROR_R 1
| #define HAVE_STRERROR_R 1
| /* end confdefs.h.  */
| 
| int
| main (void)
| {
| 
|   ;
|   return 0;
| }
configure:25302: result: no
configure:25311: checking whether the linker accepts -Wl,-z,relro
configure:25331: g++ -std=c++14 -o conftest -g -O2 -g1 -fno-omit-frame-pointer -Wall -Wextra -Wformat -Wvla -Wformat-security -Wthread-safety-analysis -Wno-unused-parameter -Wno-self-assign -Wno-unused-local-typedef -Wno-deprecated-register -Wno-implicit-fallthrough  -DHAVE_BUILD_INFO -D__STDC_FORMAT_MACROS -I/usr/local/opt/berkeley-db@4/include -DMAC_OSX -DOBJC_OLD_DISPATCH_PROTOTYPES=0  -Wl,-headerpad_max_install_names  -Wl,-z,relro conftest.cpp  -L/usr/local/opt/berkeley-db@4/lib >&5
ld: warning: directory not found for option '-L/usr/local/opt/berkeley-db@4/lib'
ld: unknown option: -z
clang: error: linker command failed with exit code 1 (use -v to see invocation)
configure:25331: $? = 1
configure: failed program was:
| /* confdefs.h */
| #define PACKAGE_NAME "Bitoreum Core"
| #define PACKAGE_TARNAME "bitoreumcore"
| #define PACKAGE_VERSION "1.3.17"
| #define PACKAGE_STRING "Bitoreum Core 1.3.17"
| #define PACKAGE_BUGREPORT "https://github.com/bugahost/bitoreum/issues"
| #define PACKAGE_URL "https://bitoreum.org/"
| #define HAVE_CXX14 1
| #define HAVE_STDIO_H 1
| #define HAVE_STDLIB_H 1
| #define HAVE_STRING_H 1
| #define HAVE_INTTYPES_H 1
| #define HAVE_STDINT_H 1
| #define HAVE_STRINGS_H 1
| #define HAVE_SYS_STAT_H 1
| #define HAVE_SYS_TYPES_H 1
| #define HAVE_UNISTD_H 1
| #define STDC_HEADERS 1
| #define HAVE_DLFCN_H 1
| #define LT_OBJDIR ".libs/"
| #define USE_ASM 1
| #define ENABLE_MINER 1
| #define HAVE_EXECINFO_H 1
| #define ENABLE_STACKTRACES 1
| #define ENABLE_SSE41 1
| #define ENABLE_AVX2 1
| #define ENABLE_SHANI 1
| #define HAVE_PTHREAD_PRIO_INHERIT 1
| #define HAVE_PTHREAD 1
| #define HAVE_DECL_STRERROR_R 1
| #define HAVE_STRERROR_R 1
| /* end confdefs.h.  */
| 
| int
| main (void)
| {
| 
|   ;
|   return 0;
| }
configure:25341: result: no
configure:25350: checking whether the linker accepts -Wl,-z,now
configure:25370: g++ -std=c++14 -o conftest -g -O2 -g1 -fno-omit-frame-pointer -Wall -Wextra -Wformat -Wvla -Wformat-security -Wthread-safety-analysis -Wno-unused-parameter -Wno-self-assign -Wno-unused-local-typedef -Wno-deprecated-register -Wno-implicit-fallthrough  -DHAVE_BUILD_INFO -D__STDC_FORMAT_MACROS -I/usr/local/opt/berkeley-db@4/include -DMAC_OSX -DOBJC_OLD_DISPATCH_PROTOTYPES=0  -Wl,-headerpad_max_install_names  -Wl,-z,now conftest.cpp  -L/usr/local/opt/berkeley-db@4/lib >&5
ld: warning: directory not found for option '-L/usr/local/opt/berkeley-db@4/lib'
ld: unknown option: -z
clang: error: linker command failed with exit code 1 (use -v to see invocation)
configure:25370: $? = 1
configure: failed program was:
| /* confdefs.h */
| #define PACKAGE_NAME "Bitoreum Core"
| #define PACKAGE_TARNAME "bitoreumcore"
| #define PACKAGE_VERSION "1.3.17"
| #define PACKAGE_STRING "Bitoreum Core 1.3.17"
| #define PACKAGE_BUGREPORT "https://github.com/bugahost/bitoreum/issues"
| #define PACKAGE_URL "https://bitoreum.org/"
| #define HAVE_CXX14 1
| #define HAVE_STDIO_H 1
| #define HAVE_STDLIB_H 1
| #define HAVE_STRING_H 1
| #define HAVE_INTTYPES_H 1
| #define HAVE_STDINT_H 1
| #define HAVE_STRINGS_H 1
| #define HAVE_SYS_STAT_H 1
| #define HAVE_SYS_TYPES_H 1
| #define HAVE_UNISTD_H 1
| #define STDC_HEADERS 1
| #define HAVE_DLFCN_H 1
| #define LT_OBJDIR ".libs/"
| #define USE_ASM 1
| #define ENABLE_MINER 1
| #define HAVE_EXECINFO_H 1
| #define ENABLE_STACKTRACES 1
| #define ENABLE_SSE41 1
| #define ENABLE_AVX2 1
| #define ENABLE_SHANI 1
| #define HAVE_PTHREAD_PRIO_INHERIT 1
| #define HAVE_PTHREAD 1
| #define HAVE_DECL_STRERROR_R 1
| #define HAVE_STRERROR_R 1
| /* end confdefs.h.  */
| 
| int
| main (void)
| {
| 
|   ;
|   return 0;
| }
configure:25380: result: no
configure:25390: checking whether the linker accepts -fPIE -pie
configure:25410: g++ -std=c++14 -o conftest -g -O2 -g1 -fno-omit-frame-pointer -Wall -Wextra -Wformat -Wvla -Wformat-security -Wthread-safety-analysis -Wno-unused-parameter -Wno-self-assign -Wno-unused-local-typedef -Wno-deprecated-register -Wno-implicit-fallthrough  -DHAVE_BUILD_INFO -D__STDC_FORMAT_MACROS -I/usr/local/opt/berkeley-db@4/include -DMAC_OSX -DOBJC_OLD_DISPATCH_PROTOTYPES=0  -Wl,-headerpad_max_install_names -Werror -fPIE -pie conftest.cpp  -L/usr/local/opt/berkeley-db@4/lib >&5
clang: error: argument unused during compilation: '-pie' [-Werror,-Wunused-command-line-argument]
configure:25410: $? = 1
configure: failed program was:
| /* confdefs.h */
| #define PACKAGE_NAME "Bitoreum Core"
| #define PACKAGE_TARNAME "bitoreumcore"
| #define PACKAGE_VERSION "1.3.17"
| #define PACKAGE_STRING "Bitoreum Core 1.3.17"
| #define PACKAGE_BUGREPORT "https://github.com/bugahost/bitoreum/issues"
| #define PACKAGE_URL "https://bitoreum.org/"
| #define HAVE_CXX14 1
| #define HAVE_STDIO_H 1
| #define HAVE_STDLIB_H 1
| #define HAVE_STRING_H 1
| #define HAVE_INTTYPES_H 1
| #define HAVE_STDINT_H 1
| #define HAVE_STRINGS_H 1
| #define HAVE_SYS_STAT_H 1
| #define HAVE_SYS_TYPES_H 1
| #define HAVE_UNISTD_H 1
| #define STDC_HEADERS 1
| #define HAVE_DLFCN_H 1
| #define LT_OBJDIR ".libs/"
| #define USE_ASM 1
| #define ENABLE_MINER 1
| #define HAVE_EXECINFO_H 1
| #define ENABLE_STACKTRACES 1
| #define ENABLE_SSE41 1
| #define ENABLE_AVX2 1
| #define ENABLE_SHANI 1
| #define HAVE_PTHREAD_PRIO_INHERIT 1
| #define HAVE_PTHREAD 1
| #define HAVE_DECL_STRERROR_R 1
| #define HAVE_STRERROR_R 1
| /* end confdefs.h.  */
| 
| int
| main (void)
| {
| 
|   ;
|   return 0;
| }
configure:25421: result: no
configure:25482: checking whether the linker accepts -Wl,-dead_strip
configure:25502: g++ -std=c++14 -o conftest -g -O2 -g1 -fno-omit-frame-pointer -Wall -Wextra -Wformat -Wvla -Wformat-security -Wthread-safety-analysis -Wno-unused-parameter -Wno-self-assign -Wno-unused-local-typedef -Wno-deprecated-register -Wno-implicit-fallthrough  -DHAVE_BUILD_INFO -D__STDC_FORMAT_MACROS -I/usr/local/opt/berkeley-db@4/include -DMAC_OSX -DOBJC_OLD_DISPATCH_PROTOTYPES=0  -Wl,-headerpad_max_install_names  -Wl,-dead_strip conftest.cpp  -L/usr/local/opt/berkeley-db@4/lib >&5
ld: warning: directory not found for option '-L/usr/local/opt/berkeley-db@4/lib'
configure:25502: $? = 0
configure:25512: result: yes
configure:25523: checking for endian.h
configure:25523: g++ -std=c++14 -c -g -O2 -g1 -fno-omit-frame-pointer -Wall -Wextra -Wformat -Wvla -Wformat-security -Wthread-safety-analysis -Wno-unused-parameter -Wno-self-assign -Wno-unused-local-typedef -Wno-deprecated-register -Wno-implicit-fallthrough  -DHAVE_BUILD_INFO -D__STDC_FORMAT_MACROS -I/usr/local/opt/berkeley-db@4/include -DMAC_OSX -DOBJC_OLD_DISPATCH_PROTOTYPES=0 conftest.cpp >&5
conftest.cpp:61:10: fatal error: 'endian.h' file not found
#include <endian.h>
         ^~~~~~~~~~
1 error generated.
configure:25523: $? = 1
configure: failed program was:
| /* confdefs.h */
| #define PACKAGE_NAME "Bitoreum Core"
| #define PACKAGE_TARNAME "bitoreumcore"
| #define PACKAGE_VERSION "1.3.17"
| #define PACKAGE_STRING "Bitoreum Core 1.3.17"
| #define PACKAGE_BUGREPORT "https://github.com/bugahost/bitoreum/issues"
| #define PACKAGE_URL "https://bitoreum.org/"
| #define HAVE_CXX14 1
| #define HAVE_STDIO_H 1
| #define HAVE_STDLIB_H 1
| #define HAVE_STRING_H 1
| #define HAVE_INTTYPES_H 1
| #define HAVE_STDINT_H 1
| #define HAVE_STRINGS_H 1
| #define HAVE_SYS_STAT_H 1
| #define HAVE_SYS_TYPES_H 1
| #define HAVE_UNISTD_H 1
| #define STDC_HEADERS 1
| #define HAVE_DLFCN_H 1
| #define LT_OBJDIR ".libs/"
| #define USE_ASM 1
| #define ENABLE_MINER 1
| #define HAVE_EXECINFO_H 1
| #define ENABLE_STACKTRACES 1
| #define ENABLE_SSE41 1
| #define ENABLE_AVX2 1
| #define ENABLE_SHANI 1
| #define HAVE_PTHREAD_PRIO_INHERIT 1
| #define HAVE_PTHREAD 1
| #define HAVE_DECL_STRERROR_R 1
| #define HAVE_STRERROR_R 1
| /* end confdefs.h.  */
| #include <stddef.h>
| #ifdef HAVE_STDIO_H
| # include <stdio.h>
| #endif
| #ifdef HAVE_STDLIB_H
| # include <stdlib.h>
| #endif
| #ifdef HAVE_STRING_H
| # include <string.h>
| #endif
| #ifdef HAVE_INTTYPES_H
| # include <inttypes.h>
| #endif
| #ifdef HAVE_STDINT_H
| # include <stdint.h>
| #endif
| #ifdef HAVE_STRINGS_H
| # include <strings.h>
| #endif
| #ifdef HAVE_SYS_TYPES_H
| # include <sys/types.h>
| #endif
| #ifdef HAVE_SYS_STAT_H
| # include <sys/stat.h>
| #endif
| #ifdef HAVE_UNISTD_H
| # include <unistd.h>
| #endif
| #include <endian.h>
configure:25523: result: no
configure:25529: checking for sys/endian.h
configure:25529: g++ -std=c++14 -c -g -O2 -g1 -fno-omit-frame-pointer -Wall -Wextra -Wformat -Wvla -Wformat-security -Wthread-safety-analysis -Wno-unused-parameter -Wno-self-assign -Wno-unused-local-typedef -Wno-deprecated-register -Wno-implicit-fallthrough  -DHAVE_BUILD_INFO -D__STDC_FORMAT_MACROS -I/usr/local/opt/berkeley-db@4/include -DMAC_OSX -DOBJC_OLD_DISPATCH_PROTOTYPES=0 conftest.cpp >&5
conftest.cpp:61:10: fatal error: 'sys/endian.h' file not found
#include <sys/endian.h>
         ^~~~~~~~~~~~~~
1 error generated.
configure:25529: $? = 1
configure: failed program was:
| /* confdefs.h */
| #define PACKAGE_NAME "Bitoreum Core"
| #define PACKAGE_TARNAME "bitoreumcore"
| #define PACKAGE_VERSION "1.3.17"
| #define PACKAGE_STRING "Bitoreum Core 1.3.17"
| #define PACKAGE_BUGREPORT "https://github.com/bugahost/bitoreum/issues"
| #define PACKAGE_URL "https://bitoreum.org/"
| #define HAVE_CXX14 1
| #define HAVE_STDIO_H 1
| #define HAVE_STDLIB_H 1
| #define HAVE_STRING_H 1
| #define HAVE_INTTYPES_H 1
| #define HAVE_STDINT_H 1
| #define HAVE_STRINGS_H 1
| #define HAVE_SYS_STAT_H 1
| #define HAVE_SYS_TYPES_H 1
| #define HAVE_UNISTD_H 1
| #define STDC_HEADERS 1
| #define HAVE_DLFCN_H 1
| #define LT_OBJDIR ".libs/"
| #define USE_ASM 1
| #define ENABLE_MINER 1
| #define HAVE_EXECINFO_H 1
| #define ENABLE_STACKTRACES 1
| #define ENABLE_SSE41 1
| #define ENABLE_AVX2 1
| #define ENABLE_SHANI 1
| #define HAVE_PTHREAD_PRIO_INHERIT 1
| #define HAVE_PTHREAD 1
| #define HAVE_DECL_STRERROR_R 1
| #define HAVE_STRERROR_R 1
| /* end confdefs.h.  */
| #include <stddef.h>
| #ifdef HAVE_STDIO_H
| # include <stdio.h>
| #endif
| #ifdef HAVE_STDLIB_H
| # include <stdlib.h>
| #endif
| #ifdef HAVE_STRING_H
| # include <string.h>
| #endif
| #ifdef HAVE_INTTYPES_H
| # include <inttypes.h>
| #endif
| #ifdef HAVE_STDINT_H
| # include <stdint.h>
| #endif
| #ifdef HAVE_STRINGS_H
| # include <strings.h>
| #endif
| #ifdef HAVE_SYS_TYPES_H
| # include <sys/types.h>
| #endif
| #ifdef HAVE_SYS_STAT_H
| # include <sys/stat.h>
| #endif
| #ifdef HAVE_UNISTD_H
| # include <unistd.h>
| #endif
| #include <sys/endian.h>
configure:25529: result: no
configure:25535: checking for byteswap.h
configure:25535: g++ -std=c++14 -c -g -O2 -g1 -fno-omit-frame-pointer -Wall -Wextra -Wformat -Wvla -Wformat-security -Wthread-safety-analysis -Wno-unused-parameter -Wno-self-assign -Wno-unused-local-typedef -Wno-deprecated-register -Wno-implicit-fallthrough  -DHAVE_BUILD_INFO -D__STDC_FORMAT_MACROS -I/usr/local/opt/berkeley-db@4/include -DMAC_OSX -DOBJC_OLD_DISPATCH_PROTOTYPES=0 conftest.cpp >&5
conftest.cpp:61:10: fatal error: 'byteswap.h' file not found
#include <byteswap.h>
         ^~~~~~~~~~~~
1 error generated.
configure:25535: $? = 1
configure: failed program was:
| /* confdefs.h */
| #define PACKAGE_NAME "Bitoreum Core"
| #define PACKAGE_TARNAME "bitoreumcore"
| #define PACKAGE_VERSION "1.3.17"
| #define PACKAGE_STRING "Bitoreum Core 1.3.17"
| #define PACKAGE_BUGREPORT "https://github.com/bugahost/bitoreum/issues"
| #define PACKAGE_URL "https://bitoreum.org/"
| #define HAVE_CXX14 1
| #define HAVE_STDIO_H 1
| #define HAVE_STDLIB_H 1
| #define HAVE_STRING_H 1
| #define HAVE_INTTYPES_H 1
| #define HAVE_STDINT_H 1
| #define HAVE_STRINGS_H 1
| #define HAVE_SYS_STAT_H 1
| #define HAVE_SYS_TYPES_H 1
| #define HAVE_UNISTD_H 1
| #define STDC_HEADERS 1
| #define HAVE_DLFCN_H 1
| #define LT_OBJDIR ".libs/"
| #define USE_ASM 1
| #define ENABLE_MINER 1
| #define HAVE_EXECINFO_H 1
| #define ENABLE_STACKTRACES 1
| #define ENABLE_SSE41 1
| #define ENABLE_AVX2 1
| #define ENABLE_SHANI 1
| #define HAVE_PTHREAD_PRIO_INHERIT 1
| #define HAVE_PTHREAD 1
| #define HAVE_DECL_STRERROR_R 1
| #define HAVE_STRERROR_R 1
| /* end confdefs.h.  */
| #include <stddef.h>
| #ifdef HAVE_STDIO_H
| # include <stdio.h>
| #endif
| #ifdef HAVE_STDLIB_H
| # include <stdlib.h>
| #endif
| #ifdef HAVE_STRING_H
| # include <string.h>
| #endif
| #ifdef HAVE_INTTYPES_H
| # include <inttypes.h>
| #endif
| #ifdef HAVE_STDINT_H
| # include <stdint.h>
| #endif
| #ifdef HAVE_STRINGS_H
| # include <strings.h>
| #endif
| #ifdef HAVE_SYS_TYPES_H
| # include <sys/types.h>
| #endif
| #ifdef HAVE_SYS_STAT_H
| # include <sys/stat.h>
| #endif
| #ifdef HAVE_UNISTD_H
| # include <unistd.h>
| #endif
| #include <byteswap.h>
configure:25535: result: no
configure:25541: checking for stdio.h
configure:25541: result: yes
configure:25547: checking for stdlib.h
configure:25547: result: yes
configure:25553: checking for unistd.h
configure:25553: result: yes
configure:25559: checking for strings.h
configure:25559: result: yes
configure:25565: checking for sys/types.h
configure:25565: result: yes
configure:25571: checking for sys/stat.h
configure:25571: result: yes
configure:25577: checking for sys/select.h
configure:25577: g++ -std=c++14 -c -g -O2 -g1 -fno-omit-frame-pointer -Wall -Wextra -Wformat -Wvla -Wformat-security -Wthread-safety-analysis -Wno-unused-parameter -Wno-self-assign -Wno-unused-local-typedef -Wno-deprecated-register -Wno-implicit-fallthrough  -DHAVE_BUILD_INFO -D__STDC_FORMAT_MACROS -I/usr/local/opt/berkeley-db@4/include -DMAC_OSX -DOBJC_OLD_DISPATCH_PROTOTYPES=0 conftest.cpp >&5
configure:25577: $? = 0
configure:25577: result: yes
configure:25583: checking for sys/prctl.h
configure:25583: g++ -std=c++14 -c -g -O2 -g1 -fno-omit-frame-pointer -Wall -Wextra -Wformat -Wvla -Wformat-security -Wthread-safety-analysis -Wno-unused-parameter -Wno-self-assign -Wno-unused-local-typedef -Wno-deprecated-register -Wno-implicit-fallthrough  -DHAVE_BUILD_INFO -D__STDC_FORMAT_MACROS -I/usr/local/opt/berkeley-db@4/include -DMAC_OSX -DOBJC_OLD_DISPATCH_PROTOTYPES=0 conftest.cpp >&5
conftest.cpp:68:10: fatal error: 'sys/prctl.h' file not found
#include <sys/prctl.h>
         ^~~~~~~~~~~~~
1 error generated.
configure:25583: $? = 1
configure: failed program was:
| /* confdefs.h */
| #define PACKAGE_NAME "Bitoreum Core"
| #define PACKAGE_TARNAME "bitoreumcore"
| #define PACKAGE_VERSION "1.3.17"
| #define PACKAGE_STRING "Bitoreum Core 1.3.17"
| #define PACKAGE_BUGREPORT "https://github.com/bugahost/bitoreum/issues"
| #define PACKAGE_URL "https://bitoreum.org/"
| #define HAVE_CXX14 1
| #define HAVE_STDIO_H 1
| #define HAVE_STDLIB_H 1
| #define HAVE_STRING_H 1
| #define HAVE_INTTYPES_H 1
| #define HAVE_STDINT_H 1
| #define HAVE_STRINGS_H 1
| #define HAVE_SYS_STAT_H 1
| #define HAVE_SYS_TYPES_H 1
| #define HAVE_UNISTD_H 1
| #define STDC_HEADERS 1
| #define HAVE_DLFCN_H 1
| #define LT_OBJDIR ".libs/"
| #define USE_ASM 1
| #define ENABLE_MINER 1
| #define HAVE_EXECINFO_H 1
| #define ENABLE_STACKTRACES 1
| #define ENABLE_SSE41 1
| #define ENABLE_AVX2 1
| #define ENABLE_SHANI 1
| #define HAVE_PTHREAD_PRIO_INHERIT 1
| #define HAVE_PTHREAD 1
| #define HAVE_DECL_STRERROR_R 1
| #define HAVE_STRERROR_R 1
| #define HAVE_STDIO_H 1
| #define HAVE_STDLIB_H 1
| #define HAVE_UNISTD_H 1
| #define HAVE_STRINGS_H 1
| #define HAVE_SYS_TYPES_H 1
| #define HAVE_SYS_STAT_H 1
| #define HAVE_SYS_SELECT_H 1
| /* end confdefs.h.  */
| #include <stddef.h>
| #ifdef HAVE_STDIO_H
| # include <stdio.h>
| #endif
| #ifdef HAVE_STDLIB_H
| # include <stdlib.h>
| #endif
| #ifdef HAVE_STRING_H
| # include <string.h>
| #endif
| #ifdef HAVE_INTTYPES_H
| # include <inttypes.h>
| #endif
| #ifdef HAVE_STDINT_H
| # include <stdint.h>
| #endif
| #ifdef HAVE_STRINGS_H
| # include <strings.h>
| #endif
| #ifdef HAVE_SYS_TYPES_H
| # include <sys/types.h>
| #endif
| #ifdef HAVE_SYS_STAT_H
| # include <sys/stat.h>
| #endif
| #ifdef HAVE_UNISTD_H
| # include <unistd.h>
| #endif
| #include <sys/prctl.h>
configure:25583: result: no
configure:25591: checking whether strnlen is declared
configure:25591: g++ -std=c++14 -c -g -O2 -g1 -fno-omit-frame-pointer -Wall -Wextra -Wformat -Wvla -Wformat-security -Wthread-safety-analysis -Wno-unused-parameter -Wno-self-assign -Wno-unused-local-typedef -Wno-deprecated-register -Wno-implicit-fallthrough   -DHAVE_BUILD_INFO -D__STDC_FORMAT_MACROS -I/usr/local/opt/berkeley-db@4/include -DMAC_OSX -DOBJC_OLD_DISPATCH_PROTOTYPES=0 conftest.cpp >&5
configure:25591: $? = 0
configure:25591: result: yes
configure:25602: checking whether daemon is declared
configure:25602: g++ -std=c++14 -c -g -O2 -g1 -fno-omit-frame-pointer -Wall -Wextra -Wformat -Wvla -Wformat-security -Wthread-safety-analysis -Wno-unused-parameter -Wno-self-assign -Wno-unused-local-typedef -Wno-deprecated-register -Wno-implicit-fallthrough   -DHAVE_BUILD_INFO -D__STDC_FORMAT_MACROS -I/usr/local/opt/berkeley-db@4/include -DMAC_OSX -DOBJC_OLD_DISPATCH_PROTOTYPES=0 conftest.cpp >&5
conftest.cpp:74:10: warning: 'daemon' is deprecated: first deprecated in macOS 10.5 - Use posix_spawn APIs instead. [-Wdeprecated-declarations]
  (void) daemon;
         ^
/Library/Developer/CommandLineTools/SDKs/MacOSX.sdk/usr/include/stdlib.h:292:6: note: 'daemon' has been explicitly marked deprecated here
int      daemon(int, int) __DARWIN_1050(daemon) __OSX_AVAILABLE_BUT_DEPRECATED_MSG(__MAC_10_0, __MAC_10_5, __IPHONE_2_0, __IPHONE_2_0, "Use posix_spawn APIs instead.") __WATCHOS_PROHIBITED __TVOS_PROHIBITED;
         ^
1 warning generated.
configure:25602: $? = 0
configure:25602: result: yes
configure:25612: checking whether le16toh is declared
configure:25612: g++ -std=c++14 -c -g -O2 -g1 -fno-omit-frame-pointer -Wall -Wextra -Wformat -Wvla -Wformat-security -Wthread-safety-analysis -Wno-unused-parameter -Wno-self-assign -Wno-unused-local-typedef -Wno-deprecated-register -Wno-implicit-fallthrough   -DHAVE_BUILD_INFO -D__STDC_FORMAT_MACROS -I/usr/local/opt/berkeley-db@4/include -DMAC_OSX -DOBJC_OLD_DISPATCH_PROTOTYPES=0 conftest.cpp >&5
conftest.cpp:53:10: error: use of undeclared identifier 'le16toh'
  (void) le16toh;
         ^
1 error generated.
configure:25612: $? = 1
configure: failed program was:
| /* confdefs.h */
| #define PACKAGE_NAME "Bitoreum Core"
| #define PACKAGE_TARNAME "bitoreumcore"
| #define PACKAGE_VERSION "1.3.17"
| #define PACKAGE_STRING "Bitoreum Core 1.3.17"
| #define PACKAGE_BUGREPORT "https://github.com/bugahost/bitoreum/issues"
| #define PACKAGE_URL "https://bitoreum.org/"
| #define HAVE_CXX14 1
| #define HAVE_STDIO_H 1
| #define HAVE_STDLIB_H 1
| #define HAVE_STRING_H 1
| #define HAVE_INTTYPES_H 1
| #define HAVE_STDINT_H 1
| #define HAVE_STRINGS_H 1
| #define HAVE_SYS_STAT_H 1
| #define HAVE_SYS_TYPES_H 1
| #define HAVE_UNISTD_H 1
| #define STDC_HEADERS 1
| #define HAVE_DLFCN_H 1
| #define LT_OBJDIR ".libs/"
| #define USE_ASM 1
| #define ENABLE_MINER 1
| #define HAVE_EXECINFO_H 1
| #define ENABLE_STACKTRACES 1
| #define ENABLE_SSE41 1
| #define ENABLE_AVX2 1
| #define ENABLE_SHANI 1
| #define HAVE_PTHREAD_PRIO_INHERIT 1
| #define HAVE_PTHREAD 1
| #define HAVE_DECL_STRERROR_R 1
| #define HAVE_STRERROR_R 1
| #define HAVE_STDIO_H 1
| #define HAVE_STDLIB_H 1
| #define HAVE_UNISTD_H 1
| #define HAVE_STRINGS_H 1
| #define HAVE_SYS_TYPES_H 1
| #define HAVE_SYS_STAT_H 1
| #define HAVE_SYS_SELECT_H 1
| #define HAVE_DECL_STRNLEN 1
| #define HAVE_DECL_DAEMON 1
| /* end confdefs.h.  */
| #if HAVE_ENDIAN_H
|                  #include <endian.h>
|                  #elif HAVE_SYS_ENDIAN_H
|                  #include <sys/endian.h>
|                  #endif
| 
| int
| main (void)
| {
| #ifndef le16toh
| #ifdef __cplusplus
|   (void) le16toh;
| #else
|   (void) le16toh;
| #endif
| #endif
| 
|   ;
|   return 0;
| }
configure:25612: result: no
configure:25625: checking whether le32toh is declared
configure:25625: g++ -std=c++14 -c -g -O2 -g1 -fno-omit-frame-pointer -Wall -Wextra -Wformat -Wvla -Wformat-security -Wthread-safety-analysis -Wno-unused-parameter -Wno-self-assign -Wno-unused-local-typedef -Wno-deprecated-register -Wno-implicit-fallthrough   -DHAVE_BUILD_INFO -D__STDC_FORMAT_MACROS -I/usr/local/opt/berkeley-db@4/include -DMAC_OSX -DOBJC_OLD_DISPATCH_PROTOTYPES=0 conftest.cpp >&5
conftest.cpp:54:10: error: use of undeclared identifier 'le32toh'
  (void) le32toh;
         ^
1 error generated.
configure:25625: $? = 1
configure: failed program was:
| /* confdefs.h */
| #define PACKAGE_NAME "Bitoreum Core"
| #define PACKAGE_TARNAME "bitoreumcore"
| #define PACKAGE_VERSION "1.3.17"
| #define PACKAGE_STRING "Bitoreum Core 1.3.17"
| #define PACKAGE_BUGREPORT "https://github.com/bugahost/bitoreum/issues"
| #define PACKAGE_URL "https://bitoreum.org/"
| #define HAVE_CXX14 1
| #define HAVE_STDIO_H 1
| #define HAVE_STDLIB_H 1
| #define HAVE_STRING_H 1
| #define HAVE_INTTYPES_H 1
| #define HAVE_STDINT_H 1
| #define HAVE_STRINGS_H 1
| #define HAVE_SYS_STAT_H 1
| #define HAVE_SYS_TYPES_H 1
| #define HAVE_UNISTD_H 1
| #define STDC_HEADERS 1
| #define HAVE_DLFCN_H 1
| #define LT_OBJDIR ".libs/"
| #define USE_ASM 1
| #define ENABLE_MINER 1
| #define HAVE_EXECINFO_H 1
| #define ENABLE_STACKTRACES 1
| #define ENABLE_SSE41 1
| #define ENABLE_AVX2 1
| #define ENABLE_SHANI 1
| #define HAVE_PTHREAD_PRIO_INHERIT 1
| #define HAVE_PTHREAD 1
| #define HAVE_DECL_STRERROR_R 1
| #define HAVE_STRERROR_R 1
| #define HAVE_STDIO_H 1
| #define HAVE_STDLIB_H 1
| #define HAVE_UNISTD_H 1
| #define HAVE_STRINGS_H 1
| #define HAVE_SYS_TYPES_H 1
| #define HAVE_SYS_STAT_H 1
| #define HAVE_SYS_SELECT_H 1
| #define HAVE_DECL_STRNLEN 1
| #define HAVE_DECL_DAEMON 1
| #define HAVE_DECL_LE16TOH 0
| /* end confdefs.h.  */
| #if HAVE_ENDIAN_H
|                  #include <endian.h>
|                  #elif HAVE_SYS_ENDIAN_H
|                  #include <sys/endian.h>
|                  #endif
| 
| int
| main (void)
| {
| #ifndef le32toh
| #ifdef __cplusplus
|   (void) le32toh;
| #else
|   (void) le32toh;
| #endif
| #endif
| 
|   ;
|   return 0;
| }
configure:25625: result: no
configure:25638: checking whether le64toh is declared
configure:25638: g++ -std=c++14 -c -g -O2 -g1 -fno-omit-frame-pointer -Wall -Wextra -Wformat -Wvla -Wformat-security -Wthread-safety-analysis -Wno-unused-parameter -Wno-self-assign -Wno-unused-local-typedef -Wno-deprecated-register -Wno-implicit-fallthrough   -DHAVE_BUILD_INFO -D__STDC_FORMAT_MACROS -I/usr/local/opt/berkeley-db@4/include -DMAC_OSX -DOBJC_OLD_DISPATCH_PROTOTYPES=0 conftest.cpp >&5
conftest.cpp:55:10: error: use of undeclared identifier 'le64toh'
  (void) le64toh;
         ^
1 error generated.
configure:25638: $? = 1
configure: failed program was:
| /* confdefs.h */
| #define PACKAGE_NAME "Bitoreum Core"
| #define PACKAGE_TARNAME "bitoreumcore"
| #define PACKAGE_VERSION "1.3.17"
| #define PACKAGE_STRING "Bitoreum Core 1.3.17"
| #define PACKAGE_BUGREPORT "https://github.com/bugahost/bitoreum/issues"
| #define PACKAGE_URL "https://bitoreum.org/"
| #define HAVE_CXX14 1
| #define HAVE_STDIO_H 1
| #define HAVE_STDLIB_H 1
| #define HAVE_STRING_H 1
| #define HAVE_INTTYPES_H 1
| #define HAVE_STDINT_H 1
| #define HAVE_STRINGS_H 1
| #define HAVE_SYS_STAT_H 1
| #define HAVE_SYS_TYPES_H 1
| #define HAVE_UNISTD_H 1
| #define STDC_HEADERS 1
| #define HAVE_DLFCN_H 1
| #define LT_OBJDIR ".libs/"
| #define USE_ASM 1
| #define ENABLE_MINER 1
| #define HAVE_EXECINFO_H 1
| #define ENABLE_STACKTRACES 1
| #define ENABLE_SSE41 1
| #define ENABLE_AVX2 1
| #define ENABLE_SHANI 1
| #define HAVE_PTHREAD_PRIO_INHERIT 1
| #define HAVE_PTHREAD 1
| #define HAVE_DECL_STRERROR_R 1
| #define HAVE_STRERROR_R 1
| #define HAVE_STDIO_H 1
| #define HAVE_STDLIB_H 1
| #define HAVE_UNISTD_H 1
| #define HAVE_STRINGS_H 1
| #define HAVE_SYS_TYPES_H 1
| #define HAVE_SYS_STAT_H 1
| #define HAVE_SYS_SELECT_H 1
| #define HAVE_DECL_STRNLEN 1
| #define HAVE_DECL_DAEMON 1
| #define HAVE_DECL_LE16TOH 0
| #define HAVE_DECL_LE32TOH 0
| /* end confdefs.h.  */
| #if HAVE_ENDIAN_H
|                  #include <endian.h>
|                  #elif HAVE_SYS_ENDIAN_H
|                  #include <sys/endian.h>
|                  #endif
| 
| int
| main (void)
| {
| #ifndef le64toh
| #ifdef __cplusplus
|   (void) le64toh;
| #else
|   (void) le64toh;
| #endif
| #endif
| 
|   ;
|   return 0;
| }
configure:25638: result: no
configure:25651: checking whether htole16 is declared
configure:25651: g++ -std=c++14 -c -g -O2 -g1 -fno-omit-frame-pointer -Wall -Wextra -Wformat -Wvla -Wformat-security -Wthread-safety-analysis -Wno-unused-parameter -Wno-self-assign -Wno-unused-local-typedef -Wno-deprecated-register -Wno-implicit-fallthrough   -DHAVE_BUILD_INFO -D__STDC_FORMAT_MACROS -I/usr/local/opt/berkeley-db@4/include -DMAC_OSX -DOBJC_OLD_DISPATCH_PROTOTYPES=0 conftest.cpp >&5
conftest.cpp:56:10: error: use of undeclared identifier 'htole16'
  (void) htole16;
         ^
1 error generated.
configure:25651: $? = 1
configure: failed program was:
| /* confdefs.h */
| #define PACKAGE_NAME "Bitoreum Core"
| #define PACKAGE_TARNAME "bitoreumcore"
| #define PACKAGE_VERSION "1.3.17"
| #define PACKAGE_STRING "Bitoreum Core 1.3.17"
| #define PACKAGE_BUGREPORT "https://github.com/bugahost/bitoreum/issues"
| #define PACKAGE_URL "https://bitoreum.org/"
| #define HAVE_CXX14 1
| #define HAVE_STDIO_H 1
| #define HAVE_STDLIB_H 1
| #define HAVE_STRING_H 1
| #define HAVE_INTTYPES_H 1
| #define HAVE_STDINT_H 1
| #define HAVE_STRINGS_H 1
| #define HAVE_SYS_STAT_H 1
| #define HAVE_SYS_TYPES_H 1
| #define HAVE_UNISTD_H 1
| #define STDC_HEADERS 1
| #define HAVE_DLFCN_H 1
| #define LT_OBJDIR ".libs/"
| #define USE_ASM 1
| #define ENABLE_MINER 1
| #define HAVE_EXECINFO_H 1
| #define ENABLE_STACKTRACES 1
| #define ENABLE_SSE41 1
| #define ENABLE_AVX2 1
| #define ENABLE_SHANI 1
| #define HAVE_PTHREAD_PRIO_INHERIT 1
| #define HAVE_PTHREAD 1
| #define HAVE_DECL_STRERROR_R 1
| #define HAVE_STRERROR_R 1
| #define HAVE_STDIO_H 1
| #define HAVE_STDLIB_H 1
| #define HAVE_UNISTD_H 1
| #define HAVE_STRINGS_H 1
| #define HAVE_SYS_TYPES_H 1
| #define HAVE_SYS_STAT_H 1
| #define HAVE_SYS_SELECT_H 1
| #define HAVE_DECL_STRNLEN 1
| #define HAVE_DECL_DAEMON 1
| #define HAVE_DECL_LE16TOH 0
| #define HAVE_DECL_LE32TOH 0
| #define HAVE_DECL_LE64TOH 0
| /* end confdefs.h.  */
| #if HAVE_ENDIAN_H
|                  #include <endian.h>
|                  #elif HAVE_SYS_ENDIAN_H
|                  #include <sys/endian.h>
|                  #endif
| 
| int
| main (void)
| {
| #ifndef htole16
| #ifdef __cplusplus
|   (void) htole16;
| #else
|   (void) htole16;
| #endif
| #endif
| 
|   ;
|   return 0;
| }
configure:25651: result: no
configure:25664: checking whether htole32 is declared
configure:25664: g++ -std=c++14 -c -g -O2 -g1 -fno-omit-frame-pointer -Wall -Wextra -Wformat -Wvla -Wformat-security -Wthread-safety-analysis -Wno-unused-parameter -Wno-self-assign -Wno-unused-local-typedef -Wno-deprecated-register -Wno-implicit-fallthrough   -DHAVE_BUILD_INFO -D__STDC_FORMAT_MACROS -I/usr/local/opt/berkeley-db@4/include -DMAC_OSX -DOBJC_OLD_DISPATCH_PROTOTYPES=0 conftest.cpp >&5
conftest.cpp:57:10: error: use of undeclared identifier 'htole32'
  (void) htole32;
         ^
1 error generated.
configure:25664: $? = 1
configure: failed program was:
| /* confdefs.h */
| #define PACKAGE_NAME "Bitoreum Core"
| #define PACKAGE_TARNAME "bitoreumcore"
| #define PACKAGE_VERSION "1.3.17"
| #define PACKAGE_STRING "Bitoreum Core 1.3.17"
| #define PACKAGE_BUGREPORT "https://github.com/bugahost/bitoreum/issues"
| #define PACKAGE_URL "https://bitoreum.org/"
| #define HAVE_CXX14 1
| #define HAVE_STDIO_H 1
| #define HAVE_STDLIB_H 1
| #define HAVE_STRING_H 1
| #define HAVE_INTTYPES_H 1
| #define HAVE_STDINT_H 1
| #define HAVE_STRINGS_H 1
| #define HAVE_SYS_STAT_H 1
| #define HAVE_SYS_TYPES_H 1
| #define HAVE_UNISTD_H 1
| #define STDC_HEADERS 1
| #define HAVE_DLFCN_H 1
| #define LT_OBJDIR ".libs/"
| #define USE_ASM 1
| #define ENABLE_MINER 1
| #define HAVE_EXECINFO_H 1
| #define ENABLE_STACKTRACES 1
| #define ENABLE_SSE41 1
| #define ENABLE_AVX2 1
| #define ENABLE_SHANI 1
| #define HAVE_PTHREAD_PRIO_INHERIT 1
| #define HAVE_PTHREAD 1
| #define HAVE_DECL_STRERROR_R 1
| #define HAVE_STRERROR_R 1
| #define HAVE_STDIO_H 1
| #define HAVE_STDLIB_H 1
| #define HAVE_UNISTD_H 1
| #define HAVE_STRINGS_H 1
| #define HAVE_SYS_TYPES_H 1
| #define HAVE_SYS_STAT_H 1
| #define HAVE_SYS_SELECT_H 1
| #define HAVE_DECL_STRNLEN 1
| #define HAVE_DECL_DAEMON 1
| #define HAVE_DECL_LE16TOH 0
| #define HAVE_DECL_LE32TOH 0
| #define HAVE_DECL_LE64TOH 0
| #define HAVE_DECL_HTOLE16 0
| /* end confdefs.h.  */
| #if HAVE_ENDIAN_H
|                  #include <endian.h>
|                  #elif HAVE_SYS_ENDIAN_H
|                  #include <sys/endian.h>
|                  #endif
| 
| int
| main (void)
| {
| #ifndef htole32
| #ifdef __cplusplus
|   (void) htole32;
| #else
|   (void) htole32;
| #endif
| #endif
| 
|   ;
|   return 0;
| }
configure:25664: result: no
configure:25677: checking whether htole64 is declared
configure:25677: g++ -std=c++14 -c -g -O2 -g1 -fno-omit-frame-pointer -Wall -Wextra -Wformat -Wvla -Wformat-security -Wthread-safety-analysis -Wno-unused-parameter -Wno-self-assign -Wno-unused-local-typedef -Wno-deprecated-register -Wno-implicit-fallthrough   -DHAVE_BUILD_INFO -D__STDC_FORMAT_MACROS -I/usr/local/opt/berkeley-db@4/include -DMAC_OSX -DOBJC_OLD_DISPATCH_PROTOTYPES=0 conftest.cpp >&5
conftest.cpp:58:10: error: use of undeclared identifier 'htole64'
  (void) htole64;
         ^
1 error generated.
configure:25677: $? = 1
configure: failed program was:
| /* confdefs.h */
| #define PACKAGE_NAME "Bitoreum Core"
| #define PACKAGE_TARNAME "bitoreumcore"
| #define PACKAGE_VERSION "1.3.17"
| #define PACKAGE_STRING "Bitoreum Core 1.3.17"
| #define PACKAGE_BUGREPORT "https://github.com/bugahost/bitoreum/issues"
| #define PACKAGE_URL "https://bitoreum.org/"
| #define HAVE_CXX14 1
| #define HAVE_STDIO_H 1
| #define HAVE_STDLIB_H 1
| #define HAVE_STRING_H 1
| #define HAVE_INTTYPES_H 1
| #define HAVE_STDINT_H 1
| #define HAVE_STRINGS_H 1
| #define HAVE_SYS_STAT_H 1
| #define HAVE_SYS_TYPES_H 1
| #define HAVE_UNISTD_H 1
| #define STDC_HEADERS 1
| #define HAVE_DLFCN_H 1
| #define LT_OBJDIR ".libs/"
| #define USE_ASM 1
| #define ENABLE_MINER 1
| #define HAVE_EXECINFO_H 1
| #define ENABLE_STACKTRACES 1
| #define ENABLE_SSE41 1
| #define ENABLE_AVX2 1
| #define ENABLE_SHANI 1
| #define HAVE_PTHREAD_PRIO_INHERIT 1
| #define HAVE_PTHREAD 1
| #define HAVE_DECL_STRERROR_R 1
| #define HAVE_STRERROR_R 1
| #define HAVE_STDIO_H 1
| #define HAVE_STDLIB_H 1
| #define HAVE_UNISTD_H 1
| #define HAVE_STRINGS_H 1
| #define HAVE_SYS_TYPES_H 1
| #define HAVE_SYS_STAT_H 1
| #define HAVE_SYS_SELECT_H 1
| #define HAVE_DECL_STRNLEN 1
| #define HAVE_DECL_DAEMON 1
| #define HAVE_DECL_LE16TOH 0
| #define HAVE_DECL_LE32TOH 0
| #define HAVE_DECL_LE64TOH 0
| #define HAVE_DECL_HTOLE16 0
| #define HAVE_DECL_HTOLE32 0
| /* end confdefs.h.  */
| #if HAVE_ENDIAN_H
|                  #include <endian.h>
|                  #elif HAVE_SYS_ENDIAN_H
|                  #include <sys/endian.h>
|                  #endif
| 
| int
| main (void)
| {
| #ifndef htole64
| #ifdef __cplusplus
|   (void) htole64;
| #else
|   (void) htole64;
| #endif
| #endif
| 
|   ;
|   return 0;
| }
configure:25677: result: no
configure:25690: checking whether be16toh is declared
configure:25690: g++ -std=c++14 -c -g -O2 -g1 -fno-omit-frame-pointer -Wall -Wextra -Wformat -Wvla -Wformat-security -Wthread-safety-analysis -Wno-unused-parameter -Wno-self-assign -Wno-unused-local-typedef -Wno-deprecated-register -Wno-implicit-fallthrough   -DHAVE_BUILD_INFO -D__STDC_FORMAT_MACROS -I/usr/local/opt/berkeley-db@4/include -DMAC_OSX -DOBJC_OLD_DISPATCH_PROTOTYPES=0 conftest.cpp >&5
conftest.cpp:59:10: error: use of undeclared identifier 'be16toh'
  (void) be16toh;
         ^
1 error generated.
configure:25690: $? = 1
configure: failed program was:
| /* confdefs.h */
| #define PACKAGE_NAME "Bitoreum Core"
| #define PACKAGE_TARNAME "bitoreumcore"
| #define PACKAGE_VERSION "1.3.17"
| #define PACKAGE_STRING "Bitoreum Core 1.3.17"
| #define PACKAGE_BUGREPORT "https://github.com/bugahost/bitoreum/issues"
| #define PACKAGE_URL "https://bitoreum.org/"
| #define HAVE_CXX14 1
| #define HAVE_STDIO_H 1
| #define HAVE_STDLIB_H 1
| #define HAVE_STRING_H 1
| #define HAVE_INTTYPES_H 1
| #define HAVE_STDINT_H 1
| #define HAVE_STRINGS_H 1
| #define HAVE_SYS_STAT_H 1
| #define HAVE_SYS_TYPES_H 1
| #define HAVE_UNISTD_H 1
| #define STDC_HEADERS 1
| #define HAVE_DLFCN_H 1
| #define LT_OBJDIR ".libs/"
| #define USE_ASM 1
| #define ENABLE_MINER 1
| #define HAVE_EXECINFO_H 1
| #define ENABLE_STACKTRACES 1
| #define ENABLE_SSE41 1
| #define ENABLE_AVX2 1
| #define ENABLE_SHANI 1
| #define HAVE_PTHREAD_PRIO_INHERIT 1
| #define HAVE_PTHREAD 1
| #define HAVE_DECL_STRERROR_R 1
| #define HAVE_STRERROR_R 1
| #define HAVE_STDIO_H 1
| #define HAVE_STDLIB_H 1
| #define HAVE_UNISTD_H 1
| #define HAVE_STRINGS_H 1
| #define HAVE_SYS_TYPES_H 1
| #define HAVE_SYS_STAT_H 1
| #define HAVE_SYS_SELECT_H 1
| #define HAVE_DECL_STRNLEN 1
| #define HAVE_DECL_DAEMON 1
| #define HAVE_DECL_LE16TOH 0
| #define HAVE_DECL_LE32TOH 0
| #define HAVE_DECL_LE64TOH 0
| #define HAVE_DECL_HTOLE16 0
| #define HAVE_DECL_HTOLE32 0
| #define HAVE_DECL_HTOLE64 0
| /* end confdefs.h.  */
| #if HAVE_ENDIAN_H
|                  #include <endian.h>
|                  #elif HAVE_SYS_ENDIAN_H
|                  #include <sys/endian.h>
|                  #endif
| 
| int
| main (void)
| {
| #ifndef be16toh
| #ifdef __cplusplus
|   (void) be16toh;
| #else
|   (void) be16toh;
| #endif
| #endif
| 
|   ;
|   return 0;
| }
configure:25690: result: no
configure:25703: checking whether be32toh is declared
configure:25703: g++ -std=c++14 -c -g -O2 -g1 -fno-omit-frame-pointer -Wall -Wextra -Wformat -Wvla -Wformat-security -Wthread-safety-analysis -Wno-unused-parameter -Wno-self-assign -Wno-unused-local-typedef -Wno-deprecated-register -Wno-implicit-fallthrough   -DHAVE_BUILD_INFO -D__STDC_FORMAT_MACROS -I/usr/local/opt/berkeley-db@4/include -DMAC_OSX -DOBJC_OLD_DISPATCH_PROTOTYPES=0 conftest.cpp >&5
conftest.cpp:60:10: error: use of undeclared identifier 'be32toh'
  (void) be32toh;
         ^
1 error generated.
configure:25703: $? = 1
configure: failed program was:
| /* confdefs.h */
| #define PACKAGE_NAME "Bitoreum Core"
| #define PACKAGE_TARNAME "bitoreumcore"
| #define PACKAGE_VERSION "1.3.17"
| #define PACKAGE_STRING "Bitoreum Core 1.3.17"
| #define PACKAGE_BUGREPORT "https://github.com/bugahost/bitoreum/issues"
| #define PACKAGE_URL "https://bitoreum.org/"
| #define HAVE_CXX14 1
| #define HAVE_STDIO_H 1
| #define HAVE_STDLIB_H 1
| #define HAVE_STRING_H 1
| #define HAVE_INTTYPES_H 1
| #define HAVE_STDINT_H 1
| #define HAVE_STRINGS_H 1
| #define HAVE_SYS_STAT_H 1
| #define HAVE_SYS_TYPES_H 1
| #define HAVE_UNISTD_H 1
| #define STDC_HEADERS 1
| #define HAVE_DLFCN_H 1
| #define LT_OBJDIR ".libs/"
| #define USE_ASM 1
| #define ENABLE_MINER 1
| #define HAVE_EXECINFO_H 1
| #define ENABLE_STACKTRACES 1
| #define ENABLE_SSE41 1
| #define ENABLE_AVX2 1
| #define ENABLE_SHANI 1
| #define HAVE_PTHREAD_PRIO_INHERIT 1
| #define HAVE_PTHREAD 1
| #define HAVE_DECL_STRERROR_R 1
| #define HAVE_STRERROR_R 1
| #define HAVE_STDIO_H 1
| #define HAVE_STDLIB_H 1
| #define HAVE_UNISTD_H 1
| #define HAVE_STRINGS_H 1
| #define HAVE_SYS_TYPES_H 1
| #define HAVE_SYS_STAT_H 1
| #define HAVE_SYS_SELECT_H 1
| #define HAVE_DECL_STRNLEN 1
| #define HAVE_DECL_DAEMON 1
| #define HAVE_DECL_LE16TOH 0
| #define HAVE_DECL_LE32TOH 0
| #define HAVE_DECL_LE64TOH 0
| #define HAVE_DECL_HTOLE16 0
| #define HAVE_DECL_HTOLE32 0
| #define HAVE_DECL_HTOLE64 0
| #define HAVE_DECL_BE16TOH 0
| /* end confdefs.h.  */
| #if HAVE_ENDIAN_H
|                  #include <endian.h>
|                  #elif HAVE_SYS_ENDIAN_H
|                  #include <sys/endian.h>
|                  #endif
| 
| int
| main (void)
| {
| #ifndef be32toh
| #ifdef __cplusplus
|   (void) be32toh;
| #else
|   (void) be32toh;
| #endif
| #endif
| 
|   ;
|   return 0;
| }
configure:25703: result: no
configure:25716: checking whether be64toh is declared
configure:25716: g++ -std=c++14 -c -g -O2 -g1 -fno-omit-frame-pointer -Wall -Wextra -Wformat -Wvla -Wformat-security -Wthread-safety-analysis -Wno-unused-parameter -Wno-self-assign -Wno-unused-local-typedef -Wno-deprecated-register -Wno-implicit-fallthrough   -DHAVE_BUILD_INFO -D__STDC_FORMAT_MACROS -I/usr/local/opt/berkeley-db@4/include -DMAC_OSX -DOBJC_OLD_DISPATCH_PROTOTYPES=0 conftest.cpp >&5
conftest.cpp:61:10: error: use of undeclared identifier 'be64toh'
  (void) be64toh;
         ^
1 error generated.
configure:25716: $? = 1
configure: failed program was:
| /* confdefs.h */
| #define PACKAGE_NAME "Bitoreum Core"
| #define PACKAGE_TARNAME "bitoreumcore"
| #define PACKAGE_VERSION "1.3.17"
| #define PACKAGE_STRING "Bitoreum Core 1.3.17"
| #define PACKAGE_BUGREPORT "https://github.com/bugahost/bitoreum/issues"
| #define PACKAGE_URL "https://bitoreum.org/"
| #define HAVE_CXX14 1
| #define HAVE_STDIO_H 1
| #define HAVE_STDLIB_H 1
| #define HAVE_STRING_H 1
| #define HAVE_INTTYPES_H 1
| #define HAVE_STDINT_H 1
| #define HAVE_STRINGS_H 1
| #define HAVE_SYS_STAT_H 1
| #define HAVE_SYS_TYPES_H 1
| #define HAVE_UNISTD_H 1
| #define STDC_HEADERS 1
| #define HAVE_DLFCN_H 1
| #define LT_OBJDIR ".libs/"
| #define USE_ASM 1
| #define ENABLE_MINER 1
| #define HAVE_EXECINFO_H 1
| #define ENABLE_STACKTRACES 1
| #define ENABLE_SSE41 1
| #define ENABLE_AVX2 1
| #define ENABLE_SHANI 1
| #define HAVE_PTHREAD_PRIO_INHERIT 1
| #define HAVE_PTHREAD 1
| #define HAVE_DECL_STRERROR_R 1
| #define HAVE_STRERROR_R 1
| #define HAVE_STDIO_H 1
| #define HAVE_STDLIB_H 1
| #define HAVE_UNISTD_H 1
| #define HAVE_STRINGS_H 1
| #define HAVE_SYS_TYPES_H 1
| #define HAVE_SYS_STAT_H 1
| #define HAVE_SYS_SELECT_H 1
| #define HAVE_DECL_STRNLEN 1
| #define HAVE_DECL_DAEMON 1
| #define HAVE_DECL_LE16TOH 0
| #define HAVE_DECL_LE32TOH 0
| #define HAVE_DECL_LE64TOH 0
| #define HAVE_DECL_HTOLE16 0
| #define HAVE_DECL_HTOLE32 0
| #define HAVE_DECL_HTOLE64 0
| #define HAVE_DECL_BE16TOH 0
| #define HAVE_DECL_BE32TOH 0
| /* end confdefs.h.  */
| #if HAVE_ENDIAN_H
|                  #include <endian.h>
|                  #elif HAVE_SYS_ENDIAN_H
|                  #include <sys/endian.h>
|                  #endif
| 
| int
| main (void)
| {
| #ifndef be64toh
| #ifdef __cplusplus
|   (void) be64toh;
| #else
|   (void) be64toh;
| #endif
| #endif
| 
|   ;
|   return 0;
| }
configure:25716: result: no
configure:25729: checking whether htobe16 is declared
configure:25729: g++ -std=c++14 -c -g -O2 -g1 -fno-omit-frame-pointer -Wall -Wextra -Wformat -Wvla -Wformat-security -Wthread-safety-analysis -Wno-unused-parameter -Wno-self-assign -Wno-unused-local-typedef -Wno-deprecated-register -Wno-implicit-fallthrough   -DHAVE_BUILD_INFO -D__STDC_FORMAT_MACROS -I/usr/local/opt/berkeley-db@4/include -DMAC_OSX -DOBJC_OLD_DISPATCH_PROTOTYPES=0 conftest.cpp >&5
conftest.cpp:62:10: error: use of undeclared identifier 'htobe16'
  (void) htobe16;
         ^
1 error generated.
configure:25729: $? = 1
configure: failed program was:
| /* confdefs.h */
| #define PACKAGE_NAME "Bitoreum Core"
| #define PACKAGE_TARNAME "bitoreumcore"
| #define PACKAGE_VERSION "1.3.17"
| #define PACKAGE_STRING "Bitoreum Core 1.3.17"
| #define PACKAGE_BUGREPORT "https://github.com/bugahost/bitoreum/issues"
| #define PACKAGE_URL "https://bitoreum.org/"
| #define HAVE_CXX14 1
| #define HAVE_STDIO_H 1
| #define HAVE_STDLIB_H 1
| #define HAVE_STRING_H 1
| #define HAVE_INTTYPES_H 1
| #define HAVE_STDINT_H 1
| #define HAVE_STRINGS_H 1
| #define HAVE_SYS_STAT_H 1
| #define HAVE_SYS_TYPES_H 1
| #define HAVE_UNISTD_H 1
| #define STDC_HEADERS 1
| #define HAVE_DLFCN_H 1
| #define LT_OBJDIR ".libs/"
| #define USE_ASM 1
| #define ENABLE_MINER 1
| #define HAVE_EXECINFO_H 1
| #define ENABLE_STACKTRACES 1
| #define ENABLE_SSE41 1
| #define ENABLE_AVX2 1
| #define ENABLE_SHANI 1
| #define HAVE_PTHREAD_PRIO_INHERIT 1
| #define HAVE_PTHREAD 1
| #define HAVE_DECL_STRERROR_R 1
| #define HAVE_STRERROR_R 1
| #define HAVE_STDIO_H 1
| #define HAVE_STDLIB_H 1
| #define HAVE_UNISTD_H 1
| #define HAVE_STRINGS_H 1
| #define HAVE_SYS_TYPES_H 1
| #define HAVE_SYS_STAT_H 1
| #define HAVE_SYS_SELECT_H 1
| #define HAVE_DECL_STRNLEN 1
| #define HAVE_DECL_DAEMON 1
| #define HAVE_DECL_LE16TOH 0
| #define HAVE_DECL_LE32TOH 0
| #define HAVE_DECL_LE64TOH 0
| #define HAVE_DECL_HTOLE16 0
| #define HAVE_DECL_HTOLE32 0
| #define HAVE_DECL_HTOLE64 0
| #define HAVE_DECL_BE16TOH 0
| #define HAVE_DECL_BE32TOH 0
| #define HAVE_DECL_BE64TOH 0
| /* end confdefs.h.  */
| #if HAVE_ENDIAN_H
|                  #include <endian.h>
|                  #elif HAVE_SYS_ENDIAN_H
|                  #include <sys/endian.h>
|                  #endif
| 
| int
| main (void)
| {
| #ifndef htobe16
| #ifdef __cplusplus
|   (void) htobe16;
| #else
|   (void) htobe16;
| #endif
| #endif
| 
|   ;
|   return 0;
| }
configure:25729: result: no
configure:25742: checking whether htobe32 is declared
configure:25742: g++ -std=c++14 -c -g -O2 -g1 -fno-omit-frame-pointer -Wall -Wextra -Wformat -Wvla -Wformat-security -Wthread-safety-analysis -Wno-unused-parameter -Wno-self-assign -Wno-unused-local-typedef -Wno-deprecated-register -Wno-implicit-fallthrough   -DHAVE_BUILD_INFO -D__STDC_FORMAT_MACROS -I/usr/local/opt/berkeley-db@4/include -DMAC_OSX -DOBJC_OLD_DISPATCH_PROTOTYPES=0 conftest.cpp >&5
conftest.cpp:63:10: error: use of undeclared identifier 'htobe32'
  (void) htobe32;
         ^
1 error generated.
configure:25742: $? = 1
configure: failed program was:
| /* confdefs.h */
| #define PACKAGE_NAME "Bitoreum Core"
| #define PACKAGE_TARNAME "bitoreumcore"
| #define PACKAGE_VERSION "1.3.17"
| #define PACKAGE_STRING "Bitoreum Core 1.3.17"
| #define PACKAGE_BUGREPORT "https://github.com/bugahost/bitoreum/issues"
| #define PACKAGE_URL "https://bitoreum.org/"
| #define HAVE_CXX14 1
| #define HAVE_STDIO_H 1
| #define HAVE_STDLIB_H 1
| #define HAVE_STRING_H 1
| #define HAVE_INTTYPES_H 1
| #define HAVE_STDINT_H 1
| #define HAVE_STRINGS_H 1
| #define HAVE_SYS_STAT_H 1
| #define HAVE_SYS_TYPES_H 1
| #define HAVE_UNISTD_H 1
| #define STDC_HEADERS 1
| #define HAVE_DLFCN_H 1
| #define LT_OBJDIR ".libs/"
| #define USE_ASM 1
| #define ENABLE_MINER 1
| #define HAVE_EXECINFO_H 1
| #define ENABLE_STACKTRACES 1
| #define ENABLE_SSE41 1
| #define ENABLE_AVX2 1
| #define ENABLE_SHANI 1
| #define HAVE_PTHREAD_PRIO_INHERIT 1
| #define HAVE_PTHREAD 1
| #define HAVE_DECL_STRERROR_R 1
| #define HAVE_STRERROR_R 1
| #define HAVE_STDIO_H 1
| #define HAVE_STDLIB_H 1
| #define HAVE_UNISTD_H 1
| #define HAVE_STRINGS_H 1
| #define HAVE_SYS_TYPES_H 1
| #define HAVE_SYS_STAT_H 1
| #define HAVE_SYS_SELECT_H 1
| #define HAVE_DECL_STRNLEN 1
| #define HAVE_DECL_DAEMON 1
| #define HAVE_DECL_LE16TOH 0
| #define HAVE_DECL_LE32TOH 0
| #define HAVE_DECL_LE64TOH 0
| #define HAVE_DECL_HTOLE16 0
| #define HAVE_DECL_HTOLE32 0
| #define HAVE_DECL_HTOLE64 0
| #define HAVE_DECL_BE16TOH 0
| #define HAVE_DECL_BE32TOH 0
| #define HAVE_DECL_BE64TOH 0
| #define HAVE_DECL_HTOBE16 0
| /* end confdefs.h.  */
| #if HAVE_ENDIAN_H
|                  #include <endian.h>
|                  #elif HAVE_SYS_ENDIAN_H
|                  #include <sys/endian.h>
|                  #endif
| 
| int
| main (void)
| {
| #ifndef htobe32
| #ifdef __cplusplus
|   (void) htobe32;
| #else
|   (void) htobe32;
| #endif
| #endif
| 
|   ;
|   return 0;
| }
configure:25742: result: no
configure:25755: checking whether htobe64 is declared
configure:25755: g++ -std=c++14 -c -g -O2 -g1 -fno-omit-frame-pointer -Wall -Wextra -Wformat -Wvla -Wformat-security -Wthread-safety-analysis -Wno-unused-parameter -Wno-self-assign -Wno-unused-local-typedef -Wno-deprecated-register -Wno-implicit-fallthrough   -DHAVE_BUILD_INFO -D__STDC_FORMAT_MACROS -I/usr/local/opt/berkeley-db@4/include -DMAC_OSX -DOBJC_OLD_DISPATCH_PROTOTYPES=0 conftest.cpp >&5
conftest.cpp:64:10: error: use of undeclared identifier 'htobe64'
  (void) htobe64;
         ^
1 error generated.
configure:25755: $? = 1
configure: failed program was:
| /* confdefs.h */
| #define PACKAGE_NAME "Bitoreum Core"
| #define PACKAGE_TARNAME "bitoreumcore"
| #define PACKAGE_VERSION "1.3.17"
| #define PACKAGE_STRING "Bitoreum Core 1.3.17"
| #define PACKAGE_BUGREPORT "https://github.com/bugahost/bitoreum/issues"
| #define PACKAGE_URL "https://bitoreum.org/"
| #define HAVE_CXX14 1
| #define HAVE_STDIO_H 1
| #define HAVE_STDLIB_H 1
| #define HAVE_STRING_H 1
| #define HAVE_INTTYPES_H 1
| #define HAVE_STDINT_H 1
| #define HAVE_STRINGS_H 1
| #define HAVE_SYS_STAT_H 1
| #define HAVE_SYS_TYPES_H 1
| #define HAVE_UNISTD_H 1
| #define STDC_HEADERS 1
| #define HAVE_DLFCN_H 1
| #define LT_OBJDIR ".libs/"
| #define USE_ASM 1
| #define ENABLE_MINER 1
| #define HAVE_EXECINFO_H 1
| #define ENABLE_STACKTRACES 1
| #define ENABLE_SSE41 1
| #define ENABLE_AVX2 1
| #define ENABLE_SHANI 1
| #define HAVE_PTHREAD_PRIO_INHERIT 1
| #define HAVE_PTHREAD 1
| #define HAVE_DECL_STRERROR_R 1
| #define HAVE_STRERROR_R 1
| #define HAVE_STDIO_H 1
| #define HAVE_STDLIB_H 1
| #define HAVE_UNISTD_H 1
| #define HAVE_STRINGS_H 1
| #define HAVE_SYS_TYPES_H 1
| #define HAVE_SYS_STAT_H 1
| #define HAVE_SYS_SELECT_H 1
| #define HAVE_DECL_STRNLEN 1
| #define HAVE_DECL_DAEMON 1
| #define HAVE_DECL_LE16TOH 0
| #define HAVE_DECL_LE32TOH 0
| #define HAVE_DECL_LE64TOH 0
| #define HAVE_DECL_HTOLE16 0
| #define HAVE_DECL_HTOLE32 0
| #define HAVE_DECL_HTOLE64 0
| #define HAVE_DECL_BE16TOH 0
| #define HAVE_DECL_BE32TOH 0
| #define HAVE_DECL_BE64TOH 0
| #define HAVE_DECL_HTOBE16 0
| #define HAVE_DECL_HTOBE32 0
| /* end confdefs.h.  */
| #if HAVE_ENDIAN_H
|                  #include <endian.h>
|                  #elif HAVE_SYS_ENDIAN_H
|                  #include <sys/endian.h>
|                  #endif
| 
| int
| main (void)
| {
| #ifndef htobe64
| #ifdef __cplusplus
|   (void) htobe64;
| #else
|   (void) htobe64;
| #endif
| #endif
| 
|   ;
|   return 0;
| }
configure:25755: result: no
configure:25770: checking whether bswap_16 is declared
configure:25770: g++ -std=c++14 -c -g -O2 -g1 -fno-omit-frame-pointer -Wall -Wextra -Wformat -Wvla -Wformat-security -Wthread-safety-analysis -Wno-unused-parameter -Wno-self-assign -Wno-unused-local-typedef -Wno-deprecated-register -Wno-implicit-fallthrough   -DHAVE_BUILD_INFO -D__STDC_FORMAT_MACROS -I/usr/local/opt/berkeley-db@4/include -DMAC_OSX -DOBJC_OLD_DISPATCH_PROTOTYPES=0 conftest.cpp >&5
conftest.cpp:63:10: error: use of undeclared identifier 'bswap_16'
  (void) bswap_16;
         ^
1 error generated.
configure:25770: $? = 1
configure: failed program was:
| /* confdefs.h */
| #define PACKAGE_NAME "Bitoreum Core"
| #define PACKAGE_TARNAME "bitoreumcore"
| #define PACKAGE_VERSION "1.3.17"
| #define PACKAGE_STRING "Bitoreum Core 1.3.17"
| #define PACKAGE_BUGREPORT "https://github.com/bugahost/bitoreum/issues"
| #define PACKAGE_URL "https://bitoreum.org/"
| #define HAVE_CXX14 1
| #define HAVE_STDIO_H 1
| #define HAVE_STDLIB_H 1
| #define HAVE_STRING_H 1
| #define HAVE_INTTYPES_H 1
| #define HAVE_STDINT_H 1
| #define HAVE_STRINGS_H 1
| #define HAVE_SYS_STAT_H 1
| #define HAVE_SYS_TYPES_H 1
| #define HAVE_UNISTD_H 1
| #define STDC_HEADERS 1
| #define HAVE_DLFCN_H 1
| #define LT_OBJDIR ".libs/"
| #define USE_ASM 1
| #define ENABLE_MINER 1
| #define HAVE_EXECINFO_H 1
| #define ENABLE_STACKTRACES 1
| #define ENABLE_SSE41 1
| #define ENABLE_AVX2 1
| #define ENABLE_SHANI 1
| #define HAVE_PTHREAD_PRIO_INHERIT 1
| #define HAVE_PTHREAD 1
| #define HAVE_DECL_STRERROR_R 1
| #define HAVE_STRERROR_R 1
| #define HAVE_STDIO_H 1
| #define HAVE_STDLIB_H 1
| #define HAVE_UNISTD_H 1
| #define HAVE_STRINGS_H 1
| #define HAVE_SYS_TYPES_H 1
| #define HAVE_SYS_STAT_H 1
| #define HAVE_SYS_SELECT_H 1
| #define HAVE_DECL_STRNLEN 1
| #define HAVE_DECL_DAEMON 1
| #define HAVE_DECL_LE16TOH 0
| #define HAVE_DECL_LE32TOH 0
| #define HAVE_DECL_LE64TOH 0
| #define HAVE_DECL_HTOLE16 0
| #define HAVE_DECL_HTOLE32 0
| #define HAVE_DECL_HTOLE64 0
| #define HAVE_DECL_BE16TOH 0
| #define HAVE_DECL_BE32TOH 0
| #define HAVE_DECL_BE64TOH 0
| #define HAVE_DECL_HTOBE16 0
| #define HAVE_DECL_HTOBE32 0
| #define HAVE_DECL_HTOBE64 0
| /* end confdefs.h.  */
| #if HAVE_BYTESWAP_H
|                  #include <byteswap.h>
|                  #endif
| 
| int
| main (void)
| {
| #ifndef bswap_16
| #ifdef __cplusplus
|   (void) bswap_16;
| #else
|   (void) bswap_16;
| #endif
| #endif
| 
|   ;
|   return 0;
| }
configure:25770: result: no
configure:25781: checking whether bswap_32 is declared
configure:25781: g++ -std=c++14 -c -g -O2 -g1 -fno-omit-frame-pointer -Wall -Wextra -Wformat -Wvla -Wformat-security -Wthread-safety-analysis -Wno-unused-parameter -Wno-self-assign -Wno-unused-local-typedef -Wno-deprecated-register -Wno-implicit-fallthrough   -DHAVE_BUILD_INFO -D__STDC_FORMAT_MACROS -I/usr/local/opt/berkeley-db@4/include -DMAC_OSX -DOBJC_OLD_DISPATCH_PROTOTYPES=0 conftest.cpp >&5
conftest.cpp:64:10: error: use of undeclared identifier 'bswap_32'
  (void) bswap_32;
         ^
1 error generated.
configure:25781: $? = 1
configure: failed program was:
| /* confdefs.h */
| #define PACKAGE_NAME "Bitoreum Core"
| #define PACKAGE_TARNAME "bitoreumcore"
| #define PACKAGE_VERSION "1.3.17"
| #define PACKAGE_STRING "Bitoreum Core 1.3.17"
| #define PACKAGE_BUGREPORT "https://github.com/bugahost/bitoreum/issues"
| #define PACKAGE_URL "https://bitoreum.org/"
| #define HAVE_CXX14 1
| #define HAVE_STDIO_H 1
| #define HAVE_STDLIB_H 1
| #define HAVE_STRING_H 1
| #define HAVE_INTTYPES_H 1
| #define HAVE_STDINT_H 1
| #define HAVE_STRINGS_H 1
| #define HAVE_SYS_STAT_H 1
| #define HAVE_SYS_TYPES_H 1
| #define HAVE_UNISTD_H 1
| #define STDC_HEADERS 1
| #define HAVE_DLFCN_H 1
| #define LT_OBJDIR ".libs/"
| #define USE_ASM 1
| #define ENABLE_MINER 1
| #define HAVE_EXECINFO_H 1
| #define ENABLE_STACKTRACES 1
| #define ENABLE_SSE41 1
| #define ENABLE_AVX2 1
| #define ENABLE_SHANI 1
| #define HAVE_PTHREAD_PRIO_INHERIT 1
| #define HAVE_PTHREAD 1
| #define HAVE_DECL_STRERROR_R 1
| #define HAVE_STRERROR_R 1
| #define HAVE_STDIO_H 1
| #define HAVE_STDLIB_H 1
| #define HAVE_UNISTD_H 1
| #define HAVE_STRINGS_H 1
| #define HAVE_SYS_TYPES_H 1
| #define HAVE_SYS_STAT_H 1
| #define HAVE_SYS_SELECT_H 1
| #define HAVE_DECL_STRNLEN 1
| #define HAVE_DECL_DAEMON 1
| #define HAVE_DECL_LE16TOH 0
| #define HAVE_DECL_LE32TOH 0
| #define HAVE_DECL_LE64TOH 0
| #define HAVE_DECL_HTOLE16 0
| #define HAVE_DECL_HTOLE32 0
| #define HAVE_DECL_HTOLE64 0
| #define HAVE_DECL_BE16TOH 0
| #define HAVE_DECL_BE32TOH 0
| #define HAVE_DECL_BE64TOH 0
| #define HAVE_DECL_HTOBE16 0
| #define HAVE_DECL_HTOBE32 0
| #define HAVE_DECL_HTOBE64 0
| #define HAVE_DECL_BSWAP_16 0
| /* end confdefs.h.  */
| #if HAVE_BYTESWAP_H
|                  #include <byteswap.h>
|                  #endif
| 
| int
| main (void)
| {
| #ifndef bswap_32
| #ifdef __cplusplus
|   (void) bswap_32;
| #else
|   (void) bswap_32;
| #endif
| #endif
| 
|   ;
|   return 0;
| }
configure:25781: result: no
configure:25792: checking whether bswap_64 is declared
configure:25792: g++ -std=c++14 -c -g -O2 -g1 -fno-omit-frame-pointer -Wall -Wextra -Wformat -Wvla -Wformat-security -Wthread-safety-analysis -Wno-unused-parameter -Wno-self-assign -Wno-unused-local-typedef -Wno-deprecated-register -Wno-implicit-fallthrough   -DHAVE_BUILD_INFO -D__STDC_FORMAT_MACROS -I/usr/local/opt/berkeley-db@4/include -DMAC_OSX -DOBJC_OLD_DISPATCH_PROTOTYPES=0 conftest.cpp >&5
conftest.cpp:65:10: error: use of undeclared identifier 'bswap_64'
  (void) bswap_64;
         ^
1 error generated.
configure:25792: $? = 1
configure: failed program was:
| /* confdefs.h */
| #define PACKAGE_NAME "Bitoreum Core"
| #define PACKAGE_TARNAME "bitoreumcore"
| #define PACKAGE_VERSION "1.3.17"
| #define PACKAGE_STRING "Bitoreum Core 1.3.17"
| #define PACKAGE_BUGREPORT "https://github.com/bugahost/bitoreum/issues"
| #define PACKAGE_URL "https://bitoreum.org/"
| #define HAVE_CXX14 1
| #define HAVE_STDIO_H 1
| #define HAVE_STDLIB_H 1
| #define HAVE_STRING_H 1
| #define HAVE_INTTYPES_H 1
| #define HAVE_STDINT_H 1
| #define HAVE_STRINGS_H 1
| #define HAVE_SYS_STAT_H 1
| #define HAVE_SYS_TYPES_H 1
| #define HAVE_UNISTD_H 1
| #define STDC_HEADERS 1
| #define HAVE_DLFCN_H 1
| #define LT_OBJDIR ".libs/"
| #define USE_ASM 1
| #define ENABLE_MINER 1
| #define HAVE_EXECINFO_H 1
| #define ENABLE_STACKTRACES 1
| #define ENABLE_SSE41 1
| #define ENABLE_AVX2 1
| #define ENABLE_SHANI 1
| #define HAVE_PTHREAD_PRIO_INHERIT 1
| #define HAVE_PTHREAD 1
| #define HAVE_DECL_STRERROR_R 1
| #define HAVE_STRERROR_R 1
| #define HAVE_STDIO_H 1
| #define HAVE_STDLIB_H 1
| #define HAVE_UNISTD_H 1
| #define HAVE_STRINGS_H 1
| #define HAVE_SYS_TYPES_H 1
| #define HAVE_SYS_STAT_H 1
| #define HAVE_SYS_SELECT_H 1
| #define HAVE_DECL_STRNLEN 1
| #define HAVE_DECL_DAEMON 1
| #define HAVE_DECL_LE16TOH 0
| #define HAVE_DECL_LE32TOH 0
| #define HAVE_DECL_LE64TOH 0
| #define HAVE_DECL_HTOLE16 0
| #define HAVE_DECL_HTOLE32 0
| #define HAVE_DECL_HTOLE64 0
| #define HAVE_DECL_BE16TOH 0
| #define HAVE_DECL_BE32TOH 0
| #define HAVE_DECL_BE64TOH 0
| #define HAVE_DECL_HTOBE16 0
| #define HAVE_DECL_HTOBE32 0
| #define HAVE_DECL_HTOBE64 0
| #define HAVE_DECL_BSWAP_16 0
| #define HAVE_DECL_BSWAP_32 0
| /* end confdefs.h.  */
| #if HAVE_BYTESWAP_H
|                  #include <byteswap.h>
|                  #endif
| 
| int
| main (void)
| {
| #ifndef bswap_64
| #ifdef __cplusplus
|   (void) bswap_64;
| #else
|   (void) bswap_64;
| #endif
| #endif
| 
|   ;
|   return 0;
| }
configure:25792: result: no
configure:25805: checking whether __builtin_clz is declared
configure:25805: g++ -std=c++14 -c -g -O2 -g1 -fno-omit-frame-pointer -Wall -Wextra -Wformat -Wvla -Wformat-security -Wthread-safety-analysis -Wno-unused-parameter -Wno-self-assign -Wno-unused-local-typedef -Wno-deprecated-register -Wno-implicit-fallthrough   -DHAVE_BUILD_INFO -D__STDC_FORMAT_MACROS -I/usr/local/opt/berkeley-db@4/include -DMAC_OSX -DOBJC_OLD_DISPATCH_PROTOTYPES=0 conftest.cpp >&5
conftest.cpp:90:10: error: builtin functions must be directly called
  (void) __builtin_clz;
         ^
1 error generated.
configure:25805: $? = 1
configure: failed program was:
| /* confdefs.h */
| #define PACKAGE_NAME "Bitoreum Core"
| #define PACKAGE_TARNAME "bitoreumcore"
| #define PACKAGE_VERSION "1.3.17"
| #define PACKAGE_STRING "Bitoreum Core 1.3.17"
| #define PACKAGE_BUGREPORT "https://github.com/bugahost/bitoreum/issues"
| #define PACKAGE_URL "https://bitoreum.org/"
| #define HAVE_CXX14 1
| #define HAVE_STDIO_H 1
| #define HAVE_STDLIB_H 1
| #define HAVE_STRING_H 1
| #define HAVE_INTTYPES_H 1
| #define HAVE_STDINT_H 1
| #define HAVE_STRINGS_H 1
| #define HAVE_SYS_STAT_H 1
| #define HAVE_SYS_TYPES_H 1
| #define HAVE_UNISTD_H 1
| #define STDC_HEADERS 1
| #define HAVE_DLFCN_H 1
| #define LT_OBJDIR ".libs/"
| #define USE_ASM 1
| #define ENABLE_MINER 1
| #define HAVE_EXECINFO_H 1
| #define ENABLE_STACKTRACES 1
| #define ENABLE_SSE41 1
| #define ENABLE_AVX2 1
| #define ENABLE_SHANI 1
| #define HAVE_PTHREAD_PRIO_INHERIT 1
| #define HAVE_PTHREAD 1
| #define HAVE_DECL_STRERROR_R 1
| #define HAVE_STRERROR_R 1
| #define HAVE_STDIO_H 1
| #define HAVE_STDLIB_H 1
| #define HAVE_UNISTD_H 1
| #define HAVE_STRINGS_H 1
| #define HAVE_SYS_TYPES_H 1
| #define HAVE_SYS_STAT_H 1
| #define HAVE_SYS_SELECT_H 1
| #define HAVE_DECL_STRNLEN 1
| #define HAVE_DECL_DAEMON 1
| #define HAVE_DECL_LE16TOH 0
| #define HAVE_DECL_LE32TOH 0
| #define HAVE_DECL_LE64TOH 0
| #define HAVE_DECL_HTOLE16 0
| #define HAVE_DECL_HTOLE32 0
| #define HAVE_DECL_HTOLE64 0
| #define HAVE_DECL_BE16TOH 0
| #define HAVE_DECL_BE32TOH 0
| #define HAVE_DECL_BE64TOH 0
| #define HAVE_DECL_HTOBE16 0
| #define HAVE_DECL_HTOBE32 0
| #define HAVE_DECL_HTOBE64 0
| #define HAVE_DECL_BSWAP_16 0
| #define HAVE_DECL_BSWAP_32 0
| #define HAVE_DECL_BSWAP_64 0
| /* end confdefs.h.  */
| #include <stddef.h>
| #ifdef HAVE_STDIO_H
| # include <stdio.h>
| #endif
| #ifdef HAVE_STDLIB_H
| # include <stdlib.h>
| #endif
| #ifdef HAVE_STRING_H
| # include <string.h>
| #endif
| #ifdef HAVE_INTTYPES_H
| # include <inttypes.h>
| #endif
| #ifdef HAVE_STDINT_H
| # include <stdint.h>
| #endif
| #ifdef HAVE_STRINGS_H
| # include <strings.h>
| #endif
| #ifdef HAVE_SYS_TYPES_H
| # include <sys/types.h>
| #endif
| #ifdef HAVE_SYS_STAT_H
| # include <sys/stat.h>
| #endif
| #ifdef HAVE_UNISTD_H
| # include <unistd.h>
| #endif
| int
| main (void)
| {
| #ifndef __builtin_clz
| #ifdef __cplusplus
|   (void) __builtin_clz;
| #else
|   (void) __builtin_clz;
| #endif
| #endif
| 
|   ;
|   return 0;
| }
configure:25805: result: no
configure:25813: checking whether __builtin_clzl is declared
configure:25813: g++ -std=c++14 -c -g -O2 -g1 -fno-omit-frame-pointer -Wall -Wextra -Wformat -Wvla -Wformat-security -Wthread-safety-analysis -Wno-unused-parameter -Wno-self-assign -Wno-unused-local-typedef -Wno-deprecated-register -Wno-implicit-fallthrough   -DHAVE_BUILD_INFO -D__STDC_FORMAT_MACROS -I/usr/local/opt/berkeley-db@4/include -DMAC_OSX -DOBJC_OLD_DISPATCH_PROTOTYPES=0 conftest.cpp >&5
conftest.cpp:91:10: error: builtin functions must be directly called
  (void) __builtin_clzl;
         ^
1 error generated.
configure:25813: $? = 1
configure: failed program was:
| /* confdefs.h */
| #define PACKAGE_NAME "Bitoreum Core"
| #define PACKAGE_TARNAME "bitoreumcore"
| #define PACKAGE_VERSION "1.3.17"
| #define PACKAGE_STRING "Bitoreum Core 1.3.17"
| #define PACKAGE_BUGREPORT "https://github.com/bugahost/bitoreum/issues"
| #define PACKAGE_URL "https://bitoreum.org/"
| #define HAVE_CXX14 1
| #define HAVE_STDIO_H 1
| #define HAVE_STDLIB_H 1
| #define HAVE_STRING_H 1
| #define HAVE_INTTYPES_H 1
| #define HAVE_STDINT_H 1
| #define HAVE_STRINGS_H 1
| #define HAVE_SYS_STAT_H 1
| #define HAVE_SYS_TYPES_H 1
| #define HAVE_UNISTD_H 1
| #define STDC_HEADERS 1
| #define HAVE_DLFCN_H 1
| #define LT_OBJDIR ".libs/"
| #define USE_ASM 1
| #define ENABLE_MINER 1
| #define HAVE_EXECINFO_H 1
| #define ENABLE_STACKTRACES 1
| #define ENABLE_SSE41 1
| #define ENABLE_AVX2 1
| #define ENABLE_SHANI 1
| #define HAVE_PTHREAD_PRIO_INHERIT 1
| #define HAVE_PTHREAD 1
| #define HAVE_DECL_STRERROR_R 1
| #define HAVE_STRERROR_R 1
| #define HAVE_STDIO_H 1
| #define HAVE_STDLIB_H 1
| #define HAVE_UNISTD_H 1
| #define HAVE_STRINGS_H 1
| #define HAVE_SYS_TYPES_H 1
| #define HAVE_SYS_STAT_H 1
| #define HAVE_SYS_SELECT_H 1
| #define HAVE_DECL_STRNLEN 1
| #define HAVE_DECL_DAEMON 1
| #define HAVE_DECL_LE16TOH 0
| #define HAVE_DECL_LE32TOH 0
| #define HAVE_DECL_LE64TOH 0
| #define HAVE_DECL_HTOLE16 0
| #define HAVE_DECL_HTOLE32 0
| #define HAVE_DECL_HTOLE64 0
| #define HAVE_DECL_BE16TOH 0
| #define HAVE_DECL_BE32TOH 0
| #define HAVE_DECL_BE64TOH 0
| #define HAVE_DECL_HTOBE16 0
| #define HAVE_DECL_HTOBE32 0
| #define HAVE_DECL_HTOBE64 0
| #define HAVE_DECL_BSWAP_16 0
| #define HAVE_DECL_BSWAP_32 0
| #define HAVE_DECL_BSWAP_64 0
| #define HAVE_DECL___BUILTIN_CLZ 0
| /* end confdefs.h.  */
| #include <stddef.h>
| #ifdef HAVE_STDIO_H
| # include <stdio.h>
| #endif
| #ifdef HAVE_STDLIB_H
| # include <stdlib.h>
| #endif
| #ifdef HAVE_STRING_H
| # include <string.h>
| #endif
| #ifdef HAVE_INTTYPES_H
| # include <inttypes.h>
| #endif
| #ifdef HAVE_STDINT_H
| # include <stdint.h>
| #endif
| #ifdef HAVE_STRINGS_H
| # include <strings.h>
| #endif
| #ifdef HAVE_SYS_TYPES_H
| # include <sys/types.h>
| #endif
| #ifdef HAVE_SYS_STAT_H
| # include <sys/stat.h>
| #endif
| #ifdef HAVE_UNISTD_H
| # include <unistd.h>
| #endif
| int
| main (void)
| {
| #ifndef __builtin_clzl
| #ifdef __cplusplus
|   (void) __builtin_clzl;
| #else
|   (void) __builtin_clzl;
| #endif
| #endif
| 
|   ;
|   return 0;
| }
configure:25813: result: no
configure:25821: checking whether __builtin_clzll is declared
configure:25821: g++ -std=c++14 -c -g -O2 -g1 -fno-omit-frame-pointer -Wall -Wextra -Wformat -Wvla -Wformat-security -Wthread-safety-analysis -Wno-unused-parameter -Wno-self-assign -Wno-unused-local-typedef -Wno-deprecated-register -Wno-implicit-fallthrough   -DHAVE_BUILD_INFO -D__STDC_FORMAT_MACROS -I/usr/local/opt/berkeley-db@4/include -DMAC_OSX -DOBJC_OLD_DISPATCH_PROTOTYPES=0 conftest.cpp >&5
conftest.cpp:92:10: error: builtin functions must be directly called
  (void) __builtin_clzll;
         ^
1 error generated.
configure:25821: $? = 1
configure: failed program was:
| /* confdefs.h */
| #define PACKAGE_NAME "Bitoreum Core"
| #define PACKAGE_TARNAME "bitoreumcore"
| #define PACKAGE_VERSION "1.3.17"
| #define PACKAGE_STRING "Bitoreum Core 1.3.17"
| #define PACKAGE_BUGREPORT "https://github.com/bugahost/bitoreum/issues"
| #define PACKAGE_URL "https://bitoreum.org/"
| #define HAVE_CXX14 1
| #define HAVE_STDIO_H 1
| #define HAVE_STDLIB_H 1
| #define HAVE_STRING_H 1
| #define HAVE_INTTYPES_H 1
| #define HAVE_STDINT_H 1
| #define HAVE_STRINGS_H 1
| #define HAVE_SYS_STAT_H 1
| #define HAVE_SYS_TYPES_H 1
| #define HAVE_UNISTD_H 1
| #define STDC_HEADERS 1
| #define HAVE_DLFCN_H 1
| #define LT_OBJDIR ".libs/"
| #define USE_ASM 1
| #define ENABLE_MINER 1
| #define HAVE_EXECINFO_H 1
| #define ENABLE_STACKTRACES 1
| #define ENABLE_SSE41 1
| #define ENABLE_AVX2 1
| #define ENABLE_SHANI 1
| #define HAVE_PTHREAD_PRIO_INHERIT 1
| #define HAVE_PTHREAD 1
| #define HAVE_DECL_STRERROR_R 1
| #define HAVE_STRERROR_R 1
| #define HAVE_STDIO_H 1
| #define HAVE_STDLIB_H 1
| #define HAVE_UNISTD_H 1
| #define HAVE_STRINGS_H 1
| #define HAVE_SYS_TYPES_H 1
| #define HAVE_SYS_STAT_H 1
| #define HAVE_SYS_SELECT_H 1
| #define HAVE_DECL_STRNLEN 1
| #define HAVE_DECL_DAEMON 1
| #define HAVE_DECL_LE16TOH 0
| #define HAVE_DECL_LE32TOH 0
| #define HAVE_DECL_LE64TOH 0
| #define HAVE_DECL_HTOLE16 0
| #define HAVE_DECL_HTOLE32 0
| #define HAVE_DECL_HTOLE64 0
| #define HAVE_DECL_BE16TOH 0
| #define HAVE_DECL_BE32TOH 0
| #define HAVE_DECL_BE64TOH 0
| #define HAVE_DECL_HTOBE16 0
| #define HAVE_DECL_HTOBE32 0
| #define HAVE_DECL_HTOBE64 0
| #define HAVE_DECL_BSWAP_16 0
| #define HAVE_DECL_BSWAP_32 0
| #define HAVE_DECL_BSWAP_64 0
| #define HAVE_DECL___BUILTIN_CLZ 0
| #define HAVE_DECL___BUILTIN_CLZL 0
| /* end confdefs.h.  */
| #include <stddef.h>
| #ifdef HAVE_STDIO_H
| # include <stdio.h>
| #endif
| #ifdef HAVE_STDLIB_H
| # include <stdlib.h>
| #endif
| #ifdef HAVE_STRING_H
| # include <string.h>
| #endif
| #ifdef HAVE_INTTYPES_H
| # include <inttypes.h>
| #endif
| #ifdef HAVE_STDINT_H
| # include <stdint.h>
| #endif
| #ifdef HAVE_STRINGS_H
| # include <strings.h>
| #endif
| #ifdef HAVE_SYS_TYPES_H
| # include <sys/types.h>
| #endif
| #ifdef HAVE_SYS_STAT_H
| # include <sys/stat.h>
| #endif
| #ifdef HAVE_UNISTD_H
| # include <unistd.h>
| #endif
| int
| main (void)
| {
| #ifndef __builtin_clzll
| #ifdef __cplusplus
|   (void) __builtin_clzll;
| #else
|   (void) __builtin_clzll;
| #endif
| #endif
| 
|   ;
|   return 0;
| }
configure:25821: result: no
configure:25831: checking for mallopt M_ARENA_MAX
configure:25844: g++ -std=c++14 -c -g -O2 -g1 -fno-omit-frame-pointer -Wall -Wextra -Wformat -Wvla -Wformat-security -Wthread-safety-analysis -Wno-unused-parameter -Wno-self-assign -Wno-unused-local-typedef -Wno-deprecated-register -Wno-implicit-fallthrough  -DHAVE_BUILD_INFO -D__STDC_FORMAT_MACROS -I/usr/local/opt/berkeley-db@4/include -DMAC_OSX -DOBJC_OLD_DISPATCH_PROTOTYPES=0 conftest.cpp >&5
conftest.cpp:60:10: fatal error: 'malloc.h' file not found
#include <malloc.h>
         ^~~~~~~~~~
1 error generated.
configure:25844: $? = 1
configure: failed program was:
| /* confdefs.h */
| #define PACKAGE_NAME "Bitoreum Core"
| #define PACKAGE_TARNAME "bitoreumcore"
| #define PACKAGE_VERSION "1.3.17"
| #define PACKAGE_STRING "Bitoreum Core 1.3.17"
| #define PACKAGE_BUGREPORT "https://github.com/bugahost/bitoreum/issues"
| #define PACKAGE_URL "https://bitoreum.org/"
| #define HAVE_CXX14 1
| #define HAVE_STDIO_H 1
| #define HAVE_STDLIB_H 1
| #define HAVE_STRING_H 1
| #define HAVE_INTTYPES_H 1
| #define HAVE_STDINT_H 1
| #define HAVE_STRINGS_H 1
| #define HAVE_SYS_STAT_H 1
| #define HAVE_SYS_TYPES_H 1
| #define HAVE_UNISTD_H 1
| #define STDC_HEADERS 1
| #define HAVE_DLFCN_H 1
| #define LT_OBJDIR ".libs/"
| #define USE_ASM 1
| #define ENABLE_MINER 1
| #define HAVE_EXECINFO_H 1
| #define ENABLE_STACKTRACES 1
| #define ENABLE_SSE41 1
| #define ENABLE_AVX2 1
| #define ENABLE_SHANI 1
| #define HAVE_PTHREAD_PRIO_INHERIT 1
| #define HAVE_PTHREAD 1
| #define HAVE_DECL_STRERROR_R 1
| #define HAVE_STRERROR_R 1
| #define HAVE_STDIO_H 1
| #define HAVE_STDLIB_H 1
| #define HAVE_UNISTD_H 1
| #define HAVE_STRINGS_H 1
| #define HAVE_SYS_TYPES_H 1
| #define HAVE_SYS_STAT_H 1
| #define HAVE_SYS_SELECT_H 1
| #define HAVE_DECL_STRNLEN 1
| #define HAVE_DECL_DAEMON 1
| #define HAVE_DECL_LE16TOH 0
| #define HAVE_DECL_LE32TOH 0
| #define HAVE_DECL_LE64TOH 0
| #define HAVE_DECL_HTOLE16 0
| #define HAVE_DECL_HTOLE32 0
| #define HAVE_DECL_HTOLE64 0
| #define HAVE_DECL_BE16TOH 0
| #define HAVE_DECL_BE32TOH 0
| #define HAVE_DECL_BE64TOH 0
| #define HAVE_DECL_HTOBE16 0
| #define HAVE_DECL_HTOBE32 0
| #define HAVE_DECL_HTOBE64 0
| #define HAVE_DECL_BSWAP_16 0
| #define HAVE_DECL_BSWAP_32 0
| #define HAVE_DECL_BSWAP_64 0
| #define HAVE_DECL___BUILTIN_CLZ 0
| #define HAVE_DECL___BUILTIN_CLZL 0
| #define HAVE_DECL___BUILTIN_CLZLL 0
| /* end confdefs.h.  */
| #include <malloc.h>
| int
| main (void)
| {
|  mallopt(M_ARENA_MAX, 1);
|   ;
|   return 0;
| }
configure:25851: result: no
configure:25857: checking for getmemoryinfo
configure:25870: g++ -std=c++14 -c -g -O2 -g1 -fno-omit-frame-pointer -Wall -Wextra -Wformat -Wvla -Wformat-security -Wthread-safety-analysis -Wno-unused-parameter -Wno-self-assign -Wno-unused-local-typedef -Wno-deprecated-register -Wno-implicit-fallthrough  -DHAVE_BUILD_INFO -D__STDC_FORMAT_MACROS -I/usr/local/opt/berkeley-db@4/include -DMAC_OSX -DOBJC_OLD_DISPATCH_PROTOTYPES=0 conftest.cpp >&5
conftest.cpp:60:10: fatal error: 'malloc.h' file not found
#include <malloc.h>
         ^~~~~~~~~~
1 error generated.
configure:25870: $? = 1
configure: failed program was:
| /* confdefs.h */
| #define PACKAGE_NAME "Bitoreum Core"
| #define PACKAGE_TARNAME "bitoreumcore"
| #define PACKAGE_VERSION "1.3.17"
| #define PACKAGE_STRING "Bitoreum Core 1.3.17"
| #define PACKAGE_BUGREPORT "https://github.com/bugahost/bitoreum/issues"
| #define PACKAGE_URL "https://bitoreum.org/"
| #define HAVE_CXX14 1
| #define HAVE_STDIO_H 1
| #define HAVE_STDLIB_H 1
| #define HAVE_STRING_H 1
| #define HAVE_INTTYPES_H 1
| #define HAVE_STDINT_H 1
| #define HAVE_STRINGS_H 1
| #define HAVE_SYS_STAT_H 1
| #define HAVE_SYS_TYPES_H 1
| #define HAVE_UNISTD_H 1
| #define STDC_HEADERS 1
| #define HAVE_DLFCN_H 1
| #define LT_OBJDIR ".libs/"
| #define USE_ASM 1
| #define ENABLE_MINER 1
| #define HAVE_EXECINFO_H 1
| #define ENABLE_STACKTRACES 1
| #define ENABLE_SSE41 1
| #define ENABLE_AVX2 1
| #define ENABLE_SHANI 1
| #define HAVE_PTHREAD_PRIO_INHERIT 1
| #define HAVE_PTHREAD 1
| #define HAVE_DECL_STRERROR_R 1
| #define HAVE_STRERROR_R 1
| #define HAVE_STDIO_H 1
| #define HAVE_STDLIB_H 1
| #define HAVE_UNISTD_H 1
| #define HAVE_STRINGS_H 1
| #define HAVE_SYS_TYPES_H 1
| #define HAVE_SYS_STAT_H 1
| #define HAVE_SYS_SELECT_H 1
| #define HAVE_DECL_STRNLEN 1
| #define HAVE_DECL_DAEMON 1
| #define HAVE_DECL_LE16TOH 0
| #define HAVE_DECL_LE32TOH 0
| #define HAVE_DECL_LE64TOH 0
| #define HAVE_DECL_HTOLE16 0
| #define HAVE_DECL_HTOLE32 0
| #define HAVE_DECL_HTOLE64 0
| #define HAVE_DECL_BE16TOH 0
| #define HAVE_DECL_BE32TOH 0
| #define HAVE_DECL_BE64TOH 0
| #define HAVE_DECL_HTOBE16 0
| #define HAVE_DECL_HTOBE32 0
| #define HAVE_DECL_HTOBE64 0
| #define HAVE_DECL_BSWAP_16 0
| #define HAVE_DECL_BSWAP_32 0
| #define HAVE_DECL_BSWAP_64 0
| #define HAVE_DECL___BUILTIN_CLZ 0
| #define HAVE_DECL___BUILTIN_CLZL 0
| #define HAVE_DECL___BUILTIN_CLZLL 0
| /* end confdefs.h.  */
| #include <malloc.h>
| int
| main (void)
| {
|  int f = malloc_info(0, NULL);
|   ;
|   return 0;
| }
configure:25877: result: no
configure:25883: checking for visibility attribute
configure:25892: g++ -std=c++14 -o conftest -g -O2 -g1 -fno-omit-frame-pointer -Wall -Wextra -Wformat -Wvla -Wformat-security -Wthread-safety-analysis -Wno-unused-parameter -Wno-self-assign -Wno-unused-local-typedef -Wno-deprecated-register -Wno-implicit-fallthrough  -DHAVE_BUILD_INFO -D__STDC_FORMAT_MACROS -I/usr/local/opt/berkeley-db@4/include -DMAC_OSX -DOBJC_OLD_DISPATCH_PROTOTYPES=0  -Wl,-headerpad_max_install_names -Wl,-dead_strip conftest.cpp  -L/usr/local/opt/berkeley-db@4/lib >&5
ld: warning: directory not found for option '-L/usr/local/opt/berkeley-db@4/lib'
configure:25892: $? = 0
configure:25898: result: yes
configure:25916: checking for thread_local support
configure:25930: g++ -std=c++14 -o conftest -g -O2 -g1 -fno-omit-frame-pointer -Wall -Wextra -Wformat -Wvla -Wformat-security -Wthread-safety-analysis -Wno-unused-parameter -Wno-self-assign -Wno-unused-local-typedef -Wno-deprecated-register -Wno-implicit-fallthrough  -DHAVE_BUILD_INFO -D__STDC_FORMAT_MACROS -I/usr/local/opt/berkeley-db@4/include -DMAC_OSX -DOBJC_OLD_DISPATCH_PROTOTYPES=0  -Wl,-headerpad_max_install_names -Wl,-dead_strip -pthread conftest.cpp  -L/usr/local/opt/berkeley-db@4/lib >&5
ld: warning: directory not found for option '-L/usr/local/opt/berkeley-db@4/lib'
configure:25930: $? = 0
configure:25936: result: yes
configure:25951: checking for Linux getrandom syscall
configure:25966: g++ -std=c++14 -c -g -O2 -g1 -fno-omit-frame-pointer -Wall -Wextra -Wformat -Wvla -Wformat-security -Wthread-safety-analysis -Wno-unused-parameter -Wno-self-assign -Wno-unused-local-typedef -Wno-deprecated-register -Wno-implicit-fallthrough  -DHAVE_BUILD_INFO -D__STDC_FORMAT_MACROS -I/usr/local/opt/berkeley-db@4/include -DMAC_OSX -DOBJC_OLD_DISPATCH_PROTOTYPES=0 conftest.cpp >&5
conftest.cpp:64:12: fatal error: 'linux/random.h' file not found
  #include <linux/random.h>
           ^~~~~~~~~~~~~~~~
1 error generated.
configure:25966: $? = 1
configure: failed program was:
| /* confdefs.h */
| #define PACKAGE_NAME "Bitoreum Core"
| #define PACKAGE_TARNAME "bitoreumcore"
| #define PACKAGE_VERSION "1.3.17"
| #define PACKAGE_STRING "Bitoreum Core 1.3.17"
| #define PACKAGE_BUGREPORT "https://github.com/bugahost/bitoreum/issues"
| #define PACKAGE_URL "https://bitoreum.org/"
| #define HAVE_CXX14 1
| #define HAVE_STDIO_H 1
| #define HAVE_STDLIB_H 1
| #define HAVE_STRING_H 1
| #define HAVE_INTTYPES_H 1
| #define HAVE_STDINT_H 1
| #define HAVE_STRINGS_H 1
| #define HAVE_SYS_STAT_H 1
| #define HAVE_SYS_TYPES_H 1
| #define HAVE_UNISTD_H 1
| #define STDC_HEADERS 1
| #define HAVE_DLFCN_H 1
| #define LT_OBJDIR ".libs/"
| #define USE_ASM 1
| #define ENABLE_MINER 1
| #define HAVE_EXECINFO_H 1
| #define ENABLE_STACKTRACES 1
| #define ENABLE_SSE41 1
| #define ENABLE_AVX2 1
| #define ENABLE_SHANI 1
| #define HAVE_PTHREAD_PRIO_INHERIT 1
| #define HAVE_PTHREAD 1
| #define HAVE_DECL_STRERROR_R 1
| #define HAVE_STRERROR_R 1
| #define HAVE_STDIO_H 1
| #define HAVE_STDLIB_H 1
| #define HAVE_UNISTD_H 1
| #define HAVE_STRINGS_H 1
| #define HAVE_SYS_TYPES_H 1
| #define HAVE_SYS_STAT_H 1
| #define HAVE_SYS_SELECT_H 1
| #define HAVE_DECL_STRNLEN 1
| #define HAVE_DECL_DAEMON 1
| #define HAVE_DECL_LE16TOH 0
| #define HAVE_DECL_LE32TOH 0
| #define HAVE_DECL_LE64TOH 0
| #define HAVE_DECL_HTOLE16 0
| #define HAVE_DECL_HTOLE32 0
| #define HAVE_DECL_HTOLE64 0
| #define HAVE_DECL_BE16TOH 0
| #define HAVE_DECL_BE32TOH 0
| #define HAVE_DECL_BE64TOH 0
| #define HAVE_DECL_HTOBE16 0
| #define HAVE_DECL_HTOBE32 0
| #define HAVE_DECL_HTOBE64 0
| #define HAVE_DECL_BSWAP_16 0
| #define HAVE_DECL_BSWAP_32 0
| #define HAVE_DECL_BSWAP_64 0
| #define HAVE_DECL___BUILTIN_CLZ 0
| #define HAVE_DECL___BUILTIN_CLZL 0
| #define HAVE_DECL___BUILTIN_CLZLL 0
| #define HAVE_VISIBILITY_ATTRIBUTE 1
| #define HAVE_THREAD_LOCAL 1
| /* end confdefs.h.  */
| #include <unistd.h>
|   #include <sys/syscall.h>
|   #include <linux/random.h>
| int
| main (void)
| {
|  syscall(SYS_getrandom, nullptr, 32, 0);
|   ;
|   return 0;
| }
configure:25973: result: no
configure:25979: checking for getentropy
configure:25992: g++ -std=c++14 -c -g -O2 -g1 -fno-omit-frame-pointer -Wall -Wextra -Wformat -Wvla -Wformat-security -Wthread-safety-analysis -Wno-unused-parameter -Wno-self-assign -Wno-unused-local-typedef -Wno-deprecated-register -Wno-implicit-fallthrough  -DHAVE_BUILD_INFO -D__STDC_FORMAT_MACROS -I/usr/local/opt/berkeley-db@4/include -DMAC_OSX -DOBJC_OLD_DISPATCH_PROTOTYPES=0 conftest.cpp >&5
conftest.cpp:66:2: error: use of undeclared identifier 'getentropy'
 getentropy(nullptr, 32)
 ^
1 error generated.
configure:25992: $? = 1
configure: failed program was:
| /* confdefs.h */
| #define PACKAGE_NAME "Bitoreum Core"
| #define PACKAGE_TARNAME "bitoreumcore"
| #define PACKAGE_VERSION "1.3.17"
| #define PACKAGE_STRING "Bitoreum Core 1.3.17"
| #define PACKAGE_BUGREPORT "https://github.com/bugahost/bitoreum/issues"
| #define PACKAGE_URL "https://bitoreum.org/"
| #define HAVE_CXX14 1
| #define HAVE_STDIO_H 1
| #define HAVE_STDLIB_H 1
| #define HAVE_STRING_H 1
| #define HAVE_INTTYPES_H 1
| #define HAVE_STDINT_H 1
| #define HAVE_STRINGS_H 1
| #define HAVE_SYS_STAT_H 1
| #define HAVE_SYS_TYPES_H 1
| #define HAVE_UNISTD_H 1
| #define STDC_HEADERS 1
| #define HAVE_DLFCN_H 1
| #define LT_OBJDIR ".libs/"
| #define USE_ASM 1
| #define ENABLE_MINER 1
| #define HAVE_EXECINFO_H 1
| #define ENABLE_STACKTRACES 1
| #define ENABLE_SSE41 1
| #define ENABLE_AVX2 1
| #define ENABLE_SHANI 1
| #define HAVE_PTHREAD_PRIO_INHERIT 1
| #define HAVE_PTHREAD 1
| #define HAVE_DECL_STRERROR_R 1
| #define HAVE_STRERROR_R 1
| #define HAVE_STDIO_H 1
| #define HAVE_STDLIB_H 1
| #define HAVE_UNISTD_H 1
| #define HAVE_STRINGS_H 1
| #define HAVE_SYS_TYPES_H 1
| #define HAVE_SYS_STAT_H 1
| #define HAVE_SYS_SELECT_H 1
| #define HAVE_DECL_STRNLEN 1
| #define HAVE_DECL_DAEMON 1
| #define HAVE_DECL_LE16TOH 0
| #define HAVE_DECL_LE32TOH 0
| #define HAVE_DECL_LE64TOH 0
| #define HAVE_DECL_HTOLE16 0
| #define HAVE_DECL_HTOLE32 0
| #define HAVE_DECL_HTOLE64 0
| #define HAVE_DECL_BE16TOH 0
| #define HAVE_DECL_BE32TOH 0
| #define HAVE_DECL_BE64TOH 0
| #define HAVE_DECL_HTOBE16 0
| #define HAVE_DECL_HTOBE32 0
| #define HAVE_DECL_HTOBE64 0
| #define HAVE_DECL_BSWAP_16 0
| #define HAVE_DECL_BSWAP_32 0
| #define HAVE_DECL_BSWAP_64 0
| #define HAVE_DECL___BUILTIN_CLZ 0
| #define HAVE_DECL___BUILTIN_CLZL 0
| #define HAVE_DECL___BUILTIN_CLZLL 0
| #define HAVE_VISIBILITY_ATTRIBUTE 1
| #define HAVE_THREAD_LOCAL 1
| /* end confdefs.h.  */
| #include <unistd.h>
| int
| main (void)
| {
|  getentropy(nullptr, 32)
|   ;
|   return 0;
| }
configure:25999: result: no
configure:26005: checking for getentropy via random.h
configure:26019: g++ -std=c++14 -c -g -O2 -g1 -fno-omit-frame-pointer -Wall -Wextra -Wformat -Wvla -Wformat-security -Wthread-safety-analysis -Wno-unused-parameter -Wno-self-assign -Wno-unused-local-typedef -Wno-deprecated-register -Wno-implicit-fallthrough  -DHAVE_BUILD_INFO -D__STDC_FORMAT_MACROS -I/usr/local/opt/berkeley-db@4/include -DMAC_OSX -DOBJC_OLD_DISPATCH_PROTOTYPES=0 conftest.cpp >&5
configure:26019: $? = 0
configure:26021: result: yes
configure:26032: checking for sysctl KERN_ARND
configure:26047: g++ -std=c++14 -c -g -O2 -g1 -fno-omit-frame-pointer -Wall -Wextra -Wformat -Wvla -Wformat-security -Wthread-safety-analysis -Wno-unused-parameter -Wno-self-assign -Wno-unused-local-typedef -Wno-deprecated-register -Wno-implicit-fallthrough  -DHAVE_BUILD_INFO -D__STDC_FORMAT_MACROS -I/usr/local/opt/berkeley-db@4/include -DMAC_OSX -DOBJC_OLD_DISPATCH_PROTOTYPES=0 conftest.cpp >&5
conftest.cpp:68:40: error: use of undeclared identifier 'KERN_ARND'
 static const int name[2] = {CTL_KERN, KERN_ARND};
                                       ^
conftest.cpp:69:5: error: no matching function for call to 'sysctl'
    sysctl(name, 2, nullptr, nullptr, nullptr, 0);
    ^~~~~~
/Library/Developer/CommandLineTools/SDKs/MacOSX.sdk/usr/include/sys/sysctl.h:770:9: note: candidate function not viable: no known conversion from 'const int [2]' to 'int *' for 1st argument
int     sysctl(int *, u_int, void *, size_t *, void *, size_t);
        ^
2 errors generated.
configure:26047: $? = 1
configure: failed program was:
| /* confdefs.h */
| #define PACKAGE_NAME "Bitoreum Core"
| #define PACKAGE_TARNAME "bitoreumcore"
| #define PACKAGE_VERSION "1.3.17"
| #define PACKAGE_STRING "Bitoreum Core 1.3.17"
| #define PACKAGE_BUGREPORT "https://github.com/bugahost/bitoreum/issues"
| #define PACKAGE_URL "https://bitoreum.org/"
| #define HAVE_CXX14 1
| #define HAVE_STDIO_H 1
| #define HAVE_STDLIB_H 1
| #define HAVE_STRING_H 1
| #define HAVE_INTTYPES_H 1
| #define HAVE_STDINT_H 1
| #define HAVE_STRINGS_H 1
| #define HAVE_SYS_STAT_H 1
| #define HAVE_SYS_TYPES_H 1
| #define HAVE_UNISTD_H 1
| #define STDC_HEADERS 1
| #define HAVE_DLFCN_H 1
| #define LT_OBJDIR ".libs/"
| #define USE_ASM 1
| #define ENABLE_MINER 1
| #define HAVE_EXECINFO_H 1
| #define ENABLE_STACKTRACES 1
| #define ENABLE_SSE41 1
| #define ENABLE_AVX2 1
| #define ENABLE_SHANI 1
| #define HAVE_PTHREAD_PRIO_INHERIT 1
| #define HAVE_PTHREAD 1
| #define HAVE_DECL_STRERROR_R 1
| #define HAVE_STRERROR_R 1
| #define HAVE_STDIO_H 1
| #define HAVE_STDLIB_H 1
| #define HAVE_UNISTD_H 1
| #define HAVE_STRINGS_H 1
| #define HAVE_SYS_TYPES_H 1
| #define HAVE_SYS_STAT_H 1
| #define HAVE_SYS_SELECT_H 1
| #define HAVE_DECL_STRNLEN 1
| #define HAVE_DECL_DAEMON 1
| #define HAVE_DECL_LE16TOH 0
| #define HAVE_DECL_LE32TOH 0
| #define HAVE_DECL_LE64TOH 0
| #define HAVE_DECL_HTOLE16 0
| #define HAVE_DECL_HTOLE32 0
| #define HAVE_DECL_HTOLE64 0
| #define HAVE_DECL_BE16TOH 0
| #define HAVE_DECL_BE32TOH 0
| #define HAVE_DECL_BE64TOH 0
| #define HAVE_DECL_HTOBE16 0
| #define HAVE_DECL_HTOBE32 0
| #define HAVE_DECL_HTOBE64 0
| #define HAVE_DECL_BSWAP_16 0
| #define HAVE_DECL_BSWAP_32 0
| #define HAVE_DECL_BSWAP_64 0
| #define HAVE_DECL___BUILTIN_CLZ 0
| #define HAVE_DECL___BUILTIN_CLZL 0
| #define HAVE_DECL___BUILTIN_CLZLL 0
| #define HAVE_VISIBILITY_ATTRIBUTE 1
| #define HAVE_THREAD_LOCAL 1
| #define HAVE_GETENTROPY_RAND 1
| /* end confdefs.h.  */
| #include <sys/types.h>
|   #include <sys/sysctl.h>
| int
| main (void)
| {
|  static const int name[2] = {CTL_KERN, KERN_ARND};
|     sysctl(name, 2, nullptr, nullptr, nullptr, 0);
|   ;
|   return 0;
| }
configure:26054: result: no
configure:26060: checking for if type char equals int8_t
configure:26074: g++ -std=c++14 -c -g -O2 -g1 -fno-omit-frame-pointer -Wall -Wextra -Wformat -Wvla -Wformat-security -Wthread-safety-analysis -Wno-unused-parameter -Wno-self-assign -Wno-unused-local-typedef -Wno-deprecated-register -Wno-implicit-fallthrough  -DHAVE_BUILD_INFO -D__STDC_FORMAT_MACROS -I/usr/local/opt/berkeley-db@4/include -DMAC_OSX -DOBJC_OLD_DISPATCH_PROTOTYPES=0 conftest.cpp >&5
conftest.cpp:68:2: error: static_assert failed due to requirement 'std::is_same<signed char, char>::value' ""
 static_assert(std::is_same<int8_t, char>::value, "");
 ^             ~~~~~~~~~~~~~~~~~~~~~~~~~~~~~~~~~
1 error generated.
configure:26074: $? = 1
configure: failed program was:
| /* confdefs.h */
| #define PACKAGE_NAME "Bitoreum Core"
| #define PACKAGE_TARNAME "bitoreumcore"
| #define PACKAGE_VERSION "1.3.17"
| #define PACKAGE_STRING "Bitoreum Core 1.3.17"
| #define PACKAGE_BUGREPORT "https://github.com/bugahost/bitoreum/issues"
| #define PACKAGE_URL "https://bitoreum.org/"
| #define HAVE_CXX14 1
| #define HAVE_STDIO_H 1
| #define HAVE_STDLIB_H 1
| #define HAVE_STRING_H 1
| #define HAVE_INTTYPES_H 1
| #define HAVE_STDINT_H 1
| #define HAVE_STRINGS_H 1
| #define HAVE_SYS_STAT_H 1
| #define HAVE_SYS_TYPES_H 1
| #define HAVE_UNISTD_H 1
| #define STDC_HEADERS 1
| #define HAVE_DLFCN_H 1
| #define LT_OBJDIR ".libs/"
| #define USE_ASM 1
| #define ENABLE_MINER 1
| #define HAVE_EXECINFO_H 1
| #define ENABLE_STACKTRACES 1
| #define ENABLE_SSE41 1
| #define ENABLE_AVX2 1
| #define ENABLE_SHANI 1
| #define HAVE_PTHREAD_PRIO_INHERIT 1
| #define HAVE_PTHREAD 1
| #define HAVE_DECL_STRERROR_R 1
| #define HAVE_STRERROR_R 1
| #define HAVE_STDIO_H 1
| #define HAVE_STDLIB_H 1
| #define HAVE_UNISTD_H 1
| #define HAVE_STRINGS_H 1
| #define HAVE_SYS_TYPES_H 1
| #define HAVE_SYS_STAT_H 1
| #define HAVE_SYS_SELECT_H 1
| #define HAVE_DECL_STRNLEN 1
| #define HAVE_DECL_DAEMON 1
| #define HAVE_DECL_LE16TOH 0
| #define HAVE_DECL_LE32TOH 0
| #define HAVE_DECL_LE64TOH 0
| #define HAVE_DECL_HTOLE16 0
| #define HAVE_DECL_HTOLE32 0
| #define HAVE_DECL_HTOLE64 0
| #define HAVE_DECL_BE16TOH 0
| #define HAVE_DECL_BE32TOH 0
| #define HAVE_DECL_BE64TOH 0
| #define HAVE_DECL_HTOBE16 0
| #define HAVE_DECL_HTOBE32 0
| #define HAVE_DECL_HTOBE64 0
| #define HAVE_DECL_BSWAP_16 0
| #define HAVE_DECL_BSWAP_32 0
| #define HAVE_DECL_BSWAP_64 0
| #define HAVE_DECL___BUILTIN_CLZ 0
| #define HAVE_DECL___BUILTIN_CLZL 0
| #define HAVE_DECL___BUILTIN_CLZLL 0
| #define HAVE_VISIBILITY_ATTRIBUTE 1
| #define HAVE_THREAD_LOCAL 1
| #define HAVE_GETENTROPY_RAND 1
| /* end confdefs.h.  */
| #include <stdint.h>
|   #include <type_traits>
| int
| main (void)
| {
|  static_assert(std::is_same<int8_t, char>::value, "");
|   ;
|   return 0;
| }
configure:26081: result: no
configure:26090: checking for library containing backtrace
configure:26119: g++ -std=c++14 -o conftest -g -O2 -g1 -fno-omit-frame-pointer -Wall -Wextra -Wformat -Wvla -Wformat-security -Wthread-safety-analysis -Wno-unused-parameter -Wno-self-assign -Wno-unused-local-typedef -Wno-deprecated-register -Wno-implicit-fallthrough  -DHAVE_BUILD_INFO -D__STDC_FORMAT_MACROS -I/usr/local/opt/berkeley-db@4/include -DMAC_OSX -DOBJC_OLD_DISPATCH_PROTOTYPES=0  -Wl,-headerpad_max_install_names -Wl,-dead_strip conftest.cpp  -L/usr/local/opt/berkeley-db@4/lib >&5
ld: warning: directory not found for option '-L/usr/local/opt/berkeley-db@4/lib'
configure:26119: $? = 0
configure:26139: result: none required
configure:26218: checking for Berkeley DB C++ headers
configure:26248: g++ -std=c++14 -c -g -O2 -g1 -fno-omit-frame-pointer -Wall -Wextra -Wformat -Wvla -Wformat-security -Wthread-safety-analysis -Wno-unused-parameter -Wno-self-assign -Wno-unused-local-typedef -Wno-deprecated-register -Wno-implicit-fallthrough  -DHAVE_BUILD_INFO -D__STDC_FORMAT_MACROS -I/usr/local/opt/berkeley-db@4/include -DMAC_OSX -DOBJC_OLD_DISPATCH_PROTOTYPES=0 conftest.cpp >&5
conftest.cpp:64:18: fatal error: 'bdb4.8/db_cxx.h' file not found
        #include <bdb4.8/db_cxx.h>
                 ^~~~~~~~~~~~~~~~~
1 error generated.
configure:26248: $? = 1
configure: failed program was:
| /* confdefs.h */
| #define PACKAGE_NAME "Bitoreum Core"
| #define PACKAGE_TARNAME "bitoreumcore"
| #define PACKAGE_VERSION "1.3.17"
| #define PACKAGE_STRING "Bitoreum Core 1.3.17"
| #define PACKAGE_BUGREPORT "https://github.com/bugahost/bitoreum/issues"
| #define PACKAGE_URL "https://bitoreum.org/"
| #define HAVE_CXX14 1
| #define HAVE_STDIO_H 1
| #define HAVE_STDLIB_H 1
| #define HAVE_STRING_H 1
| #define HAVE_INTTYPES_H 1
| #define HAVE_STDINT_H 1
| #define HAVE_STRINGS_H 1
| #define HAVE_SYS_STAT_H 1
| #define HAVE_SYS_TYPES_H 1
| #define HAVE_UNISTD_H 1
| #define STDC_HEADERS 1
| #define HAVE_DLFCN_H 1
| #define LT_OBJDIR ".libs/"
| #define USE_ASM 1
| #define ENABLE_MINER 1
| #define HAVE_EXECINFO_H 1
| #define ENABLE_STACKTRACES 1
| #define ENABLE_SSE41 1
| #define ENABLE_AVX2 1
| #define ENABLE_SHANI 1
| #define HAVE_PTHREAD_PRIO_INHERIT 1
| #define HAVE_PTHREAD 1
| #define HAVE_DECL_STRERROR_R 1
| #define HAVE_STRERROR_R 1
| #define HAVE_STDIO_H 1
| #define HAVE_STDLIB_H 1
| #define HAVE_UNISTD_H 1
| #define HAVE_STRINGS_H 1
| #define HAVE_SYS_TYPES_H 1
| #define HAVE_SYS_STAT_H 1
| #define HAVE_SYS_SELECT_H 1
| #define HAVE_DECL_STRNLEN 1
| #define HAVE_DECL_DAEMON 1
| #define HAVE_DECL_LE16TOH 0
| #define HAVE_DECL_LE32TOH 0
| #define HAVE_DECL_LE64TOH 0
| #define HAVE_DECL_HTOLE16 0
| #define HAVE_DECL_HTOLE32 0
| #define HAVE_DECL_HTOLE64 0
| #define HAVE_DECL_BE16TOH 0
| #define HAVE_DECL_BE32TOH 0
| #define HAVE_DECL_BE64TOH 0
| #define HAVE_DECL_HTOBE16 0
| #define HAVE_DECL_HTOBE32 0
| #define HAVE_DECL_HTOBE64 0
| #define HAVE_DECL_BSWAP_16 0
| #define HAVE_DECL_BSWAP_32 0
| #define HAVE_DECL_BSWAP_64 0
| #define HAVE_DECL___BUILTIN_CLZ 0
| #define HAVE_DECL___BUILTIN_CLZL 0
| #define HAVE_DECL___BUILTIN_CLZLL 0
| #define HAVE_VISIBILITY_ATTRIBUTE 1
| #define HAVE_THREAD_LOCAL 1
| #define HAVE_GETENTROPY_RAND 1
| /* end confdefs.h.  */
| 
|         #include <bdb4.8/db_cxx.h>
| 
| int
| main (void)
| {
| 
|         #if !((DB_VERSION_MAJOR == 4 && DB_VERSION_MINOR >= 8) || DB_VERSION_MAJOR > 4)
|           #error "failed to find bdb 4.8+"
|         #endif
| 
|   ;
|   return 0;
| }
configure:26248: g++ -std=c++14 -c -g -O2 -g1 -fno-omit-frame-pointer -Wall -Wextra -Wformat -Wvla -Wformat-security -Wthread-safety-analysis -Wno-unused-parameter -Wno-self-assign -Wno-unused-local-typedef -Wno-deprecated-register -Wno-implicit-fallthrough  -DHAVE_BUILD_INFO -D__STDC_FORMAT_MACROS -I/usr/local/opt/berkeley-db@4/include -DMAC_OSX -DOBJC_OLD_DISPATCH_PROTOTYPES=0 conftest.cpp >&5
conftest.cpp:64:18: fatal error: 'libdb4.8/db_cxx.h' file not found
        #include <libdb4.8/db_cxx.h>
                 ^~~~~~~~~~~~~~~~~~~
1 error generated.
configure:26248: $? = 1
configure: failed program was:
| /* confdefs.h */
| #define PACKAGE_NAME "Bitoreum Core"
| #define PACKAGE_TARNAME "bitoreumcore"
| #define PACKAGE_VERSION "1.3.17"
| #define PACKAGE_STRING "Bitoreum Core 1.3.17"
| #define PACKAGE_BUGREPORT "https://github.com/bugahost/bitoreum/issues"
| #define PACKAGE_URL "https://bitoreum.org/"
| #define HAVE_CXX14 1
| #define HAVE_STDIO_H 1
| #define HAVE_STDLIB_H 1
| #define HAVE_STRING_H 1
| #define HAVE_INTTYPES_H 1
| #define HAVE_STDINT_H 1
| #define HAVE_STRINGS_H 1
| #define HAVE_SYS_STAT_H 1
| #define HAVE_SYS_TYPES_H 1
| #define HAVE_UNISTD_H 1
| #define STDC_HEADERS 1
| #define HAVE_DLFCN_H 1
| #define LT_OBJDIR ".libs/"
| #define USE_ASM 1
| #define ENABLE_MINER 1
| #define HAVE_EXECINFO_H 1
| #define ENABLE_STACKTRACES 1
| #define ENABLE_SSE41 1
| #define ENABLE_AVX2 1
| #define ENABLE_SHANI 1
| #define HAVE_PTHREAD_PRIO_INHERIT 1
| #define HAVE_PTHREAD 1
| #define HAVE_DECL_STRERROR_R 1
| #define HAVE_STRERROR_R 1
| #define HAVE_STDIO_H 1
| #define HAVE_STDLIB_H 1
| #define HAVE_UNISTD_H 1
| #define HAVE_STRINGS_H 1
| #define HAVE_SYS_TYPES_H 1
| #define HAVE_SYS_STAT_H 1
| #define HAVE_SYS_SELECT_H 1
| #define HAVE_DECL_STRNLEN 1
| #define HAVE_DECL_DAEMON 1
| #define HAVE_DECL_LE16TOH 0
| #define HAVE_DECL_LE32TOH 0
| #define HAVE_DECL_LE64TOH 0
| #define HAVE_DECL_HTOLE16 0
| #define HAVE_DECL_HTOLE32 0
| #define HAVE_DECL_HTOLE64 0
| #define HAVE_DECL_BE16TOH 0
| #define HAVE_DECL_BE32TOH 0
| #define HAVE_DECL_BE64TOH 0
| #define HAVE_DECL_HTOBE16 0
| #define HAVE_DECL_HTOBE32 0
| #define HAVE_DECL_HTOBE64 0
| #define HAVE_DECL_BSWAP_16 0
| #define HAVE_DECL_BSWAP_32 0
| #define HAVE_DECL_BSWAP_64 0
| #define HAVE_DECL___BUILTIN_CLZ 0
| #define HAVE_DECL___BUILTIN_CLZL 0
| #define HAVE_DECL___BUILTIN_CLZLL 0
| #define HAVE_VISIBILITY_ATTRIBUTE 1
| #define HAVE_THREAD_LOCAL 1
| #define HAVE_GETENTROPY_RAND 1
| /* end confdefs.h.  */
| 
|         #include <libdb4.8/db_cxx.h>
| 
| int
| main (void)
| {
| 
|         #if !((DB_VERSION_MAJOR == 4 && DB_VERSION_MINOR >= 8) || DB_VERSION_MAJOR > 4)
|           #error "failed to find bdb 4.8+"
|         #endif
| 
|   ;
|   return 0;
| }
configure:26248: g++ -std=c++14 -c -g -O2 -g1 -fno-omit-frame-pointer -Wall -Wextra -Wformat -Wvla -Wformat-security -Wthread-safety-analysis -Wno-unused-parameter -Wno-self-assign -Wno-unused-local-typedef -Wno-deprecated-register -Wno-implicit-fallthrough  -DHAVE_BUILD_INFO -D__STDC_FORMAT_MACROS -I/usr/local/opt/berkeley-db@4/include -DMAC_OSX -DOBJC_OLD_DISPATCH_PROTOTYPES=0 conftest.cpp >&5
conftest.cpp:64:18: fatal error: 'db4.8/db_cxx.h' file not found
        #include <db4.8/db_cxx.h>
                 ^~~~~~~~~~~~~~~~
1 error generated.
configure:26248: $? = 1
configure: failed program was:
| /* confdefs.h */
| #define PACKAGE_NAME "Bitoreum Core"
| #define PACKAGE_TARNAME "bitoreumcore"
| #define PACKAGE_VERSION "1.3.17"
| #define PACKAGE_STRING "Bitoreum Core 1.3.17"
| #define PACKAGE_BUGREPORT "https://github.com/bugahost/bitoreum/issues"
| #define PACKAGE_URL "https://bitoreum.org/"
| #define HAVE_CXX14 1
| #define HAVE_STDIO_H 1
| #define HAVE_STDLIB_H 1
| #define HAVE_STRING_H 1
| #define HAVE_INTTYPES_H 1
| #define HAVE_STDINT_H 1
| #define HAVE_STRINGS_H 1
| #define HAVE_SYS_STAT_H 1
| #define HAVE_SYS_TYPES_H 1
| #define HAVE_UNISTD_H 1
| #define STDC_HEADERS 1
| #define HAVE_DLFCN_H 1
| #define LT_OBJDIR ".libs/"
| #define USE_ASM 1
| #define ENABLE_MINER 1
| #define HAVE_EXECINFO_H 1
| #define ENABLE_STACKTRACES 1
| #define ENABLE_SSE41 1
| #define ENABLE_AVX2 1
| #define ENABLE_SHANI 1
| #define HAVE_PTHREAD_PRIO_INHERIT 1
| #define HAVE_PTHREAD 1
| #define HAVE_DECL_STRERROR_R 1
| #define HAVE_STRERROR_R 1
| #define HAVE_STDIO_H 1
| #define HAVE_STDLIB_H 1
| #define HAVE_UNISTD_H 1
| #define HAVE_STRINGS_H 1
| #define HAVE_SYS_TYPES_H 1
| #define HAVE_SYS_STAT_H 1
| #define HAVE_SYS_SELECT_H 1
| #define HAVE_DECL_STRNLEN 1
| #define HAVE_DECL_DAEMON 1
| #define HAVE_DECL_LE16TOH 0
| #define HAVE_DECL_LE32TOH 0
| #define HAVE_DECL_LE64TOH 0
| #define HAVE_DECL_HTOLE16 0
| #define HAVE_DECL_HTOLE32 0
| #define HAVE_DECL_HTOLE64 0
| #define HAVE_DECL_BE16TOH 0
| #define HAVE_DECL_BE32TOH 0
| #define HAVE_DECL_BE64TOH 0
| #define HAVE_DECL_HTOBE16 0
| #define HAVE_DECL_HTOBE32 0
| #define HAVE_DECL_HTOBE64 0
| #define HAVE_DECL_BSWAP_16 0
| #define HAVE_DECL_BSWAP_32 0
| #define HAVE_DECL_BSWAP_64 0
| #define HAVE_DECL___BUILTIN_CLZ 0
| #define HAVE_DECL___BUILTIN_CLZL 0
| #define HAVE_DECL___BUILTIN_CLZLL 0
| #define HAVE_VISIBILITY_ATTRIBUTE 1
| #define HAVE_THREAD_LOCAL 1
| #define HAVE_GETENTROPY_RAND 1
| /* end confdefs.h.  */
| 
|         #include <db4.8/db_cxx.h>
| 
| int
| main (void)
| {
| 
|         #if !((DB_VERSION_MAJOR == 4 && DB_VERSION_MINOR >= 8) || DB_VERSION_MAJOR > 4)
|           #error "failed to find bdb 4.8+"
|         #endif
| 
|   ;
|   return 0;
| }
configure:26248: g++ -std=c++14 -c -g -O2 -g1 -fno-omit-frame-pointer -Wall -Wextra -Wformat -Wvla -Wformat-security -Wthread-safety-analysis -Wno-unused-parameter -Wno-self-assign -Wno-unused-local-typedef -Wno-deprecated-register -Wno-implicit-fallthrough  -DHAVE_BUILD_INFO -D__STDC_FORMAT_MACROS -I/usr/local/opt/berkeley-db@4/include -DMAC_OSX -DOBJC_OLD_DISPATCH_PROTOTYPES=0 conftest.cpp >&5
conftest.cpp:64:18: fatal error: 'bdb48/db_cxx.h' file not found
        #include <bdb48/db_cxx.h>
                 ^~~~~~~~~~~~~~~~
1 error generated.
configure:26248: $? = 1
configure: failed program was:
| /* confdefs.h */
| #define PACKAGE_NAME "Bitoreum Core"
| #define PACKAGE_TARNAME "bitoreumcore"
| #define PACKAGE_VERSION "1.3.17"
| #define PACKAGE_STRING "Bitoreum Core 1.3.17"
| #define PACKAGE_BUGREPORT "https://github.com/bugahost/bitoreum/issues"
| #define PACKAGE_URL "https://bitoreum.org/"
| #define HAVE_CXX14 1
| #define HAVE_STDIO_H 1
| #define HAVE_STDLIB_H 1
| #define HAVE_STRING_H 1
| #define HAVE_INTTYPES_H 1
| #define HAVE_STDINT_H 1
| #define HAVE_STRINGS_H 1
| #define HAVE_SYS_STAT_H 1
| #define HAVE_SYS_TYPES_H 1
| #define HAVE_UNISTD_H 1
| #define STDC_HEADERS 1
| #define HAVE_DLFCN_H 1
| #define LT_OBJDIR ".libs/"
| #define USE_ASM 1
| #define ENABLE_MINER 1
| #define HAVE_EXECINFO_H 1
| #define ENABLE_STACKTRACES 1
| #define ENABLE_SSE41 1
| #define ENABLE_AVX2 1
| #define ENABLE_SHANI 1
| #define HAVE_PTHREAD_PRIO_INHERIT 1
| #define HAVE_PTHREAD 1
| #define HAVE_DECL_STRERROR_R 1
| #define HAVE_STRERROR_R 1
| #define HAVE_STDIO_H 1
| #define HAVE_STDLIB_H 1
| #define HAVE_UNISTD_H 1
| #define HAVE_STRINGS_H 1
| #define HAVE_SYS_TYPES_H 1
| #define HAVE_SYS_STAT_H 1
| #define HAVE_SYS_SELECT_H 1
| #define HAVE_DECL_STRNLEN 1
| #define HAVE_DECL_DAEMON 1
| #define HAVE_DECL_LE16TOH 0
| #define HAVE_DECL_LE32TOH 0
| #define HAVE_DECL_LE64TOH 0
| #define HAVE_DECL_HTOLE16 0
| #define HAVE_DECL_HTOLE32 0
| #define HAVE_DECL_HTOLE64 0
| #define HAVE_DECL_BE16TOH 0
| #define HAVE_DECL_BE32TOH 0
| #define HAVE_DECL_BE64TOH 0
| #define HAVE_DECL_HTOBE16 0
| #define HAVE_DECL_HTOBE32 0
| #define HAVE_DECL_HTOBE64 0
| #define HAVE_DECL_BSWAP_16 0
| #define HAVE_DECL_BSWAP_32 0
| #define HAVE_DECL_BSWAP_64 0
| #define HAVE_DECL___BUILTIN_CLZ 0
| #define HAVE_DECL___BUILTIN_CLZL 0
| #define HAVE_DECL___BUILTIN_CLZLL 0
| #define HAVE_VISIBILITY_ATTRIBUTE 1
| #define HAVE_THREAD_LOCAL 1
| #define HAVE_GETENTROPY_RAND 1
| /* end confdefs.h.  */
| 
|         #include <bdb48/db_cxx.h>
| 
| int
| main (void)
| {
| 
|         #if !((DB_VERSION_MAJOR == 4 && DB_VERSION_MINOR >= 8) || DB_VERSION_MAJOR > 4)
|           #error "failed to find bdb 4.8+"
|         #endif
| 
|   ;
|   return 0;
| }
configure:26248: g++ -std=c++14 -c -g -O2 -g1 -fno-omit-frame-pointer -Wall -Wextra -Wformat -Wvla -Wformat-security -Wthread-safety-analysis -Wno-unused-parameter -Wno-self-assign -Wno-unused-local-typedef -Wno-deprecated-register -Wno-implicit-fallthrough  -DHAVE_BUILD_INFO -D__STDC_FORMAT_MACROS -I/usr/local/opt/berkeley-db@4/include -DMAC_OSX -DOBJC_OLD_DISPATCH_PROTOTYPES=0 conftest.cpp >&5
conftest.cpp:64:18: fatal error: 'libdb48/db_cxx.h' file not found
        #include <libdb48/db_cxx.h>
                 ^~~~~~~~~~~~~~~~~~
1 error generated.
configure:26248: $? = 1
configure: failed program was:
| /* confdefs.h */
| #define PACKAGE_NAME "Bitoreum Core"
| #define PACKAGE_TARNAME "bitoreumcore"
| #define PACKAGE_VERSION "1.3.17"
| #define PACKAGE_STRING "Bitoreum Core 1.3.17"
| #define PACKAGE_BUGREPORT "https://github.com/bugahost/bitoreum/issues"
| #define PACKAGE_URL "https://bitoreum.org/"
| #define HAVE_CXX14 1
| #define HAVE_STDIO_H 1
| #define HAVE_STDLIB_H 1
| #define HAVE_STRING_H 1
| #define HAVE_INTTYPES_H 1
| #define HAVE_STDINT_H 1
| #define HAVE_STRINGS_H 1
| #define HAVE_SYS_STAT_H 1
| #define HAVE_SYS_TYPES_H 1
| #define HAVE_UNISTD_H 1
| #define STDC_HEADERS 1
| #define HAVE_DLFCN_H 1
| #define LT_OBJDIR ".libs/"
| #define USE_ASM 1
| #define ENABLE_MINER 1
| #define HAVE_EXECINFO_H 1
| #define ENABLE_STACKTRACES 1
| #define ENABLE_SSE41 1
| #define ENABLE_AVX2 1
| #define ENABLE_SHANI 1
| #define HAVE_PTHREAD_PRIO_INHERIT 1
| #define HAVE_PTHREAD 1
| #define HAVE_DECL_STRERROR_R 1
| #define HAVE_STRERROR_R 1
| #define HAVE_STDIO_H 1
| #define HAVE_STDLIB_H 1
| #define HAVE_UNISTD_H 1
| #define HAVE_STRINGS_H 1
| #define HAVE_SYS_TYPES_H 1
| #define HAVE_SYS_STAT_H 1
| #define HAVE_SYS_SELECT_H 1
| #define HAVE_DECL_STRNLEN 1
| #define HAVE_DECL_DAEMON 1
| #define HAVE_DECL_LE16TOH 0
| #define HAVE_DECL_LE32TOH 0
| #define HAVE_DECL_LE64TOH 0
| #define HAVE_DECL_HTOLE16 0
| #define HAVE_DECL_HTOLE32 0
| #define HAVE_DECL_HTOLE64 0
| #define HAVE_DECL_BE16TOH 0
| #define HAVE_DECL_BE32TOH 0
| #define HAVE_DECL_BE64TOH 0
| #define HAVE_DECL_HTOBE16 0
| #define HAVE_DECL_HTOBE32 0
| #define HAVE_DECL_HTOBE64 0
| #define HAVE_DECL_BSWAP_16 0
| #define HAVE_DECL_BSWAP_32 0
| #define HAVE_DECL_BSWAP_64 0
| #define HAVE_DECL___BUILTIN_CLZ 0
| #define HAVE_DECL___BUILTIN_CLZL 0
| #define HAVE_DECL___BUILTIN_CLZLL 0
| #define HAVE_VISIBILITY_ATTRIBUTE 1
| #define HAVE_THREAD_LOCAL 1
| #define HAVE_GETENTROPY_RAND 1
| /* end confdefs.h.  */
| 
|         #include <libdb48/db_cxx.h>
| 
| int
| main (void)
| {
| 
|         #if !((DB_VERSION_MAJOR == 4 && DB_VERSION_MINOR >= 8) || DB_VERSION_MAJOR > 4)
|           #error "failed to find bdb 4.8+"
|         #endif
| 
|   ;
|   return 0;
| }
configure:26248: g++ -std=c++14 -c -g -O2 -g1 -fno-omit-frame-pointer -Wall -Wextra -Wformat -Wvla -Wformat-security -Wthread-safety-analysis -Wno-unused-parameter -Wno-self-assign -Wno-unused-local-typedef -Wno-deprecated-register -Wno-implicit-fallthrough  -DHAVE_BUILD_INFO -D__STDC_FORMAT_MACROS -I/usr/local/opt/berkeley-db@4/include -DMAC_OSX -DOBJC_OLD_DISPATCH_PROTOTYPES=0 conftest.cpp >&5
conftest.cpp:64:18: fatal error: 'db48/db_cxx.h' file not found
        #include <db48/db_cxx.h>
                 ^~~~~~~~~~~~~~~
1 error generated.
configure:26248: $? = 1
configure: failed program was:
| /* confdefs.h */
| #define PACKAGE_NAME "Bitoreum Core"
| #define PACKAGE_TARNAME "bitoreumcore"
| #define PACKAGE_VERSION "1.3.17"
| #define PACKAGE_STRING "Bitoreum Core 1.3.17"
| #define PACKAGE_BUGREPORT "https://github.com/bugahost/bitoreum/issues"
| #define PACKAGE_URL "https://bitoreum.org/"
| #define HAVE_CXX14 1
| #define HAVE_STDIO_H 1
| #define HAVE_STDLIB_H 1
| #define HAVE_STRING_H 1
| #define HAVE_INTTYPES_H 1
| #define HAVE_STDINT_H 1
| #define HAVE_STRINGS_H 1
| #define HAVE_SYS_STAT_H 1
| #define HAVE_SYS_TYPES_H 1
| #define HAVE_UNISTD_H 1
| #define STDC_HEADERS 1
| #define HAVE_DLFCN_H 1
| #define LT_OBJDIR ".libs/"
| #define USE_ASM 1
| #define ENABLE_MINER 1
| #define HAVE_EXECINFO_H 1
| #define ENABLE_STACKTRACES 1
| #define ENABLE_SSE41 1
| #define ENABLE_AVX2 1
| #define ENABLE_SHANI 1
| #define HAVE_PTHREAD_PRIO_INHERIT 1
| #define HAVE_PTHREAD 1
| #define HAVE_DECL_STRERROR_R 1
| #define HAVE_STRERROR_R 1
| #define HAVE_STDIO_H 1
| #define HAVE_STDLIB_H 1
| #define HAVE_UNISTD_H 1
| #define HAVE_STRINGS_H 1
| #define HAVE_SYS_TYPES_H 1
| #define HAVE_SYS_STAT_H 1
| #define HAVE_SYS_SELECT_H 1
| #define HAVE_DECL_STRNLEN 1
| #define HAVE_DECL_DAEMON 1
| #define HAVE_DECL_LE16TOH 0
| #define HAVE_DECL_LE32TOH 0
| #define HAVE_DECL_LE64TOH 0
| #define HAVE_DECL_HTOLE16 0
| #define HAVE_DECL_HTOLE32 0
| #define HAVE_DECL_HTOLE64 0
| #define HAVE_DECL_BE16TOH 0
| #define HAVE_DECL_BE32TOH 0
| #define HAVE_DECL_BE64TOH 0
| #define HAVE_DECL_HTOBE16 0
| #define HAVE_DECL_HTOBE32 0
| #define HAVE_DECL_HTOBE64 0
| #define HAVE_DECL_BSWAP_16 0
| #define HAVE_DECL_BSWAP_32 0
| #define HAVE_DECL_BSWAP_64 0
| #define HAVE_DECL___BUILTIN_CLZ 0
| #define HAVE_DECL___BUILTIN_CLZL 0
| #define HAVE_DECL___BUILTIN_CLZLL 0
| #define HAVE_VISIBILITY_ATTRIBUTE 1
| #define HAVE_THREAD_LOCAL 1
| #define HAVE_GETENTROPY_RAND 1
| /* end confdefs.h.  */
| 
|         #include <db48/db_cxx.h>
| 
| int
| main (void)
| {
| 
|         #if !((DB_VERSION_MAJOR == 4 && DB_VERSION_MINOR >= 8) || DB_VERSION_MAJOR > 4)
|           #error "failed to find bdb 4.8+"
|         #endif
| 
|   ;
|   return 0;
| }
configure:26248: g++ -std=c++14 -c -g -O2 -g1 -fno-omit-frame-pointer -Wall -Wextra -Wformat -Wvla -Wformat-security -Wthread-safety-analysis -Wno-unused-parameter -Wno-self-assign -Wno-unused-local-typedef -Wno-deprecated-register -Wno-implicit-fallthrough  -DHAVE_BUILD_INFO -D__STDC_FORMAT_MACROS -I/usr/local/opt/berkeley-db@4/include -DMAC_OSX -DOBJC_OLD_DISPATCH_PROTOTYPES=0 conftest.cpp >&5
conftest.cpp:64:18: fatal error: 'bdb4/db_cxx.h' file not found
        #include <bdb4/db_cxx.h>
                 ^~~~~~~~~~~~~~~
1 error generated.
configure:26248: $? = 1
configure: failed program was:
| /* confdefs.h */
| #define PACKAGE_NAME "Bitoreum Core"
| #define PACKAGE_TARNAME "bitoreumcore"
| #define PACKAGE_VERSION "1.3.17"
| #define PACKAGE_STRING "Bitoreum Core 1.3.17"
| #define PACKAGE_BUGREPORT "https://github.com/bugahost/bitoreum/issues"
| #define PACKAGE_URL "https://bitoreum.org/"
| #define HAVE_CXX14 1
| #define HAVE_STDIO_H 1
| #define HAVE_STDLIB_H 1
| #define HAVE_STRING_H 1
| #define HAVE_INTTYPES_H 1
| #define HAVE_STDINT_H 1
| #define HAVE_STRINGS_H 1
| #define HAVE_SYS_STAT_H 1
| #define HAVE_SYS_TYPES_H 1
| #define HAVE_UNISTD_H 1
| #define STDC_HEADERS 1
| #define HAVE_DLFCN_H 1
| #define LT_OBJDIR ".libs/"
| #define USE_ASM 1
| #define ENABLE_MINER 1
| #define HAVE_EXECINFO_H 1
| #define ENABLE_STACKTRACES 1
| #define ENABLE_SSE41 1
| #define ENABLE_AVX2 1
| #define ENABLE_SHANI 1
| #define HAVE_PTHREAD_PRIO_INHERIT 1
| #define HAVE_PTHREAD 1
| #define HAVE_DECL_STRERROR_R 1
| #define HAVE_STRERROR_R 1
| #define HAVE_STDIO_H 1
| #define HAVE_STDLIB_H 1
| #define HAVE_UNISTD_H 1
| #define HAVE_STRINGS_H 1
| #define HAVE_SYS_TYPES_H 1
| #define HAVE_SYS_STAT_H 1
| #define HAVE_SYS_SELECT_H 1
| #define HAVE_DECL_STRNLEN 1
| #define HAVE_DECL_DAEMON 1
| #define HAVE_DECL_LE16TOH 0
| #define HAVE_DECL_LE32TOH 0
| #define HAVE_DECL_LE64TOH 0
| #define HAVE_DECL_HTOLE16 0
| #define HAVE_DECL_HTOLE32 0
| #define HAVE_DECL_HTOLE64 0
| #define HAVE_DECL_BE16TOH 0
| #define HAVE_DECL_BE32TOH 0
| #define HAVE_DECL_BE64TOH 0
| #define HAVE_DECL_HTOBE16 0
| #define HAVE_DECL_HTOBE32 0
| #define HAVE_DECL_HTOBE64 0
| #define HAVE_DECL_BSWAP_16 0
| #define HAVE_DECL_BSWAP_32 0
| #define HAVE_DECL_BSWAP_64 0
| #define HAVE_DECL___BUILTIN_CLZ 0
| #define HAVE_DECL___BUILTIN_CLZL 0
| #define HAVE_DECL___BUILTIN_CLZLL 0
| #define HAVE_VISIBILITY_ATTRIBUTE 1
| #define HAVE_THREAD_LOCAL 1
| #define HAVE_GETENTROPY_RAND 1
| /* end confdefs.h.  */
| 
|         #include <bdb4/db_cxx.h>
| 
| int
| main (void)
| {
| 
|         #if !((DB_VERSION_MAJOR == 4 && DB_VERSION_MINOR >= 8) || DB_VERSION_MAJOR > 4)
|           #error "failed to find bdb 4.8+"
|         #endif
| 
|   ;
|   return 0;
| }
configure:26248: g++ -std=c++14 -c -g -O2 -g1 -fno-omit-frame-pointer -Wall -Wextra -Wformat -Wvla -Wformat-security -Wthread-safety-analysis -Wno-unused-parameter -Wno-self-assign -Wno-unused-local-typedef -Wno-deprecated-register -Wno-implicit-fallthrough  -DHAVE_BUILD_INFO -D__STDC_FORMAT_MACROS -I/usr/local/opt/berkeley-db@4/include -DMAC_OSX -DOBJC_OLD_DISPATCH_PROTOTYPES=0 conftest.cpp >&5
conftest.cpp:64:18: fatal error: 'libdb4/db_cxx.h' file not found
        #include <libdb4/db_cxx.h>
                 ^~~~~~~~~~~~~~~~~
1 error generated.
configure:26248: $? = 1
configure: failed program was:
| /* confdefs.h */
| #define PACKAGE_NAME "Bitoreum Core"
| #define PACKAGE_TARNAME "bitoreumcore"
| #define PACKAGE_VERSION "1.3.17"
| #define PACKAGE_STRING "Bitoreum Core 1.3.17"
| #define PACKAGE_BUGREPORT "https://github.com/bugahost/bitoreum/issues"
| #define PACKAGE_URL "https://bitoreum.org/"
| #define HAVE_CXX14 1
| #define HAVE_STDIO_H 1
| #define HAVE_STDLIB_H 1
| #define HAVE_STRING_H 1
| #define HAVE_INTTYPES_H 1
| #define HAVE_STDINT_H 1
| #define HAVE_STRINGS_H 1
| #define HAVE_SYS_STAT_H 1
| #define HAVE_SYS_TYPES_H 1
| #define HAVE_UNISTD_H 1
| #define STDC_HEADERS 1
| #define HAVE_DLFCN_H 1
| #define LT_OBJDIR ".libs/"
| #define USE_ASM 1
| #define ENABLE_MINER 1
| #define HAVE_EXECINFO_H 1
| #define ENABLE_STACKTRACES 1
| #define ENABLE_SSE41 1
| #define ENABLE_AVX2 1
| #define ENABLE_SHANI 1
| #define HAVE_PTHREAD_PRIO_INHERIT 1
| #define HAVE_PTHREAD 1
| #define HAVE_DECL_STRERROR_R 1
| #define HAVE_STRERROR_R 1
| #define HAVE_STDIO_H 1
| #define HAVE_STDLIB_H 1
| #define HAVE_UNISTD_H 1
| #define HAVE_STRINGS_H 1
| #define HAVE_SYS_TYPES_H 1
| #define HAVE_SYS_STAT_H 1
| #define HAVE_SYS_SELECT_H 1
| #define HAVE_DECL_STRNLEN 1
| #define HAVE_DECL_DAEMON 1
| #define HAVE_DECL_LE16TOH 0
| #define HAVE_DECL_LE32TOH 0
| #define HAVE_DECL_LE64TOH 0
| #define HAVE_DECL_HTOLE16 0
| #define HAVE_DECL_HTOLE32 0
| #define HAVE_DECL_HTOLE64 0
| #define HAVE_DECL_BE16TOH 0
| #define HAVE_DECL_BE32TOH 0
| #define HAVE_DECL_BE64TOH 0
| #define HAVE_DECL_HTOBE16 0
| #define HAVE_DECL_HTOBE32 0
| #define HAVE_DECL_HTOBE64 0
| #define HAVE_DECL_BSWAP_16 0
| #define HAVE_DECL_BSWAP_32 0
| #define HAVE_DECL_BSWAP_64 0
| #define HAVE_DECL___BUILTIN_CLZ 0
| #define HAVE_DECL___BUILTIN_CLZL 0
| #define HAVE_DECL___BUILTIN_CLZLL 0
| #define HAVE_VISIBILITY_ATTRIBUTE 1
| #define HAVE_THREAD_LOCAL 1
| #define HAVE_GETENTROPY_RAND 1
| /* end confdefs.h.  */
| 
|         #include <libdb4/db_cxx.h>
| 
| int
| main (void)
| {
| 
|         #if !((DB_VERSION_MAJOR == 4 && DB_VERSION_MINOR >= 8) || DB_VERSION_MAJOR > 4)
|           #error "failed to find bdb 4.8+"
|         #endif
| 
|   ;
|   return 0;
| }
configure:26248: g++ -std=c++14 -c -g -O2 -g1 -fno-omit-frame-pointer -Wall -Wextra -Wformat -Wvla -Wformat-security -Wthread-safety-analysis -Wno-unused-parameter -Wno-self-assign -Wno-unused-local-typedef -Wno-deprecated-register -Wno-implicit-fallthrough  -DHAVE_BUILD_INFO -D__STDC_FORMAT_MACROS -I/usr/local/opt/berkeley-db@4/include -DMAC_OSX -DOBJC_OLD_DISPATCH_PROTOTYPES=0 conftest.cpp >&5
conftest.cpp:64:18: fatal error: 'db4/db_cxx.h' file not found
        #include <db4/db_cxx.h>
                 ^~~~~~~~~~~~~~
1 error generated.
configure:26248: $? = 1
configure: failed program was:
| /* confdefs.h */
| #define PACKAGE_NAME "Bitoreum Core"
| #define PACKAGE_TARNAME "bitoreumcore"
| #define PACKAGE_VERSION "1.3.17"
| #define PACKAGE_STRING "Bitoreum Core 1.3.17"
| #define PACKAGE_BUGREPORT "https://github.com/bugahost/bitoreum/issues"
| #define PACKAGE_URL "https://bitoreum.org/"
| #define HAVE_CXX14 1
| #define HAVE_STDIO_H 1
| #define HAVE_STDLIB_H 1
| #define HAVE_STRING_H 1
| #define HAVE_INTTYPES_H 1
| #define HAVE_STDINT_H 1
| #define HAVE_STRINGS_H 1
| #define HAVE_SYS_STAT_H 1
| #define HAVE_SYS_TYPES_H 1
| #define HAVE_UNISTD_H 1
| #define STDC_HEADERS 1
| #define HAVE_DLFCN_H 1
| #define LT_OBJDIR ".libs/"
| #define USE_ASM 1
| #define ENABLE_MINER 1
| #define HAVE_EXECINFO_H 1
| #define ENABLE_STACKTRACES 1
| #define ENABLE_SSE41 1
| #define ENABLE_AVX2 1
| #define ENABLE_SHANI 1
| #define HAVE_PTHREAD_PRIO_INHERIT 1
| #define HAVE_PTHREAD 1
| #define HAVE_DECL_STRERROR_R 1
| #define HAVE_STRERROR_R 1
| #define HAVE_STDIO_H 1
| #define HAVE_STDLIB_H 1
| #define HAVE_UNISTD_H 1
| #define HAVE_STRINGS_H 1
| #define HAVE_SYS_TYPES_H 1
| #define HAVE_SYS_STAT_H 1
| #define HAVE_SYS_SELECT_H 1
| #define HAVE_DECL_STRNLEN 1
| #define HAVE_DECL_DAEMON 1
| #define HAVE_DECL_LE16TOH 0
| #define HAVE_DECL_LE32TOH 0
| #define HAVE_DECL_LE64TOH 0
| #define HAVE_DECL_HTOLE16 0
| #define HAVE_DECL_HTOLE32 0
| #define HAVE_DECL_HTOLE64 0
| #define HAVE_DECL_BE16TOH 0
| #define HAVE_DECL_BE32TOH 0
| #define HAVE_DECL_BE64TOH 0
| #define HAVE_DECL_HTOBE16 0
| #define HAVE_DECL_HTOBE32 0
| #define HAVE_DECL_HTOBE64 0
| #define HAVE_DECL_BSWAP_16 0
| #define HAVE_DECL_BSWAP_32 0
| #define HAVE_DECL_BSWAP_64 0
| #define HAVE_DECL___BUILTIN_CLZ 0
| #define HAVE_DECL___BUILTIN_CLZL 0
| #define HAVE_DECL___BUILTIN_CLZLL 0
| #define HAVE_VISIBILITY_ATTRIBUTE 1
| #define HAVE_THREAD_LOCAL 1
| #define HAVE_GETENTROPY_RAND 1
| /* end confdefs.h.  */
| 
|         #include <db4/db_cxx.h>
| 
| int
| main (void)
| {
| 
|         #if !((DB_VERSION_MAJOR == 4 && DB_VERSION_MINOR >= 8) || DB_VERSION_MAJOR > 4)
|           #error "failed to find bdb 4.8+"
|         #endif
| 
|   ;
|   return 0;
| }
configure:26248: g++ -std=c++14 -c -g -O2 -g1 -fno-omit-frame-pointer -Wall -Wextra -Wformat -Wvla -Wformat-security -Wthread-safety-analysis -Wno-unused-parameter -Wno-self-assign -Wno-unused-local-typedef -Wno-deprecated-register -Wno-implicit-fallthrough  -DHAVE_BUILD_INFO -D__STDC_FORMAT_MACROS -I/usr/local/opt/berkeley-db@4/include -DMAC_OSX -DOBJC_OLD_DISPATCH_PROTOTYPES=0 conftest.cpp >&5
conftest.cpp:64:18: fatal error: 'bdb5/db_cxx.h' file not found
        #include <bdb5/db_cxx.h>
                 ^~~~~~~~~~~~~~~
1 error generated.
configure:26248: $? = 1
configure: failed program was:
| /* confdefs.h */
| #define PACKAGE_NAME "Bitoreum Core"
| #define PACKAGE_TARNAME "bitoreumcore"
| #define PACKAGE_VERSION "1.3.17"
| #define PACKAGE_STRING "Bitoreum Core 1.3.17"
| #define PACKAGE_BUGREPORT "https://github.com/bugahost/bitoreum/issues"
| #define PACKAGE_URL "https://bitoreum.org/"
| #define HAVE_CXX14 1
| #define HAVE_STDIO_H 1
| #define HAVE_STDLIB_H 1
| #define HAVE_STRING_H 1
| #define HAVE_INTTYPES_H 1
| #define HAVE_STDINT_H 1
| #define HAVE_STRINGS_H 1
| #define HAVE_SYS_STAT_H 1
| #define HAVE_SYS_TYPES_H 1
| #define HAVE_UNISTD_H 1
| #define STDC_HEADERS 1
| #define HAVE_DLFCN_H 1
| #define LT_OBJDIR ".libs/"
| #define USE_ASM 1
| #define ENABLE_MINER 1
| #define HAVE_EXECINFO_H 1
| #define ENABLE_STACKTRACES 1
| #define ENABLE_SSE41 1
| #define ENABLE_AVX2 1
| #define ENABLE_SHANI 1
| #define HAVE_PTHREAD_PRIO_INHERIT 1
| #define HAVE_PTHREAD 1
| #define HAVE_DECL_STRERROR_R 1
| #define HAVE_STRERROR_R 1
| #define HAVE_STDIO_H 1
| #define HAVE_STDLIB_H 1
| #define HAVE_UNISTD_H 1
| #define HAVE_STRINGS_H 1
| #define HAVE_SYS_TYPES_H 1
| #define HAVE_SYS_STAT_H 1
| #define HAVE_SYS_SELECT_H 1
| #define HAVE_DECL_STRNLEN 1
| #define HAVE_DECL_DAEMON 1
| #define HAVE_DECL_LE16TOH 0
| #define HAVE_DECL_LE32TOH 0
| #define HAVE_DECL_LE64TOH 0
| #define HAVE_DECL_HTOLE16 0
| #define HAVE_DECL_HTOLE32 0
| #define HAVE_DECL_HTOLE64 0
| #define HAVE_DECL_BE16TOH 0
| #define HAVE_DECL_BE32TOH 0
| #define HAVE_DECL_BE64TOH 0
| #define HAVE_DECL_HTOBE16 0
| #define HAVE_DECL_HTOBE32 0
| #define HAVE_DECL_HTOBE64 0
| #define HAVE_DECL_BSWAP_16 0
| #define HAVE_DECL_BSWAP_32 0
| #define HAVE_DECL_BSWAP_64 0
| #define HAVE_DECL___BUILTIN_CLZ 0
| #define HAVE_DECL___BUILTIN_CLZL 0
| #define HAVE_DECL___BUILTIN_CLZLL 0
| #define HAVE_VISIBILITY_ATTRIBUTE 1
| #define HAVE_THREAD_LOCAL 1
| #define HAVE_GETENTROPY_RAND 1
| /* end confdefs.h.  */
| 
|         #include <bdb5/db_cxx.h>
| 
| int
| main (void)
| {
| 
|         #if !((DB_VERSION_MAJOR == 4 && DB_VERSION_MINOR >= 8) || DB_VERSION_MAJOR > 4)
|           #error "failed to find bdb 4.8+"
|         #endif
| 
|   ;
|   return 0;
| }
configure:26248: g++ -std=c++14 -c -g -O2 -g1 -fno-omit-frame-pointer -Wall -Wextra -Wformat -Wvla -Wformat-security -Wthread-safety-analysis -Wno-unused-parameter -Wno-self-assign -Wno-unused-local-typedef -Wno-deprecated-register -Wno-implicit-fallthrough  -DHAVE_BUILD_INFO -D__STDC_FORMAT_MACROS -I/usr/local/opt/berkeley-db@4/include -DMAC_OSX -DOBJC_OLD_DISPATCH_PROTOTYPES=0 conftest.cpp >&5
conftest.cpp:64:18: fatal error: 'libdb5/db_cxx.h' file not found
        #include <libdb5/db_cxx.h>
                 ^~~~~~~~~~~~~~~~~
1 error generated.
configure:26248: $? = 1
configure: failed program was:
| /* confdefs.h */
| #define PACKAGE_NAME "Bitoreum Core"
| #define PACKAGE_TARNAME "bitoreumcore"
| #define PACKAGE_VERSION "1.3.17"
| #define PACKAGE_STRING "Bitoreum Core 1.3.17"
| #define PACKAGE_BUGREPORT "https://github.com/bugahost/bitoreum/issues"
| #define PACKAGE_URL "https://bitoreum.org/"
| #define HAVE_CXX14 1
| #define HAVE_STDIO_H 1
| #define HAVE_STDLIB_H 1
| #define HAVE_STRING_H 1
| #define HAVE_INTTYPES_H 1
| #define HAVE_STDINT_H 1
| #define HAVE_STRINGS_H 1
| #define HAVE_SYS_STAT_H 1
| #define HAVE_SYS_TYPES_H 1
| #define HAVE_UNISTD_H 1
| #define STDC_HEADERS 1
| #define HAVE_DLFCN_H 1
| #define LT_OBJDIR ".libs/"
| #define USE_ASM 1
| #define ENABLE_MINER 1
| #define HAVE_EXECINFO_H 1
| #define ENABLE_STACKTRACES 1
| #define ENABLE_SSE41 1
| #define ENABLE_AVX2 1
| #define ENABLE_SHANI 1
| #define HAVE_PTHREAD_PRIO_INHERIT 1
| #define HAVE_PTHREAD 1
| #define HAVE_DECL_STRERROR_R 1
| #define HAVE_STRERROR_R 1
| #define HAVE_STDIO_H 1
| #define HAVE_STDLIB_H 1
| #define HAVE_UNISTD_H 1
| #define HAVE_STRINGS_H 1
| #define HAVE_SYS_TYPES_H 1
| #define HAVE_SYS_STAT_H 1
| #define HAVE_SYS_SELECT_H 1
| #define HAVE_DECL_STRNLEN 1
| #define HAVE_DECL_DAEMON 1
| #define HAVE_DECL_LE16TOH 0
| #define HAVE_DECL_LE32TOH 0
| #define HAVE_DECL_LE64TOH 0
| #define HAVE_DECL_HTOLE16 0
| #define HAVE_DECL_HTOLE32 0
| #define HAVE_DECL_HTOLE64 0
| #define HAVE_DECL_BE16TOH 0
| #define HAVE_DECL_BE32TOH 0
| #define HAVE_DECL_BE64TOH 0
| #define HAVE_DECL_HTOBE16 0
| #define HAVE_DECL_HTOBE32 0
| #define HAVE_DECL_HTOBE64 0
| #define HAVE_DECL_BSWAP_16 0
| #define HAVE_DECL_BSWAP_32 0
| #define HAVE_DECL_BSWAP_64 0
| #define HAVE_DECL___BUILTIN_CLZ 0
| #define HAVE_DECL___BUILTIN_CLZL 0
| #define HAVE_DECL___BUILTIN_CLZLL 0
| #define HAVE_VISIBILITY_ATTRIBUTE 1
| #define HAVE_THREAD_LOCAL 1
| #define HAVE_GETENTROPY_RAND 1
| /* end confdefs.h.  */
| 
|         #include <libdb5/db_cxx.h>
| 
| int
| main (void)
| {
| 
|         #if !((DB_VERSION_MAJOR == 4 && DB_VERSION_MINOR >= 8) || DB_VERSION_MAJOR > 4)
|           #error "failed to find bdb 4.8+"
|         #endif
| 
|   ;
|   return 0;
| }
configure:26248: g++ -std=c++14 -c -g -O2 -g1 -fno-omit-frame-pointer -Wall -Wextra -Wformat -Wvla -Wformat-security -Wthread-safety-analysis -Wno-unused-parameter -Wno-self-assign -Wno-unused-local-typedef -Wno-deprecated-register -Wno-implicit-fallthrough  -DHAVE_BUILD_INFO -D__STDC_FORMAT_MACROS -I/usr/local/opt/berkeley-db@4/include -DMAC_OSX -DOBJC_OLD_DISPATCH_PROTOTYPES=0 conftest.cpp >&5
conftest.cpp:64:18: fatal error: 'db5/db_cxx.h' file not found
        #include <db5/db_cxx.h>
                 ^~~~~~~~~~~~~~
1 error generated.
configure:26248: $? = 1
configure: failed program was:
| /* confdefs.h */
| #define PACKAGE_NAME "Bitoreum Core"
| #define PACKAGE_TARNAME "bitoreumcore"
| #define PACKAGE_VERSION "1.3.17"
| #define PACKAGE_STRING "Bitoreum Core 1.3.17"
| #define PACKAGE_BUGREPORT "https://github.com/bugahost/bitoreum/issues"
| #define PACKAGE_URL "https://bitoreum.org/"
| #define HAVE_CXX14 1
| #define HAVE_STDIO_H 1
| #define HAVE_STDLIB_H 1
| #define HAVE_STRING_H 1
| #define HAVE_INTTYPES_H 1
| #define HAVE_STDINT_H 1
| #define HAVE_STRINGS_H 1
| #define HAVE_SYS_STAT_H 1
| #define HAVE_SYS_TYPES_H 1
| #define HAVE_UNISTD_H 1
| #define STDC_HEADERS 1
| #define HAVE_DLFCN_H 1
| #define LT_OBJDIR ".libs/"
| #define USE_ASM 1
| #define ENABLE_MINER 1
| #define HAVE_EXECINFO_H 1
| #define ENABLE_STACKTRACES 1
| #define ENABLE_SSE41 1
| #define ENABLE_AVX2 1
| #define ENABLE_SHANI 1
| #define HAVE_PTHREAD_PRIO_INHERIT 1
| #define HAVE_PTHREAD 1
| #define HAVE_DECL_STRERROR_R 1
| #define HAVE_STRERROR_R 1
| #define HAVE_STDIO_H 1
| #define HAVE_STDLIB_H 1
| #define HAVE_UNISTD_H 1
| #define HAVE_STRINGS_H 1
| #define HAVE_SYS_TYPES_H 1
| #define HAVE_SYS_STAT_H 1
| #define HAVE_SYS_SELECT_H 1
| #define HAVE_DECL_STRNLEN 1
| #define HAVE_DECL_DAEMON 1
| #define HAVE_DECL_LE16TOH 0
| #define HAVE_DECL_LE32TOH 0
| #define HAVE_DECL_LE64TOH 0
| #define HAVE_DECL_HTOLE16 0
| #define HAVE_DECL_HTOLE32 0
| #define HAVE_DECL_HTOLE64 0
| #define HAVE_DECL_BE16TOH 0
| #define HAVE_DECL_BE32TOH 0
| #define HAVE_DECL_BE64TOH 0
| #define HAVE_DECL_HTOBE16 0
| #define HAVE_DECL_HTOBE32 0
| #define HAVE_DECL_HTOBE64 0
| #define HAVE_DECL_BSWAP_16 0
| #define HAVE_DECL_BSWAP_32 0
| #define HAVE_DECL_BSWAP_64 0
| #define HAVE_DECL___BUILTIN_CLZ 0
| #define HAVE_DECL___BUILTIN_CLZL 0
| #define HAVE_DECL___BUILTIN_CLZLL 0
| #define HAVE_VISIBILITY_ATTRIBUTE 1
| #define HAVE_THREAD_LOCAL 1
| #define HAVE_GETENTROPY_RAND 1
| /* end confdefs.h.  */
| 
|         #include <db5/db_cxx.h>
| 
| int
| main (void)
| {
| 
|         #if !((DB_VERSION_MAJOR == 4 && DB_VERSION_MINOR >= 8) || DB_VERSION_MAJOR > 4)
|           #error "failed to find bdb 4.8+"
|         #endif
| 
|   ;
|   return 0;
| }
configure:26248: g++ -std=c++14 -c -g -O2 -g1 -fno-omit-frame-pointer -Wall -Wextra -Wformat -Wvla -Wformat-security -Wthread-safety-analysis -Wno-unused-parameter -Wno-self-assign -Wno-unused-local-typedef -Wno-deprecated-register -Wno-implicit-fallthrough  -DHAVE_BUILD_INFO -D__STDC_FORMAT_MACROS -I/usr/local/opt/berkeley-db@4/include -DMAC_OSX -DOBJC_OLD_DISPATCH_PROTOTYPES=0 conftest.cpp >&5
conftest.cpp:64:18: fatal error: 'bdb5.3/db_cxx.h' file not found
        #include <bdb5.3/db_cxx.h>
                 ^~~~~~~~~~~~~~~~~
1 error generated.
configure:26248: $? = 1
configure: failed program was:
| /* confdefs.h */
| #define PACKAGE_NAME "Bitoreum Core"
| #define PACKAGE_TARNAME "bitoreumcore"
| #define PACKAGE_VERSION "1.3.17"
| #define PACKAGE_STRING "Bitoreum Core 1.3.17"
| #define PACKAGE_BUGREPORT "https://github.com/bugahost/bitoreum/issues"
| #define PACKAGE_URL "https://bitoreum.org/"
| #define HAVE_CXX14 1
| #define HAVE_STDIO_H 1
| #define HAVE_STDLIB_H 1
| #define HAVE_STRING_H 1
| #define HAVE_INTTYPES_H 1
| #define HAVE_STDINT_H 1
| #define HAVE_STRINGS_H 1
| #define HAVE_SYS_STAT_H 1
| #define HAVE_SYS_TYPES_H 1
| #define HAVE_UNISTD_H 1
| #define STDC_HEADERS 1
| #define HAVE_DLFCN_H 1
| #define LT_OBJDIR ".libs/"
| #define USE_ASM 1
| #define ENABLE_MINER 1
| #define HAVE_EXECINFO_H 1
| #define ENABLE_STACKTRACES 1
| #define ENABLE_SSE41 1
| #define ENABLE_AVX2 1
| #define ENABLE_SHANI 1
| #define HAVE_PTHREAD_PRIO_INHERIT 1
| #define HAVE_PTHREAD 1
| #define HAVE_DECL_STRERROR_R 1
| #define HAVE_STRERROR_R 1
| #define HAVE_STDIO_H 1
| #define HAVE_STDLIB_H 1
| #define HAVE_UNISTD_H 1
| #define HAVE_STRINGS_H 1
| #define HAVE_SYS_TYPES_H 1
| #define HAVE_SYS_STAT_H 1
| #define HAVE_SYS_SELECT_H 1
| #define HAVE_DECL_STRNLEN 1
| #define HAVE_DECL_DAEMON 1
| #define HAVE_DECL_LE16TOH 0
| #define HAVE_DECL_LE32TOH 0
| #define HAVE_DECL_LE64TOH 0
| #define HAVE_DECL_HTOLE16 0
| #define HAVE_DECL_HTOLE32 0
| #define HAVE_DECL_HTOLE64 0
| #define HAVE_DECL_BE16TOH 0
| #define HAVE_DECL_BE32TOH 0
| #define HAVE_DECL_BE64TOH 0
| #define HAVE_DECL_HTOBE16 0
| #define HAVE_DECL_HTOBE32 0
| #define HAVE_DECL_HTOBE64 0
| #define HAVE_DECL_BSWAP_16 0
| #define HAVE_DECL_BSWAP_32 0
| #define HAVE_DECL_BSWAP_64 0
| #define HAVE_DECL___BUILTIN_CLZ 0
| #define HAVE_DECL___BUILTIN_CLZL 0
| #define HAVE_DECL___BUILTIN_CLZLL 0
| #define HAVE_VISIBILITY_ATTRIBUTE 1
| #define HAVE_THREAD_LOCAL 1
| #define HAVE_GETENTROPY_RAND 1
| /* end confdefs.h.  */
| 
|         #include <bdb5.3/db_cxx.h>
| 
| int
| main (void)
| {
| 
|         #if !((DB_VERSION_MAJOR == 4 && DB_VERSION_MINOR >= 8) || DB_VERSION_MAJOR > 4)
|           #error "failed to find bdb 4.8+"
|         #endif
| 
|   ;
|   return 0;
| }
configure:26248: g++ -std=c++14 -c -g -O2 -g1 -fno-omit-frame-pointer -Wall -Wextra -Wformat -Wvla -Wformat-security -Wthread-safety-analysis -Wno-unused-parameter -Wno-self-assign -Wno-unused-local-typedef -Wno-deprecated-register -Wno-implicit-fallthrough  -DHAVE_BUILD_INFO -D__STDC_FORMAT_MACROS -I/usr/local/opt/berkeley-db@4/include -DMAC_OSX -DOBJC_OLD_DISPATCH_PROTOTYPES=0 conftest.cpp >&5
conftest.cpp:64:18: fatal error: 'libdb5.3/db_cxx.h' file not found
        #include <libdb5.3/db_cxx.h>
                 ^~~~~~~~~~~~~~~~~~~
1 error generated.
configure:26248: $? = 1
configure: failed program was:
| /* confdefs.h */
| #define PACKAGE_NAME "Bitoreum Core"
| #define PACKAGE_TARNAME "bitoreumcore"
| #define PACKAGE_VERSION "1.3.17"
| #define PACKAGE_STRING "Bitoreum Core 1.3.17"
| #define PACKAGE_BUGREPORT "https://github.com/bugahost/bitoreum/issues"
| #define PACKAGE_URL "https://bitoreum.org/"
| #define HAVE_CXX14 1
| #define HAVE_STDIO_H 1
| #define HAVE_STDLIB_H 1
| #define HAVE_STRING_H 1
| #define HAVE_INTTYPES_H 1
| #define HAVE_STDINT_H 1
| #define HAVE_STRINGS_H 1
| #define HAVE_SYS_STAT_H 1
| #define HAVE_SYS_TYPES_H 1
| #define HAVE_UNISTD_H 1
| #define STDC_HEADERS 1
| #define HAVE_DLFCN_H 1
| #define LT_OBJDIR ".libs/"
| #define USE_ASM 1
| #define ENABLE_MINER 1
| #define HAVE_EXECINFO_H 1
| #define ENABLE_STACKTRACES 1
| #define ENABLE_SSE41 1
| #define ENABLE_AVX2 1
| #define ENABLE_SHANI 1
| #define HAVE_PTHREAD_PRIO_INHERIT 1
| #define HAVE_PTHREAD 1
| #define HAVE_DECL_STRERROR_R 1
| #define HAVE_STRERROR_R 1
| #define HAVE_STDIO_H 1
| #define HAVE_STDLIB_H 1
| #define HAVE_UNISTD_H 1
| #define HAVE_STRINGS_H 1
| #define HAVE_SYS_TYPES_H 1
| #define HAVE_SYS_STAT_H 1
| #define HAVE_SYS_SELECT_H 1
| #define HAVE_DECL_STRNLEN 1
| #define HAVE_DECL_DAEMON 1
| #define HAVE_DECL_LE16TOH 0
| #define HAVE_DECL_LE32TOH 0
| #define HAVE_DECL_LE64TOH 0
| #define HAVE_DECL_HTOLE16 0
| #define HAVE_DECL_HTOLE32 0
| #define HAVE_DECL_HTOLE64 0
| #define HAVE_DECL_BE16TOH 0
| #define HAVE_DECL_BE32TOH 0
| #define HAVE_DECL_BE64TOH 0
| #define HAVE_DECL_HTOBE16 0
| #define HAVE_DECL_HTOBE32 0
| #define HAVE_DECL_HTOBE64 0
| #define HAVE_DECL_BSWAP_16 0
| #define HAVE_DECL_BSWAP_32 0
| #define HAVE_DECL_BSWAP_64 0
| #define HAVE_DECL___BUILTIN_CLZ 0
| #define HAVE_DECL___BUILTIN_CLZL 0
| #define HAVE_DECL___BUILTIN_CLZLL 0
| #define HAVE_VISIBILITY_ATTRIBUTE 1
| #define HAVE_THREAD_LOCAL 1
| #define HAVE_GETENTROPY_RAND 1
| /* end confdefs.h.  */
| 
|         #include <libdb5.3/db_cxx.h>
| 
| int
| main (void)
| {
| 
|         #if !((DB_VERSION_MAJOR == 4 && DB_VERSION_MINOR >= 8) || DB_VERSION_MAJOR > 4)
|           #error "failed to find bdb 4.8+"
|         #endif
| 
|   ;
|   return 0;
| }
configure:26248: g++ -std=c++14 -c -g -O2 -g1 -fno-omit-frame-pointer -Wall -Wextra -Wformat -Wvla -Wformat-security -Wthread-safety-analysis -Wno-unused-parameter -Wno-self-assign -Wno-unused-local-typedef -Wno-deprecated-register -Wno-implicit-fallthrough  -DHAVE_BUILD_INFO -D__STDC_FORMAT_MACROS -I/usr/local/opt/berkeley-db@4/include -DMAC_OSX -DOBJC_OLD_DISPATCH_PROTOTYPES=0 conftest.cpp >&5
conftest.cpp:64:18: fatal error: 'db5.3/db_cxx.h' file not found
        #include <db5.3/db_cxx.h>
                 ^~~~~~~~~~~~~~~~
1 error generated.
configure:26248: $? = 1
configure: failed program was:
| /* confdefs.h */
| #define PACKAGE_NAME "Bitoreum Core"
| #define PACKAGE_TARNAME "bitoreumcore"
| #define PACKAGE_VERSION "1.3.17"
| #define PACKAGE_STRING "Bitoreum Core 1.3.17"
| #define PACKAGE_BUGREPORT "https://github.com/bugahost/bitoreum/issues"
| #define PACKAGE_URL "https://bitoreum.org/"
| #define HAVE_CXX14 1
| #define HAVE_STDIO_H 1
| #define HAVE_STDLIB_H 1
| #define HAVE_STRING_H 1
| #define HAVE_INTTYPES_H 1
| #define HAVE_STDINT_H 1
| #define HAVE_STRINGS_H 1
| #define HAVE_SYS_STAT_H 1
| #define HAVE_SYS_TYPES_H 1
| #define HAVE_UNISTD_H 1
| #define STDC_HEADERS 1
| #define HAVE_DLFCN_H 1
| #define LT_OBJDIR ".libs/"
| #define USE_ASM 1
| #define ENABLE_MINER 1
| #define HAVE_EXECINFO_H 1
| #define ENABLE_STACKTRACES 1
| #define ENABLE_SSE41 1
| #define ENABLE_AVX2 1
| #define ENABLE_SHANI 1
| #define HAVE_PTHREAD_PRIO_INHERIT 1
| #define HAVE_PTHREAD 1
| #define HAVE_DECL_STRERROR_R 1
| #define HAVE_STRERROR_R 1
| #define HAVE_STDIO_H 1
| #define HAVE_STDLIB_H 1
| #define HAVE_UNISTD_H 1
| #define HAVE_STRINGS_H 1
| #define HAVE_SYS_TYPES_H 1
| #define HAVE_SYS_STAT_H 1
| #define HAVE_SYS_SELECT_H 1
| #define HAVE_DECL_STRNLEN 1
| #define HAVE_DECL_DAEMON 1
| #define HAVE_DECL_LE16TOH 0
| #define HAVE_DECL_LE32TOH 0
| #define HAVE_DECL_LE64TOH 0
| #define HAVE_DECL_HTOLE16 0
| #define HAVE_DECL_HTOLE32 0
| #define HAVE_DECL_HTOLE64 0
| #define HAVE_DECL_BE16TOH 0
| #define HAVE_DECL_BE32TOH 0
| #define HAVE_DECL_BE64TOH 0
| #define HAVE_DECL_HTOBE16 0
| #define HAVE_DECL_HTOBE32 0
| #define HAVE_DECL_HTOBE64 0
| #define HAVE_DECL_BSWAP_16 0
| #define HAVE_DECL_BSWAP_32 0
| #define HAVE_DECL_BSWAP_64 0
| #define HAVE_DECL___BUILTIN_CLZ 0
| #define HAVE_DECL___BUILTIN_CLZL 0
| #define HAVE_DECL___BUILTIN_CLZLL 0
| #define HAVE_VISIBILITY_ATTRIBUTE 1
| #define HAVE_THREAD_LOCAL 1
| #define HAVE_GETENTROPY_RAND 1
| /* end confdefs.h.  */
| 
|         #include <db5.3/db_cxx.h>
| 
| int
| main (void)
| {
| 
|         #if !((DB_VERSION_MAJOR == 4 && DB_VERSION_MINOR >= 8) || DB_VERSION_MAJOR > 4)
|           #error "failed to find bdb 4.8+"
|         #endif
| 
|   ;
|   return 0;
| }
configure:26248: g++ -std=c++14 -c -g -O2 -g1 -fno-omit-frame-pointer -Wall -Wextra -Wformat -Wvla -Wformat-security -Wthread-safety-analysis -Wno-unused-parameter -Wno-self-assign -Wno-unused-local-typedef -Wno-deprecated-register -Wno-implicit-fallthrough  -DHAVE_BUILD_INFO -D__STDC_FORMAT_MACROS -I/usr/local/opt/berkeley-db@4/include -DMAC_OSX -DOBJC_OLD_DISPATCH_PROTOTYPES=0 conftest.cpp >&5
conftest.cpp:64:18: fatal error: 'bdb/db_cxx.h' file not found
        #include <bdb/db_cxx.h>
                 ^~~~~~~~~~~~~~
1 error generated.
configure:26248: $? = 1
configure: failed program was:
| /* confdefs.h */
| #define PACKAGE_NAME "Bitoreum Core"
| #define PACKAGE_TARNAME "bitoreumcore"
| #define PACKAGE_VERSION "1.3.17"
| #define PACKAGE_STRING "Bitoreum Core 1.3.17"
| #define PACKAGE_BUGREPORT "https://github.com/bugahost/bitoreum/issues"
| #define PACKAGE_URL "https://bitoreum.org/"
| #define HAVE_CXX14 1
| #define HAVE_STDIO_H 1
| #define HAVE_STDLIB_H 1
| #define HAVE_STRING_H 1
| #define HAVE_INTTYPES_H 1
| #define HAVE_STDINT_H 1
| #define HAVE_STRINGS_H 1
| #define HAVE_SYS_STAT_H 1
| #define HAVE_SYS_TYPES_H 1
| #define HAVE_UNISTD_H 1
| #define STDC_HEADERS 1
| #define HAVE_DLFCN_H 1
| #define LT_OBJDIR ".libs/"
| #define USE_ASM 1
| #define ENABLE_MINER 1
| #define HAVE_EXECINFO_H 1
| #define ENABLE_STACKTRACES 1
| #define ENABLE_SSE41 1
| #define ENABLE_AVX2 1
| #define ENABLE_SHANI 1
| #define HAVE_PTHREAD_PRIO_INHERIT 1
| #define HAVE_PTHREAD 1
| #define HAVE_DECL_STRERROR_R 1
| #define HAVE_STRERROR_R 1
| #define HAVE_STDIO_H 1
| #define HAVE_STDLIB_H 1
| #define HAVE_UNISTD_H 1
| #define HAVE_STRINGS_H 1
| #define HAVE_SYS_TYPES_H 1
| #define HAVE_SYS_STAT_H 1
| #define HAVE_SYS_SELECT_H 1
| #define HAVE_DECL_STRNLEN 1
| #define HAVE_DECL_DAEMON 1
| #define HAVE_DECL_LE16TOH 0
| #define HAVE_DECL_LE32TOH 0
| #define HAVE_DECL_LE64TOH 0
| #define HAVE_DECL_HTOLE16 0
| #define HAVE_DECL_HTOLE32 0
| #define HAVE_DECL_HTOLE64 0
| #define HAVE_DECL_BE16TOH 0
| #define HAVE_DECL_BE32TOH 0
| #define HAVE_DECL_BE64TOH 0
| #define HAVE_DECL_HTOBE16 0
| #define HAVE_DECL_HTOBE32 0
| #define HAVE_DECL_HTOBE64 0
| #define HAVE_DECL_BSWAP_16 0
| #define HAVE_DECL_BSWAP_32 0
| #define HAVE_DECL_BSWAP_64 0
| #define HAVE_DECL___BUILTIN_CLZ 0
| #define HAVE_DECL___BUILTIN_CLZL 0
| #define HAVE_DECL___BUILTIN_CLZLL 0
| #define HAVE_VISIBILITY_ATTRIBUTE 1
| #define HAVE_THREAD_LOCAL 1
| #define HAVE_GETENTROPY_RAND 1
| /* end confdefs.h.  */
| 
|         #include <bdb/db_cxx.h>
| 
| int
| main (void)
| {
| 
|         #if !((DB_VERSION_MAJOR == 4 && DB_VERSION_MINOR >= 8) || DB_VERSION_MAJOR > 4)
|           #error "failed to find bdb 4.8+"
|         #endif
| 
|   ;
|   return 0;
| }
configure:26248: g++ -std=c++14 -c -g -O2 -g1 -fno-omit-frame-pointer -Wall -Wextra -Wformat -Wvla -Wformat-security -Wthread-safety-analysis -Wno-unused-parameter -Wno-self-assign -Wno-unused-local-typedef -Wno-deprecated-register -Wno-implicit-fallthrough  -DHAVE_BUILD_INFO -D__STDC_FORMAT_MACROS -I/usr/local/opt/berkeley-db@4/include -DMAC_OSX -DOBJC_OLD_DISPATCH_PROTOTYPES=0 conftest.cpp >&5
conftest.cpp:64:18: fatal error: 'libdb/db_cxx.h' file not found
        #include <libdb/db_cxx.h>
                 ^~~~~~~~~~~~~~~~
1 error generated.
configure:26248: $? = 1
configure: failed program was:
| /* confdefs.h */
| #define PACKAGE_NAME "Bitoreum Core"
| #define PACKAGE_TARNAME "bitoreumcore"
| #define PACKAGE_VERSION "1.3.17"
| #define PACKAGE_STRING "Bitoreum Core 1.3.17"
| #define PACKAGE_BUGREPORT "https://github.com/bugahost/bitoreum/issues"
| #define PACKAGE_URL "https://bitoreum.org/"
| #define HAVE_CXX14 1
| #define HAVE_STDIO_H 1
| #define HAVE_STDLIB_H 1
| #define HAVE_STRING_H 1
| #define HAVE_INTTYPES_H 1
| #define HAVE_STDINT_H 1
| #define HAVE_STRINGS_H 1
| #define HAVE_SYS_STAT_H 1
| #define HAVE_SYS_TYPES_H 1
| #define HAVE_UNISTD_H 1
| #define STDC_HEADERS 1
| #define HAVE_DLFCN_H 1
| #define LT_OBJDIR ".libs/"
| #define USE_ASM 1
| #define ENABLE_MINER 1
| #define HAVE_EXECINFO_H 1
| #define ENABLE_STACKTRACES 1
| #define ENABLE_SSE41 1
| #define ENABLE_AVX2 1
| #define ENABLE_SHANI 1
| #define HAVE_PTHREAD_PRIO_INHERIT 1
| #define HAVE_PTHREAD 1
| #define HAVE_DECL_STRERROR_R 1
| #define HAVE_STRERROR_R 1
| #define HAVE_STDIO_H 1
| #define HAVE_STDLIB_H 1
| #define HAVE_UNISTD_H 1
| #define HAVE_STRINGS_H 1
| #define HAVE_SYS_TYPES_H 1
| #define HAVE_SYS_STAT_H 1
| #define HAVE_SYS_SELECT_H 1
| #define HAVE_DECL_STRNLEN 1
| #define HAVE_DECL_DAEMON 1
| #define HAVE_DECL_LE16TOH 0
| #define HAVE_DECL_LE32TOH 0
| #define HAVE_DECL_LE64TOH 0
| #define HAVE_DECL_HTOLE16 0
| #define HAVE_DECL_HTOLE32 0
| #define HAVE_DECL_HTOLE64 0
| #define HAVE_DECL_BE16TOH 0
| #define HAVE_DECL_BE32TOH 0
| #define HAVE_DECL_BE64TOH 0
| #define HAVE_DECL_HTOBE16 0
| #define HAVE_DECL_HTOBE32 0
| #define HAVE_DECL_HTOBE64 0
| #define HAVE_DECL_BSWAP_16 0
| #define HAVE_DECL_BSWAP_32 0
| #define HAVE_DECL_BSWAP_64 0
| #define HAVE_DECL___BUILTIN_CLZ 0
| #define HAVE_DECL___BUILTIN_CLZL 0
| #define HAVE_DECL___BUILTIN_CLZLL 0
| #define HAVE_VISIBILITY_ATTRIBUTE 1
| #define HAVE_THREAD_LOCAL 1
| #define HAVE_GETENTROPY_RAND 1
| /* end confdefs.h.  */
| 
|         #include <libdb/db_cxx.h>
| 
| int
| main (void)
| {
| 
|         #if !((DB_VERSION_MAJOR == 4 && DB_VERSION_MINOR >= 8) || DB_VERSION_MAJOR > 4)
|           #error "failed to find bdb 4.8+"
|         #endif
| 
|   ;
|   return 0;
| }
configure:26248: g++ -std=c++14 -c -g -O2 -g1 -fno-omit-frame-pointer -Wall -Wextra -Wformat -Wvla -Wformat-security -Wthread-safety-analysis -Wno-unused-parameter -Wno-self-assign -Wno-unused-local-typedef -Wno-deprecated-register -Wno-implicit-fallthrough  -DHAVE_BUILD_INFO -D__STDC_FORMAT_MACROS -I/usr/local/opt/berkeley-db@4/include -DMAC_OSX -DOBJC_OLD_DISPATCH_PROTOTYPES=0 conftest.cpp >&5
conftest.cpp:64:18: fatal error: 'db/db_cxx.h' file not found
        #include <db/db_cxx.h>
                 ^~~~~~~~~~~~~
1 error generated.
configure:26248: $? = 1
configure: failed program was:
| /* confdefs.h */
| #define PACKAGE_NAME "Bitoreum Core"
| #define PACKAGE_TARNAME "bitoreumcore"
| #define PACKAGE_VERSION "1.3.17"
| #define PACKAGE_STRING "Bitoreum Core 1.3.17"
| #define PACKAGE_BUGREPORT "https://github.com/bugahost/bitoreum/issues"
| #define PACKAGE_URL "https://bitoreum.org/"
| #define HAVE_CXX14 1
| #define HAVE_STDIO_H 1
| #define HAVE_STDLIB_H 1
| #define HAVE_STRING_H 1
| #define HAVE_INTTYPES_H 1
| #define HAVE_STDINT_H 1
| #define HAVE_STRINGS_H 1
| #define HAVE_SYS_STAT_H 1
| #define HAVE_SYS_TYPES_H 1
| #define HAVE_UNISTD_H 1
| #define STDC_HEADERS 1
| #define HAVE_DLFCN_H 1
| #define LT_OBJDIR ".libs/"
| #define USE_ASM 1
| #define ENABLE_MINER 1
| #define HAVE_EXECINFO_H 1
| #define ENABLE_STACKTRACES 1
| #define ENABLE_SSE41 1
| #define ENABLE_AVX2 1
| #define ENABLE_SHANI 1
| #define HAVE_PTHREAD_PRIO_INHERIT 1
| #define HAVE_PTHREAD 1
| #define HAVE_DECL_STRERROR_R 1
| #define HAVE_STRERROR_R 1
| #define HAVE_STDIO_H 1
| #define HAVE_STDLIB_H 1
| #define HAVE_UNISTD_H 1
| #define HAVE_STRINGS_H 1
| #define HAVE_SYS_TYPES_H 1
| #define HAVE_SYS_STAT_H 1
| #define HAVE_SYS_SELECT_H 1
| #define HAVE_DECL_STRNLEN 1
| #define HAVE_DECL_DAEMON 1
| #define HAVE_DECL_LE16TOH 0
| #define HAVE_DECL_LE32TOH 0
| #define HAVE_DECL_LE64TOH 0
| #define HAVE_DECL_HTOLE16 0
| #define HAVE_DECL_HTOLE32 0
| #define HAVE_DECL_HTOLE64 0
| #define HAVE_DECL_BE16TOH 0
| #define HAVE_DECL_BE32TOH 0
| #define HAVE_DECL_BE64TOH 0
| #define HAVE_DECL_HTOBE16 0
| #define HAVE_DECL_HTOBE32 0
| #define HAVE_DECL_HTOBE64 0
| #define HAVE_DECL_BSWAP_16 0
| #define HAVE_DECL_BSWAP_32 0
| #define HAVE_DECL_BSWAP_64 0
| #define HAVE_DECL___BUILTIN_CLZ 0
| #define HAVE_DECL___BUILTIN_CLZL 0
| #define HAVE_DECL___BUILTIN_CLZLL 0
| #define HAVE_VISIBILITY_ATTRIBUTE 1
| #define HAVE_THREAD_LOCAL 1
| #define HAVE_GETENTROPY_RAND 1
| /* end confdefs.h.  */
| 
|         #include <db/db_cxx.h>
| 
| int
| main (void)
| {
| 
|         #if !((DB_VERSION_MAJOR == 4 && DB_VERSION_MINOR >= 8) || DB_VERSION_MAJOR > 4)
|           #error "failed to find bdb 4.8+"
|         #endif
| 
|   ;
|   return 0;
| }
configure:26248: g++ -std=c++14 -c -g -O2 -g1 -fno-omit-frame-pointer -Wall -Wextra -Wformat -Wvla -Wformat-security -Wthread-safety-analysis -Wno-unused-parameter -Wno-self-assign -Wno-unused-local-typedef -Wno-deprecated-register -Wno-implicit-fallthrough  -DHAVE_BUILD_INFO -D__STDC_FORMAT_MACROS -I/usr/local/opt/berkeley-db@4/include -DMAC_OSX -DOBJC_OLD_DISPATCH_PROTOTYPES=0 conftest.cpp >&5
conftest.cpp:64:18: fatal error: 'db_cxx.h' file not found
        #include <db_cxx.h>
                 ^~~~~~~~~~
1 error generated.
configure:26248: $? = 1
configure: failed program was:
| /* confdefs.h */
| #define PACKAGE_NAME "Bitoreum Core"
| #define PACKAGE_TARNAME "bitoreumcore"
| #define PACKAGE_VERSION "1.3.17"
| #define PACKAGE_STRING "Bitoreum Core 1.3.17"
| #define PACKAGE_BUGREPORT "https://github.com/bugahost/bitoreum/issues"
| #define PACKAGE_URL "https://bitoreum.org/"
| #define HAVE_CXX14 1
| #define HAVE_STDIO_H 1
| #define HAVE_STDLIB_H 1
| #define HAVE_STRING_H 1
| #define HAVE_INTTYPES_H 1
| #define HAVE_STDINT_H 1
| #define HAVE_STRINGS_H 1
| #define HAVE_SYS_STAT_H 1
| #define HAVE_SYS_TYPES_H 1
| #define HAVE_UNISTD_H 1
| #define STDC_HEADERS 1
| #define HAVE_DLFCN_H 1
| #define LT_OBJDIR ".libs/"
| #define USE_ASM 1
| #define ENABLE_MINER 1
| #define HAVE_EXECINFO_H 1
| #define ENABLE_STACKTRACES 1
| #define ENABLE_SSE41 1
| #define ENABLE_AVX2 1
| #define ENABLE_SHANI 1
| #define HAVE_PTHREAD_PRIO_INHERIT 1
| #define HAVE_PTHREAD 1
| #define HAVE_DECL_STRERROR_R 1
| #define HAVE_STRERROR_R 1
| #define HAVE_STDIO_H 1
| #define HAVE_STDLIB_H 1
| #define HAVE_UNISTD_H 1
| #define HAVE_STRINGS_H 1
| #define HAVE_SYS_TYPES_H 1
| #define HAVE_SYS_STAT_H 1
| #define HAVE_SYS_SELECT_H 1
| #define HAVE_DECL_STRNLEN 1
| #define HAVE_DECL_DAEMON 1
| #define HAVE_DECL_LE16TOH 0
| #define HAVE_DECL_LE32TOH 0
| #define HAVE_DECL_LE64TOH 0
| #define HAVE_DECL_HTOLE16 0
| #define HAVE_DECL_HTOLE32 0
| #define HAVE_DECL_HTOLE64 0
| #define HAVE_DECL_BE16TOH 0
| #define HAVE_DECL_BE32TOH 0
| #define HAVE_DECL_BE64TOH 0
| #define HAVE_DECL_HTOBE16 0
| #define HAVE_DECL_HTOBE32 0
| #define HAVE_DECL_HTOBE64 0
| #define HAVE_DECL_BSWAP_16 0
| #define HAVE_DECL_BSWAP_32 0
| #define HAVE_DECL_BSWAP_64 0
| #define HAVE_DECL___BUILTIN_CLZ 0
| #define HAVE_DECL___BUILTIN_CLZL 0
| #define HAVE_DECL___BUILTIN_CLZLL 0
| #define HAVE_VISIBILITY_ATTRIBUTE 1
| #define HAVE_THREAD_LOCAL 1
| #define HAVE_GETENTROPY_RAND 1
| /* end confdefs.h.  */
| 
|         #include <db_cxx.h>
| 
| int
| main (void)
| {
| 
|         #if !((DB_VERSION_MAJOR == 4 && DB_VERSION_MINOR >= 8) || DB_VERSION_MAJOR > 4)
|           #error "failed to find bdb 4.8+"
|         #endif
| 
|   ;
|   return 0;
| }
configure:26288: result: no
configure:26290: error: libdb_cxx headers missing, Bitoreum Core requires this library for wallet functionality (--disable-wallet to disable wallet functionality)

## ---------------- ##
## Cache variables. ##
## ---------------- ##

ac_cv_build=x86_64-apple-darwin20.5.0
ac_cv_c_bigendian=no
ac_cv_c_compiler_gnu=yes
ac_cv_cxx_compiler_gnu=yes
ac_cv_cxx_undeclared_builtin_options='none needed'
ac_cv_env_ARFLAGS_set=
ac_cv_env_ARFLAGS_value=
ac_cv_env_BDB_CFLAGS_set=
ac_cv_env_BDB_CFLAGS_value=
ac_cv_env_BDB_LIBS_set=
ac_cv_env_BDB_LIBS_value=
ac_cv_env_CCC_set=
ac_cv_env_CCC_value=
ac_cv_env_CC_set=
ac_cv_env_CC_value=
ac_cv_env_CFLAGS_set=
ac_cv_env_CFLAGS_value=
ac_cv_env_CPPFLAGS_set=
ac_cv_env_CPPFLAGS_value=
ac_cv_env_CPP_set=
ac_cv_env_CPP_value=
ac_cv_env_CRYPTO_CFLAGS_set=
ac_cv_env_CRYPTO_CFLAGS_value=
ac_cv_env_CRYPTO_LIBS_set=
ac_cv_env_CRYPTO_LIBS_value=
ac_cv_env_CXXCPP_set=
ac_cv_env_CXXCPP_value=
ac_cv_env_CXXFLAGS_set=
ac_cv_env_CXXFLAGS_value=
ac_cv_env_CXX_set=
ac_cv_env_CXX_value=
ac_cv_env_EVENT_CFLAGS_set=
ac_cv_env_EVENT_CFLAGS_value=
ac_cv_env_EVENT_LIBS_set=
ac_cv_env_EVENT_LIBS_value=
ac_cv_env_EVENT_PTHREADS_CFLAGS_set=
ac_cv_env_EVENT_PTHREADS_CFLAGS_value=
ac_cv_env_EVENT_PTHREADS_LIBS_set=
ac_cv_env_EVENT_PTHREADS_LIBS_value=
ac_cv_env_LDFLAGS_set=
ac_cv_env_LDFLAGS_value=
ac_cv_env_LIBS_set=
ac_cv_env_LIBS_value=
ac_cv_env_LT_SYS_LIBRARY_PATH_set=
ac_cv_env_LT_SYS_LIBRARY_PATH_value=
ac_cv_env_OBJCXXFLAGS_set=
ac_cv_env_OBJCXXFLAGS_value=
ac_cv_env_OBJCXX_set=
ac_cv_env_OBJCXX_value=
ac_cv_env_PKG_CONFIG_LIBDIR_set=
ac_cv_env_PKG_CONFIG_LIBDIR_value=
ac_cv_env_PKG_CONFIG_PATH_set=
ac_cv_env_PKG_CONFIG_PATH_value=
ac_cv_env_PKG_CONFIG_set=
ac_cv_env_PKG_CONFIG_value=
ac_cv_env_PROTOBUF_CFLAGS_set=
ac_cv_env_PROTOBUF_CFLAGS_value=
ac_cv_env_PROTOBUF_LIBS_set=
ac_cv_env_PROTOBUF_LIBS_value=
ac_cv_env_PYTHONPATH_set=set
ac_cv_env_PYTHONPATH_value=/Users/marius/src/btm/depends/x86_64-apple-darwin20.5.0/share/../native/lib/python/dist-packages:
ac_cv_env_QR_CFLAGS_set=
ac_cv_env_QR_CFLAGS_value=
ac_cv_env_QR_LIBS_set=
ac_cv_env_QR_LIBS_value=
ac_cv_env_QTACCESSIBILITY_CFLAGS_set=
ac_cv_env_QTACCESSIBILITY_CFLAGS_value=
ac_cv_env_QTACCESSIBILITY_LIBS_set=
ac_cv_env_QTACCESSIBILITY_LIBS_value=
ac_cv_env_QTCGL_CFLAGS_set=
ac_cv_env_QTCGL_CFLAGS_value=
ac_cv_env_QTCGL_LIBS_set=
ac_cv_env_QTCGL_LIBS_value=
ac_cv_env_QTCLIPBOARD_CFLAGS_set=
ac_cv_env_QTCLIPBOARD_CFLAGS_value=
ac_cv_env_QTCLIPBOARD_LIBS_set=
ac_cv_env_QTCLIPBOARD_LIBS_value=
ac_cv_env_QTDEVICEDISCOVERY_CFLAGS_set=
ac_cv_env_QTDEVICEDISCOVERY_CFLAGS_value=
ac_cv_env_QTDEVICEDISCOVERY_LIBS_set=
ac_cv_env_QTDEVICEDISCOVERY_LIBS_value=
ac_cv_env_QTEVENTDISPATCHER_CFLAGS_set=
ac_cv_env_QTEVENTDISPATCHER_CFLAGS_value=
ac_cv_env_QTEVENTDISPATCHER_LIBS_set=
ac_cv_env_QTEVENTDISPATCHER_LIBS_value=
ac_cv_env_QTFB_CFLAGS_set=
ac_cv_env_QTFB_CFLAGS_value=
ac_cv_env_QTFB_LIBS_set=
ac_cv_env_QTFB_LIBS_value=
ac_cv_env_QTFONTDATABASE_CFLAGS_set=
ac_cv_env_QTFONTDATABASE_CFLAGS_value=
ac_cv_env_QTFONTDATABASE_LIBS_set=
ac_cv_env_QTFONTDATABASE_LIBS_value=
ac_cv_env_QTGRAPHICS_CFLAGS_set=
ac_cv_env_QTGRAPHICS_CFLAGS_value=
ac_cv_env_QTGRAPHICS_LIBS_set=
ac_cv_env_QTGRAPHICS_LIBS_value=
ac_cv_env_QTTHEME_CFLAGS_set=
ac_cv_env_QTTHEME_CFLAGS_value=
ac_cv_env_QTTHEME_LIBS_set=
ac_cv_env_QTTHEME_LIBS_value=
ac_cv_env_QTXCBQPA_CFLAGS_set=
ac_cv_env_QTXCBQPA_CFLAGS_value=
ac_cv_env_QTXCBQPA_LIBS_set=
ac_cv_env_QTXCBQPA_LIBS_value=
ac_cv_env_QT_CORE_CFLAGS_set=
ac_cv_env_QT_CORE_CFLAGS_value=
ac_cv_env_QT_CORE_LIBS_set=
ac_cv_env_QT_CORE_LIBS_value=
ac_cv_env_QT_DBUS_CFLAGS_set=
ac_cv_env_QT_DBUS_CFLAGS_value=
ac_cv_env_QT_DBUS_LIBS_set=
ac_cv_env_QT_DBUS_LIBS_value=
ac_cv_env_QT_GUI_CFLAGS_set=
ac_cv_env_QT_GUI_CFLAGS_value=
ac_cv_env_QT_GUI_LIBS_set=
ac_cv_env_QT_GUI_LIBS_value=
ac_cv_env_QT_NETWORK_CFLAGS_set=
ac_cv_env_QT_NETWORK_CFLAGS_value=
ac_cv_env_QT_NETWORK_LIBS_set=
ac_cv_env_QT_NETWORK_LIBS_value=
ac_cv_env_QT_TEST_CFLAGS_set=
ac_cv_env_QT_TEST_CFLAGS_value=
ac_cv_env_QT_TEST_LIBS_set=
ac_cv_env_QT_TEST_LIBS_value=
ac_cv_env_QT_WIDGETS_CFLAGS_set=
ac_cv_env_QT_WIDGETS_CFLAGS_value=
ac_cv_env_QT_WIDGETS_LIBS_set=
ac_cv_env_QT_WIDGETS_LIBS_value=
ac_cv_env_SSL_CFLAGS_set=
ac_cv_env_SSL_CFLAGS_value=
ac_cv_env_SSL_LIBS_set=
ac_cv_env_SSL_LIBS_value=
ac_cv_env_UNIVALUE_CFLAGS_set=
ac_cv_env_UNIVALUE_CFLAGS_value=
ac_cv_env_UNIVALUE_LIBS_set=
ac_cv_env_UNIVALUE_LIBS_value=
ac_cv_env_ZMQ_CFLAGS_set=
ac_cv_env_ZMQ_CFLAGS_value=
ac_cv_env_ZMQ_LIBS_set=
ac_cv_env_ZMQ_LIBS_value=
ac_cv_env_build_alias_set=
ac_cv_env_build_alias_value=
ac_cv_env_host_alias_set=
ac_cv_env_host_alias_value=
ac_cv_env_target_alias_set=
ac_cv_env_target_alias_value=
ac_cv_func_strerror_r_char_p=no
ac_cv_have_decl___builtin_clz=no
ac_cv_have_decl___builtin_clzl=no
ac_cv_have_decl___builtin_clzll=no
ac_cv_have_decl_be16toh=no
ac_cv_have_decl_be32toh=no
ac_cv_have_decl_be64toh=no
ac_cv_have_decl_bswap_16=no
ac_cv_have_decl_bswap_32=no
ac_cv_have_decl_bswap_64=no
ac_cv_have_decl_daemon=yes
ac_cv_have_decl_htobe16=no
ac_cv_have_decl_htobe32=no
ac_cv_have_decl_htobe64=no
ac_cv_have_decl_htole16=no
ac_cv_have_decl_htole32=no
ac_cv_have_decl_htole64=no
ac_cv_have_decl_le16toh=no
ac_cv_have_decl_le32toh=no
ac_cv_have_decl_le64toh=no
ac_cv_have_decl_strerror_r=yes
ac_cv_have_decl_strnlen=yes
ac_cv_header_byteswap_h=no
ac_cv_header_dlfcn_h=yes
ac_cv_header_endian_h=no
ac_cv_header_execinfo_h=yes
ac_cv_header_inttypes_h=yes
ac_cv_header_stdint_h=yes
ac_cv_header_stdio_h=yes
ac_cv_header_stdlib_h=yes
ac_cv_header_string_h=yes
ac_cv_header_strings_h=yes
ac_cv_header_sys_endian_h=no
ac_cv_header_sys_prctl_h=no
ac_cv_header_sys_select_h=yes
ac_cv_header_sys_stat_h=yes
ac_cv_header_sys_types_h=yes
ac_cv_header_unistd_h=yes
ac_cv_host=x86_64-apple-darwin20.5.0
ac_cv_objcxx_compiler_gnu=yes
ac_cv_objext=o
ac_cv_path_EGREP='/usr/bin/grep -E'
ac_cv_path_FGREP='/usr/bin/grep -F'
ac_cv_path_GIT=/usr/local/bin/git
ac_cv_path_GREP=/usr/bin/grep
ac_cv_path_HEXDUMP=/usr/bin/hexdump
ac_cv_path_PYTHON=/usr/local/opt/python@3.7/bin/python3.7
ac_cv_path_RSVG_CONVERT=/usr/local/bin/rsvg-convert
ac_cv_path_SED=/usr/bin/sed
ac_cv_path_XGETTEXT=/usr/local/bin/xgettext
ac_cv_path_ac_pt_AR=/usr/bin/ar
ac_cv_path_ac_pt_CPPFILT=/usr/bin/c++filt
ac_cv_path_ac_pt_DSYMUTIL=/usr/bin/dsymutil
ac_cv_path_ac_pt_GCOV=/usr/bin/gcov
ac_cv_path_ac_pt_PKG_CONFIG=/usr/local/bin/pkg-config
ac_cv_path_ac_pt_RANLIB=/usr/bin/ranlib
ac_cv_path_ac_pt_STRIP=/usr/bin/strip
ac_cv_path_install='/usr/bin/install -c'
ac_cv_path_lt_DD=/bin/dd
ac_cv_prog_AWK=awk
ac_cv_prog_BREW=brew
ac_cv_prog_CPP='gcc -E'
ac_cv_prog_CXXCPP='g++ -std=c++14 -E'
ac_cv_prog_ac_ct_AR=ar
ac_cv_prog_ac_ct_CC=gcc
ac_cv_prog_ac_ct_CXX=g++
ac_cv_prog_ac_ct_DSYMUTIL=dsymutil
ac_cv_prog_ac_ct_LIPO=lipo
ac_cv_prog_ac_ct_NMEDIT=nmedit
ac_cv_prog_ac_ct_OBJDUMP=objdump
ac_cv_prog_ac_ct_OTOOL=otool
ac_cv_prog_ac_ct_RANLIB=ranlib
ac_cv_prog_ac_ct_STRIP=strip
ac_cv_prog_cc_c11=
ac_cv_prog_cc_g=yes
ac_cv_prog_cc_stdc=
ac_cv_prog_cxx_11=no
ac_cv_prog_cxx_g=yes
ac_cv_prog_cxx_stdcxx=
ac_cv_prog_make_make_set=yes
ac_cv_prog_objcxx_g=yes
ac_cv_search_backtrace='none required'
ac_cv_search_clock_gettime='none required'
ac_cv_sys_file_offset_bits=no
ac_cv_sys_largefile_CC=no
am_cv_CC_dependencies_compiler_type=gcc3
am_cv_CXX_dependencies_compiler_type=gcc3
am_cv_OBJCXX_dependencies_compiler_type=gcc3
am_cv_make_support_nested_variables=yes
am_cv_prog_cc_c_o=yes
ax_cv_PTHREAD_CLANG=yes
ax_cv_PTHREAD_CLANG_NO_WARN_FLAG=no
ax_cv_PTHREAD_JOINABLE_ATTR=PTHREAD_CREATE_JOINABLE
ax_cv_PTHREAD_PRIO_INHERIT=yes
ax_cv_PTHREAD_SPECIAL_FLAGS=no
ax_cv_check_cxxcppflags___D_FORTIFY_SOURCE_2=yes
ax_cv_check_cxxcppflags___U_FORTIFY_SOURCE=yes
ax_cv_check_cxxflags__Wall=yes
ax_cv_check_cxxflags__Wdeprecated_register=yes
ax_cv_check_cxxflags__Wextra=yes
ax_cv_check_cxxflags__Wformat=yes
ax_cv_check_cxxflags__Wformat_security=yes
ax_cv_check_cxxflags__Wimplicit_fallthrough=yes
ax_cv_check_cxxflags__Wrange_loop_analysis=yes
ax_cv_check_cxxflags__Wself_assign=yes
ax_cv_check_cxxflags__Wthread_safety_analysis=yes
ax_cv_check_cxxflags__Wunused_local_typedef=yes
ax_cv_check_cxxflags__Wunused_parameter=yes
ax_cv_check_cxxflags__Wvla=yes
ax_cv_check_cxxflags___Wa__mbig_obj=no
ax_cv_check_cxxflags___Werror=yes
ax_cv_check_cxxflags___Wstack_protector=yes
ax_cv_check_cxxflags___fPIC=yes
ax_cv_check_cxxflags___fstack_protector_all=yes
ax_cv_check_cxxflags__mavx__mavx2=yes
ax_cv_check_cxxflags__msse4_1=yes
ax_cv_check_cxxflags__msse4_2=yes
ax_cv_check_cxxflags__msse4__msha=yes
ax_cv_check_ldflags___Wl___dynamicbase=no
ax_cv_check_ldflags___Wl___high_entropy_va=no
ax_cv_check_ldflags___Wl___large_address_aware=no
ax_cv_check_ldflags___Wl___nxcompat=no
ax_cv_check_ldflags___Wl__dead_strip=yes
ax_cv_check_ldflags___Wl__headerpad_max_install_names=yes
ax_cv_check_ldflags___Wl__wrap___cxa_allocate_exception=no
ax_cv_check_ldflags___Wl__z_now=no
ax_cv_check_ldflags___Wl__z_relro=no
ax_cv_check_ldflags__fPIE__pie=no
ax_cv_cxx_compile_cxx14__std_cpp14=yes
ax_cv_have_func_attribute_dllexport=no
ax_cv_have_func_attribute_dllimport=no
ax_cv_have_func_attribute_visibility=no
lt_cv_apple_cc_single_mod=yes
lt_cv_ar_at_file=no
lt_cv_deplibs_check_method=pass_all
lt_cv_file_magic_cmd='$MAGIC_CMD'
lt_cv_file_magic_test_file=
lt_cv_ld_exported_symbols_list=yes
lt_cv_ld_force_load=yes
lt_cv_ld_reload_flag=-r
lt_cv_nm_interface='BSD nm'
lt_cv_objdir=.libs
lt_cv_path_LD=/Library/Developer/CommandLineTools/usr/bin/ld
lt_cv_path_LDCXX=/Library/Developer/CommandLineTools/usr/bin/ld
lt_cv_path_NM='/usr/bin/nm -B'
lt_cv_path_mainfest_tool=no
lt_cv_prog_compiler_c_o=yes
lt_cv_prog_compiler_c_o_CXX=yes
lt_cv_prog_compiler_pic='-fno-common -DPIC'
lt_cv_prog_compiler_pic_CXX='-fno-common -DPIC'
lt_cv_prog_compiler_pic_works=yes
lt_cv_prog_compiler_pic_works_CXX=yes
lt_cv_prog_compiler_rtti_exceptions=yes
lt_cv_prog_compiler_static_works=no
lt_cv_prog_compiler_static_works_CXX=no
lt_cv_prog_gnu_ld=no
lt_cv_prog_gnu_ldcxx=no
lt_cv_sharedlib_from_linklib_cmd='printf %s\n'
lt_cv_sys_global_symbol_pipe='sed -n -e '\''s/^.*[	 ]\([BCDEGRST][BCDEGRST]*\)[	 ][	 ]*_\([_A-Za-z][_A-Za-z0-9]*\)$/\1 _\2 \2/p'\'' | sed '\''/ __gnu_lto/d'\'''
lt_cv_sys_global_symbol_to_c_name_address='sed -n -e '\''s/^: \(.*\) .*$/  {"\1", (void *) 0},/p'\'' -e '\''s/^[BCDEGRST][BCDEGRST]* .* \(.*\)$/  {"\1", (void *) \&\1},/p'\'''
lt_cv_sys_global_symbol_to_c_name_address_lib_prefix='sed -n -e '\''s/^: \(.*\) .*$/  {"\1", (void *) 0},/p'\'' -e '\''s/^[BCDEGRST][BCDEGRST]* .* \(lib.*\)$/  {"\1", (void *) \&\1},/p'\'' -e '\''s/^[BCDEGRST][BCDEGRST]* .* \(.*\)$/  {"lib\1", (void *) \&\1},/p'\'''
lt_cv_sys_global_symbol_to_cdecl='sed -n -e '\''s/^T .* \(.*\)$/extern int \1();/p'\'' -e '\''s/^[BCDEGRST][BCDEGRST]* .* \(.*\)$/extern char \1;/p'\'''
lt_cv_sys_global_symbol_to_import=
lt_cv_sys_max_cmd_len=786432
lt_cv_to_host_file_cmd=func_convert_file_noop
lt_cv_to_tool_file_cmd=func_convert_file_noop
lt_cv_truncate_bin='/bin/dd bs=4096 count=1'

## ----------------- ##
## Output variables. ##
## ----------------- ##

ACLOCAL='${SHELL} '\''/Users/marius/src/bitoreum/build-aux/missing'\'' aclocal-1.16'
AMDEPBACKSLASH='\'
AMDEP_FALSE='#'
AMDEP_TRUE=''
AMTAR='$${TAR-tar}'
AM_BACKSLASH='\'
AM_DEFAULT_V='$(AM_DEFAULT_VERBOSITY)'
AM_DEFAULT_VERBOSITY='0'
AM_V='$(V)'
AR='/usr/bin/ar'
ARFLAGS='cr'
AUTOCONF='${SHELL} '\''/Users/marius/src/bitoreum/build-aux/missing'\'' autoconf'
AUTOHEADER='${SHELL} '\''/Users/marius/src/bitoreum/build-aux/missing'\'' autoheader'
AUTOMAKE='${SHELL} '\''/Users/marius/src/bitoreum/build-aux/missing'\'' automake-1.16'
AVX2_CXXFLAGS='-mavx -mavx2'
AWK='awk'
BDB_CFLAGS=''
BDB_CPPFLAGS=''
BDB_LIBS=''
BITCOIN_CLI_NAME='bitoreum-cli'
BITCOIN_DAEMON_NAME='bitoreumd'
BITCOIN_GUI_NAME='bitoreum-qt'
BITCOIN_TX_NAME='bitoreum-tx'
BOOST_CHRONO_LIB=''
BOOST_CPPFLAGS=''
BOOST_FILESYSTEM_LIB=''
BOOST_LDFLAGS=''
BOOST_LIBS=''
BOOST_PROGRAM_OPTIONS_LIB=''
BOOST_SYSTEM_LIB=''
BOOST_THREAD_LIB=''
BOOST_UNIT_TEST_FRAMEWORK_LIB=''
BREW='brew'
BUILD_BITCOIND_FALSE=''
BUILD_BITCOIND_TRUE=''
BUILD_BITCOIN_LIBS_FALSE=''
BUILD_BITCOIN_LIBS_TRUE=''
BUILD_BITCOIN_UTILS_FALSE=''
BUILD_BITCOIN_UTILS_TRUE=''
BUILD_DARWIN_FALSE=''
BUILD_DARWIN_TRUE=''
CC='gcc'
CCACHE=''
CCDEPMODE='depmode=gcc3'
CFLAGS='-g -O2 -g1 -fno-omit-frame-pointer'
CLIENT_VERSION_BUILD=''
CLIENT_VERSION_IS_RELEASE=''
CLIENT_VERSION_MAJOR=''
CLIENT_VERSION_MINOR=''
CLIENT_VERSION_REVISION=''
COPYRIGHT_HOLDERS=''
COPYRIGHT_HOLDERS_FINAL=''
COPYRIGHT_HOLDERS_SUBSTITUTION=''
COPYRIGHT_YEAR=''
CPP='gcc -E'
CPPFILT='/usr/bin/c++filt'
CPPFLAGS=' -DHAVE_BUILD_INFO -D__STDC_FORMAT_MACROS -I/usr/local/opt/berkeley-db@4/include -DMAC_OSX -DOBJC_OLD_DISPATCH_PROTOTYPES=0'
CRASH_HOOKS_WRAPPED_CXX_ABI_FALSE=''
CRASH_HOOKS_WRAPPED_CXX_ABI_TRUE='#'
CRYPTO_CFLAGS=''
CRYPTO_LIBS=''
CSCOPE='cscope'
CTAGS='ctags'
CXX='g++ -std=c++14'
CXXCPP='g++ -std=c++14 -E'
CXXDEPMODE='depmode=gcc3'
CXXFLAGS='-g -O2 -g1 -fno-omit-frame-pointer -Wall -Wextra -Wformat -Wvla -Wformat-security -Wthread-safety-analysis -Wno-unused-parameter -Wno-self-assign -Wno-unused-local-typedef -Wno-deprecated-register -Wno-implicit-fallthrough'
CYGPATH_W='echo'
DEFS=''
DEPDIR='.deps'
DLLTOOL='false'
DOXYGEN=''
DSYMUTIL='/usr/bin/dsymutil'
DSYMUTIL_FLAT=''
DUMPBIN=''
ECHO_C='\c'
ECHO_N=''
ECHO_T=''
EGREP='/usr/bin/grep -E'
EMBEDDED_LEVELDB_FALSE='#'
EMBEDDED_LEVELDB_TRUE=''
EMBEDDED_UNIVALUE_FALSE=''
EMBEDDED_UNIVALUE_TRUE=''
ENABLE_AVX2_FALSE=''
ENABLE_AVX2_TRUE=''
ENABLE_BENCH_FALSE=''
ENABLE_BENCH_TRUE=''
ENABLE_CRASH_HOOKS_FALSE=''
ENABLE_CRASH_HOOKS_TRUE='#'
ENABLE_HWCRC32_FALSE=''
ENABLE_HWCRC32_TRUE=''
ENABLE_MAN_FALSE='#'
ENABLE_MAN_TRUE=''
ENABLE_MINER_FALSE='#'
ENABLE_MINER_TRUE=''
ENABLE_QT_FALSE=''
ENABLE_QT_TESTS_FALSE=''
ENABLE_QT_TESTS_TRUE=''
ENABLE_QT_TRUE=''
ENABLE_SHANI_FALSE=''
ENABLE_SHANI_TRUE=''
ENABLE_SSE41_FALSE=''
ENABLE_SSE41_TRUE=''
ENABLE_STACKTRACES_FALSE='#'
ENABLE_STACKTRACES_TRUE=''
ENABLE_TESTS_FALSE=''
ENABLE_TESTS_TRUE=''
ENABLE_WALLET_FALSE=''
ENABLE_WALLET_TRUE=''
ENABLE_ZMQ_FALSE=''
ENABLE_ZMQ_TRUE=''
ERROR_CXXFLAGS=''
ETAGS='etags'
EVENT_CFLAGS=''
EVENT_LIBS=''
EVENT_PTHREADS_CFLAGS=''
EVENT_PTHREADS_LIBS=''
EXEEXT=''
EXTENDED_FUNCTIONAL_TESTS=''
FGREP='/usr/bin/grep -F'
GCOV='/usr/bin/gcov'
GENHTML=''
GENISOIMAGE=''
GIT='/usr/local/bin/git'
GLIBC_BACK_COMPAT_FALSE=''
GLIBC_BACK_COMPAT_TRUE=''
GPROF_CXXFLAGS=''
GPROF_LDFLAGS=''
GREP='/usr/bin/grep'
HARDENED_CPPFLAGS=' -U_FORTIFY_SOURCE -D_FORTIFY_SOURCE=2'
HARDENED_CXXFLAGS=' -Wstack-protector -fstack-protector-all'
HARDENED_LDFLAGS=''
HARDEN_FALSE=''
HARDEN_TRUE=''
HAVE_CXX14='1'
HAVE_DOXYGEN_FALSE=''
HAVE_DOXYGEN_TRUE='#'
HEXDUMP='/usr/bin/hexdump'
IMAGEMAGICK_CONVERT=''
INSTALLNAMETOOL=''
INSTALL_DATA='${INSTALL} -m 644'
INSTALL_PROGRAM='${INSTALL}'
INSTALL_SCRIPT='${INSTALL}'
INSTALL_STRIP_PROGRAM='$(install_sh) -c -s'
LCOV=''
LCOV_OPTS=''
LD='/Library/Developer/CommandLineTools/usr/bin/ld'
LDFLAGS=' -Wl,-headerpad_max_install_names -Wl,-dead_strip'
LEVELDB_CPPFLAGS=''
LEVELDB_TARGET_FLAGS='-DOS_MACOSX'
LIBLEVELDB=''
LIBMEMENV=''
LIBOBJS=''
LIBS=' -L/usr/local/opt/berkeley-db@4/lib'
LIBTOOL='$(SHELL) $(top_builddir)/libtool'
LIBTOOL_APP_LDFLAGS=''
LIPO='lipo'
LN_S='ln -s'
LRELEASE=''
LTLIBOBJS=''
LT_SYS_LIBRARY_PATH=''
LUPDATE=''
MAINT=''
MAINTAINER_MODE_FALSE='#'
MAINTAINER_MODE_TRUE=''
MAKEINFO='${SHELL} '\''/Users/marius/src/bitoreum/build-aux/missing'\'' makeinfo'
MAKENSIS=''
MANIFEST_TOOL=':'
MINIUPNPC_CPPFLAGS=''
MINIUPNPC_LIBS=''
MKDIR_P='./build-aux/install-sh -c -d'
MOC=''
MOC_DEFS=''
NM='/usr/bin/nm -B'
NMEDIT='nmedit'
OBJCOPY=''
OBJCXX='g++ -std=c++14'
OBJCXXDEPMODE='depmode=gcc3'
OBJCXXFLAGS='-g -O2 -g1 -fno-omit-frame-pointer -Wall -Wextra -Wformat -Wvla -Wformat-security -Wthread-safety-analysis -Wno-unused-parameter -Wno-self-assign -Wno-unused-local-typedef -Wno-deprecated-register -Wno-implicit-fallthrough'
OBJDUMP='objdump'
OBJEXT='o'
OTOOL64=':'
OTOOL='otool'
PACKAGE='bitoreumcore'
PACKAGE_BUGREPORT='https://github.com/bugahost/bitoreum/issues'
PACKAGE_NAME='Bitoreum Core'
PACKAGE_STRING='Bitoreum Core 1.3.17'
PACKAGE_TARNAME='bitoreumcore'
PACKAGE_URL='https://bitoreum.org/'
PACKAGE_VERSION='1.3.17'
PATH_SEPARATOR=':'
PIC_FLAGS='-fPIC'
PIE_FLAGS=''
PKG_CONFIG='/usr/local/bin/pkg-config'
PKG_CONFIG_LIBDIR=''
PKG_CONFIG_PATH='/usr/local/opt/qt@5/lib/pkgconfig:/usr/local/opt/openssl@3/lib/pkgconfig:'
PORT=''
PROTOBUF_CFLAGS=''
PROTOBUF_LIBS=''
PROTOC=''
PTHREAD_CC='gcc'
PTHREAD_CFLAGS='-pthread'
PTHREAD_LIBS='-lpthread'
PYTHON='/usr/local/opt/python@3.7/bin/python3.7'
PYTHONPATH='/Users/marius/src/btm/depends/x86_64-apple-darwin20.5.0/share/../native/lib/python/dist-packages:'
QR_CFLAGS=''
QR_LIBS=''
QTACCESSIBILITY_CFLAGS=''
QTACCESSIBILITY_LIBS=''
QTCGL_CFLAGS=''
QTCGL_LIBS=''
QTCLIPBOARD_CFLAGS=''
QTCLIPBOARD_LIBS=''
QTDEVICEDISCOVERY_CFLAGS=''
QTDEVICEDISCOVERY_LIBS=''
QTEVENTDISPATCHER_CFLAGS=''
QTEVENTDISPATCHER_LIBS=''
QTFB_CFLAGS=''
QTFB_LIBS=''
QTFONTDATABASE_CFLAGS=''
QTFONTDATABASE_LIBS=''
QTGRAPHICS_CFLAGS=''
QTGRAPHICS_LIBS=''
QTTHEME_CFLAGS=''
QTTHEME_LIBS=''
QTXCBQPA_CFLAGS=''
QTXCBQPA_LIBS=''
QT_CORE_CFLAGS=''
QT_CORE_LIBS=''
QT_DBUS_CFLAGS=''
QT_DBUS_INCLUDES=''
QT_DBUS_LIBS=''
QT_GUI_CFLAGS=''
QT_GUI_LIBS=''
QT_INCLUDES=''
QT_LDFLAGS=''
QT_LIBS=''
QT_NETWORK_CFLAGS=''
QT_NETWORK_LIBS=''
QT_PIE_FLAGS=''
QT_SELECT=''
QT_TEST_CFLAGS=''
QT_TEST_INCLUDES=''
QT_TEST_LIBS=''
QT_TRANSLATION_DIR=''
QT_WIDGETS_CFLAGS=''
QT_WIDGETS_LIBS=''
RANLIB='/usr/bin/ranlib'
RCC=''
RCCFLAGS=''
READELF=''
RELDFLAGS=''
RSVG_CONVERT='/usr/local/bin/rsvg-convert'
SANITIZER_CXXFLAGS=''
SANITIZER_LDFLAGS=''
SED='/usr/bin/sed'
SET_MAKE=''
SHANI_CXXFLAGS='-msse4 -msha'
SHELL='/bin/sh'
SSE41_CXXFLAGS='-msse4.1'
SSE42_CXXFLAGS='-msse4.2'
SSL_CFLAGS=''
SSL_LIBS=''
STRIP='/usr/bin/strip'
TARGET_DARWIN_FALSE=''
TARGET_DARWIN_TRUE=''
TARGET_WINDOWS_FALSE=''
TARGET_WINDOWS_TRUE=''
TESTDEFS=''
TIFFCP=''
UIC=''
UNIVALUE_CFLAGS=''
UNIVALUE_LIBS=''
USE_ASM_FALSE=''
USE_ASM_TRUE=''
USE_LCOV_FALSE=''
USE_LCOV_TRUE=''
USE_QRCODE=''
USE_QRCODE_FALSE=''
USE_QRCODE_TRUE=''
USE_UPNP=''
VERSION='1.3.17'
WINDOWS_BITS=''
WINDRES=''
XGETTEXT='/usr/local/bin/xgettext'
ZMQ_CFLAGS=''
ZMQ_LIBS=''
ac_ct_AR='ar'
ac_ct_CC='gcc'
ac_ct_CXX='g++'
ac_ct_DUMPBIN=''
ac_ct_OBJCXX=''
am__EXEEXT_FALSE=''
am__EXEEXT_TRUE=''
am__fastdepCC_FALSE='#'
am__fastdepCC_TRUE=''
am__fastdepCXX_FALSE='#'
am__fastdepCXX_TRUE=''
am__fastdepOBJCXX_FALSE='#'
am__fastdepOBJCXX_TRUE=''
am__include='include'
am__isrc=''
am__leading_dot='.'
am__nodep='_no'
am__quote=''
am__tar='$${TAR-tar} chof - "$$tardir"'
am__untar='$${TAR-tar} xf -'
ax_pthread_config=''
bindir='${exec_prefix}/bin'
build='x86_64-apple-darwin20.5.0'
build_alias=''
build_cpu='x86_64'
build_os='darwin20.5.0'
build_vendor='apple'
datadir='${datarootdir}'
datarootdir='${prefix}/share'
docdir='${datarootdir}/doc/${PACKAGE_TARNAME}'
dvidir='${docdir}'
exec_prefix='NONE'
host='x86_64-apple-darwin20.5.0'
host_alias=''
host_cpu='x86_64'
host_os='darwin20.5.0'
host_vendor='apple'
htmldir='${docdir}'
includedir='${prefix}/include'
infodir='${datarootdir}/info'
install_sh='${SHELL} /Users/marius/src/bitoreum/build-aux/install-sh'
libdir='${exec_prefix}/lib'
libexecdir='${exec_prefix}/libexec'
localedir='${datarootdir}/locale'
localstatedir='${prefix}/var'
mandir='${datarootdir}/man'
mkdir_p='$(MKDIR_P)'
oldincludedir='/usr/include'
pdfdir='${docdir}'
prefix='/Users/marius/src/btm/depends/x86_64-apple-darwin20.5.0'
program_transform_name='s,x,x,'
psdir='${docdir}'
runstatedir='${localstatedir}/run'
sbindir='${exec_prefix}/sbin'
sharedstatedir='${prefix}/com'
subdirs=''
sysconfdir='${prefix}/etc'
target_alias=''

## ----------- ##
## confdefs.h. ##
## ----------- ##

/* confdefs.h */
#define PACKAGE_NAME "Bitoreum Core"
#define PACKAGE_TARNAME "bitoreumcore"
#define PACKAGE_VERSION "1.3.17"
#define PACKAGE_STRING "Bitoreum Core 1.3.17"
#define PACKAGE_BUGREPORT "https://github.com/bugahost/bitoreum/issues"
#define PACKAGE_URL "https://bitoreum.org/"
#define HAVE_CXX14 1
#define HAVE_STDIO_H 1
#define HAVE_STDLIB_H 1
#define HAVE_STRING_H 1
#define HAVE_INTTYPES_H 1
#define HAVE_STDINT_H 1
#define HAVE_STRINGS_H 1
#define HAVE_SYS_STAT_H 1
#define HAVE_SYS_TYPES_H 1
#define HAVE_UNISTD_H 1
#define STDC_HEADERS 1
#define HAVE_DLFCN_H 1
#define LT_OBJDIR ".libs/"
#define USE_ASM 1
#define ENABLE_MINER 1
#define HAVE_EXECINFO_H 1
#define ENABLE_STACKTRACES 1
#define ENABLE_SSE41 1
#define ENABLE_AVX2 1
#define ENABLE_SHANI 1
#define HAVE_PTHREAD_PRIO_INHERIT 1
#define HAVE_PTHREAD 1
#define HAVE_DECL_STRERROR_R 1
#define HAVE_STRERROR_R 1
#define HAVE_STDIO_H 1
#define HAVE_STDLIB_H 1
#define HAVE_UNISTD_H 1
#define HAVE_STRINGS_H 1
#define HAVE_SYS_TYPES_H 1
#define HAVE_SYS_STAT_H 1
#define HAVE_SYS_SELECT_H 1
#define HAVE_DECL_STRNLEN 1
#define HAVE_DECL_DAEMON 1
#define HAVE_DECL_LE16TOH 0
#define HAVE_DECL_LE32TOH 0
#define HAVE_DECL_LE64TOH 0
#define HAVE_DECL_HTOLE16 0
#define HAVE_DECL_HTOLE32 0
#define HAVE_DECL_HTOLE64 0
#define HAVE_DECL_BE16TOH 0
#define HAVE_DECL_BE32TOH 0
#define HAVE_DECL_BE64TOH 0
#define HAVE_DECL_HTOBE16 0
#define HAVE_DECL_HTOBE32 0
#define HAVE_DECL_HTOBE64 0
#define HAVE_DECL_BSWAP_16 0
#define HAVE_DECL_BSWAP_32 0
#define HAVE_DECL_BSWAP_64 0
#define HAVE_DECL___BUILTIN_CLZ 0
#define HAVE_DECL___BUILTIN_CLZL 0
#define HAVE_DECL___BUILTIN_CLZLL 0
#define HAVE_VISIBILITY_ATTRIBUTE 1
#define HAVE_THREAD_LOCAL 1
#define HAVE_GETENTROPY_RAND 1

configure: exit 1
